ARM GAS  C:\Users\28212\AppData\Local\Temp\ccscWVqa.s 			page 1


   1              		.cpu cortex-m7
   2              		.arch armv7e-m
   3              		.fpu fpv5-d16
   4              		.eabi_attribute 28, 1
   5              		.eabi_attribute 20, 1
   6              		.eabi_attribute 21, 1
   7              		.eabi_attribute 23, 3
   8              		.eabi_attribute 24, 1
   9              		.eabi_attribute 25, 1
  10              		.eabi_attribute 26, 1
  11              		.eabi_attribute 30, 1
  12              		.eabi_attribute 34, 1
  13              		.eabi_attribute 18, 4
  14              		.file	"dma.c"
  15              		.text
  16              	.Ltext0:
  17              		.cfi_sections	.debug_frame
  18              		.section	.text.MX_DMA_Init,"ax",%progbits
  19              		.align	1
  20              		.global	MX_DMA_Init
  21              		.syntax unified
  22              		.thumb
  23              		.thumb_func
  25              	MX_DMA_Init:
  26              	.LFB144:
  27              		.file 1 "Core/Src/dma.c"
   1:Core/Src/dma.c **** /* USER CODE BEGIN Header */
   2:Core/Src/dma.c **** /**
   3:Core/Src/dma.c ****   ******************************************************************************
   4:Core/Src/dma.c ****   * @file    dma.c
   5:Core/Src/dma.c ****   * @brief   This file provides code for the configuration
   6:Core/Src/dma.c ****   *          of all the requested memory to memory DMA transfers.
   7:Core/Src/dma.c ****   ******************************************************************************
   8:Core/Src/dma.c ****   * @attention
   9:Core/Src/dma.c ****   *
  10:Core/Src/dma.c ****   * Copyright (c) 2024 STMicroelectronics.
  11:Core/Src/dma.c ****   * All rights reserved.
  12:Core/Src/dma.c ****   *
  13:Core/Src/dma.c ****   * This software is licensed under terms that can be found in the LICENSE file
  14:Core/Src/dma.c ****   * in the root directory of this software component.
  15:Core/Src/dma.c ****   * If no LICENSE file comes with this software, it is provided AS-IS.
  16:Core/Src/dma.c ****   *
  17:Core/Src/dma.c ****   ******************************************************************************
  18:Core/Src/dma.c ****   */
  19:Core/Src/dma.c **** /* USER CODE END Header */
  20:Core/Src/dma.c **** 
  21:Core/Src/dma.c **** /* Includes ------------------------------------------------------------------*/
  22:Core/Src/dma.c **** #include "dma.h"
  23:Core/Src/dma.c **** 
  24:Core/Src/dma.c **** /* USER CODE BEGIN 0 */
  25:Core/Src/dma.c **** 
  26:Core/Src/dma.c **** /* USER CODE END 0 */
  27:Core/Src/dma.c **** 
  28:Core/Src/dma.c **** /*----------------------------------------------------------------------------*/
  29:Core/Src/dma.c **** /* Configure DMA                                                              */
  30:Core/Src/dma.c **** /*----------------------------------------------------------------------------*/
  31:Core/Src/dma.c **** 
ARM GAS  C:\Users\28212\AppData\Local\Temp\ccscWVqa.s 			page 2


  32:Core/Src/dma.c **** /* USER CODE BEGIN 1 */
  33:Core/Src/dma.c **** 
  34:Core/Src/dma.c **** /* USER CODE END 1 */
  35:Core/Src/dma.c **** 
  36:Core/Src/dma.c **** /**
  37:Core/Src/dma.c ****   * Enable DMA controller clock
  38:Core/Src/dma.c ****   */
  39:Core/Src/dma.c **** void MX_DMA_Init(void)
  40:Core/Src/dma.c **** {
  28              		.loc 1 40 1 view -0
  29              		.cfi_startproc
  30              		@ args = 0, pretend = 0, frame = 8
  31              		@ frame_needed = 0, uses_anonymous_args = 0
  32 0000 00B5     		push	{lr}
  33              		.cfi_def_cfa_offset 4
  34              		.cfi_offset 14, -4
  35 0002 83B0     		sub	sp, sp, #12
  36              		.cfi_def_cfa_offset 16
  41:Core/Src/dma.c **** 
  42:Core/Src/dma.c ****   /* DMA controller clock enable */
  43:Core/Src/dma.c ****   __HAL_RCC_DMA1_CLK_ENABLE();
  37              		.loc 1 43 3 view .LVU1
  38              	.LBB2:
  39              		.loc 1 43 3 view .LVU2
  40              		.loc 1 43 3 view .LVU3
  41 0004 134B     		ldr	r3, .L3
  42 0006 D3F8D820 		ldr	r2, [r3, #216]
  43 000a 42F00102 		orr	r2, r2, #1
  44 000e C3F8D820 		str	r2, [r3, #216]
  45              		.loc 1 43 3 view .LVU4
  46 0012 D3F8D830 		ldr	r3, [r3, #216]
  47 0016 03F00103 		and	r3, r3, #1
  48 001a 0193     		str	r3, [sp, #4]
  49              		.loc 1 43 3 view .LVU5
  50 001c 019B     		ldr	r3, [sp, #4]
  51              	.LBE2:
  52              		.loc 1 43 3 view .LVU6
  44:Core/Src/dma.c **** 
  45:Core/Src/dma.c ****   /* DMA interrupt init */
  46:Core/Src/dma.c ****   /* DMA1_Stream0_IRQn interrupt configuration */
  47:Core/Src/dma.c ****   HAL_NVIC_SetPriority(DMA1_Stream0_IRQn, 5, 0);
  53              		.loc 1 47 3 view .LVU7
  54 001e 0022     		movs	r2, #0
  55 0020 0521     		movs	r1, #5
  56 0022 0B20     		movs	r0, #11
  57 0024 FFF7FEFF 		bl	HAL_NVIC_SetPriority
  58              	.LVL0:
  48:Core/Src/dma.c ****   HAL_NVIC_EnableIRQ(DMA1_Stream0_IRQn);
  59              		.loc 1 48 3 view .LVU8
  60 0028 0B20     		movs	r0, #11
  61 002a FFF7FEFF 		bl	HAL_NVIC_EnableIRQ
  62              	.LVL1:
  49:Core/Src/dma.c ****   /* DMA1_Stream1_IRQn interrupt configuration */
  50:Core/Src/dma.c ****   HAL_NVIC_SetPriority(DMA1_Stream1_IRQn, 5, 0);
  63              		.loc 1 50 3 view .LVU9
  64 002e 0022     		movs	r2, #0
  65 0030 0521     		movs	r1, #5
ARM GAS  C:\Users\28212\AppData\Local\Temp\ccscWVqa.s 			page 3


  66 0032 0C20     		movs	r0, #12
  67 0034 FFF7FEFF 		bl	HAL_NVIC_SetPriority
  68              	.LVL2:
  51:Core/Src/dma.c ****   HAL_NVIC_EnableIRQ(DMA1_Stream1_IRQn);
  69              		.loc 1 51 3 view .LVU10
  70 0038 0C20     		movs	r0, #12
  71 003a FFF7FEFF 		bl	HAL_NVIC_EnableIRQ
  72              	.LVL3:
  52:Core/Src/dma.c ****   /* DMA1_Stream2_IRQn interrupt configuration */
  53:Core/Src/dma.c ****   HAL_NVIC_SetPriority(DMA1_Stream2_IRQn, 5, 0);
  73              		.loc 1 53 3 view .LVU11
  74 003e 0022     		movs	r2, #0
  75 0040 0521     		movs	r1, #5
  76 0042 0D20     		movs	r0, #13
  77 0044 FFF7FEFF 		bl	HAL_NVIC_SetPriority
  78              	.LVL4:
  54:Core/Src/dma.c ****   HAL_NVIC_EnableIRQ(DMA1_Stream2_IRQn);
  79              		.loc 1 54 3 view .LVU12
  80 0048 0D20     		movs	r0, #13
  81 004a FFF7FEFF 		bl	HAL_NVIC_EnableIRQ
  82              	.LVL5:
  55:Core/Src/dma.c **** 
  56:Core/Src/dma.c **** }
  83              		.loc 1 56 1 is_stmt 0 view .LVU13
  84 004e 03B0     		add	sp, sp, #12
  85              		.cfi_def_cfa_offset 4
  86              		@ sp needed
  87 0050 5DF804FB 		ldr	pc, [sp], #4
  88              	.L4:
  89              		.align	2
  90              	.L3:
  91 0054 00440258 		.word	1476543488
  92              		.cfi_endproc
  93              	.LFE144:
  95              		.text
  96              	.Letext0:
  97              		.file 2 "d:\\gcc-arm-none-eabi-10.3-2021.10\\arm-none-eabi\\include\\machine\\_default_types.h"
  98              		.file 3 "d:\\gcc-arm-none-eabi-10.3-2021.10\\arm-none-eabi\\include\\sys\\_stdint.h"
  99              		.file 4 "Drivers/CMSIS/Device/ST/STM32H7xx/Include/stm32h723xx.h"
 100              		.file 5 "Drivers/STM32H7xx_HAL_Driver/Inc/stm32h7xx_hal_cortex.h"
ARM GAS  C:\Users\28212\AppData\Local\Temp\ccscWVqa.s 			page 4


DEFINED SYMBOLS
                            *ABS*:00000000 dma.c
C:\Users\28212\AppData\Local\Temp\ccscWVqa.s:19     .text.MX_DMA_Init:00000000 $t
C:\Users\28212\AppData\Local\Temp\ccscWVqa.s:25     .text.MX_DMA_Init:00000000 MX_DMA_Init
C:\Users\28212\AppData\Local\Temp\ccscWVqa.s:91     .text.MX_DMA_Init:00000054 $d

UNDEFINED SYMBOLS
HAL_NVIC_SetPriority
HAL_NVIC_EnableIRQ
