ARM GAS  C:\Users\28212\AppData\Local\Temp\cc2A3B59.s 			page 1


   1              		.cpu cortex-m7
   2              		.arch armv7e-m
   3              		.fpu fpv5-d16
   4              		.eabi_attribute 28, 1
   5              		.eabi_attribute 20, 1
   6              		.eabi_attribute 21, 1
   7              		.eabi_attribute 23, 3
   8              		.eabi_attribute 24, 1
   9              		.eabi_attribute 25, 1
  10              		.eabi_attribute 26, 1
  11              		.eabi_attribute 30, 1
  12              		.eabi_attribute 34, 1
  13              		.eabi_attribute 18, 4
  14              		.file	"fdcan.c"
  15              		.text
  16              	.Ltext0:
  17              		.cfi_sections	.debug_frame
  18              		.section	.text.MX_FDCAN1_Init,"ax",%progbits
  19              		.align	1
  20              		.global	MX_FDCAN1_Init
  21              		.syntax unified
  22              		.thumb
  23              		.thumb_func
  25              	MX_FDCAN1_Init:
  26              	.LFB144:
  27              		.file 1 "Core/Src/fdcan.c"
   1:Core/Src/fdcan.c **** /* USER CODE BEGIN Header */
   2:Core/Src/fdcan.c **** /**
   3:Core/Src/fdcan.c ****   ******************************************************************************
   4:Core/Src/fdcan.c ****   * @file    fdcan.c
   5:Core/Src/fdcan.c ****   * @brief   This file provides code for the configuration
   6:Core/Src/fdcan.c ****   *          of the FDCAN instances.
   7:Core/Src/fdcan.c ****   ******************************************************************************
   8:Core/Src/fdcan.c ****   * @attention
   9:Core/Src/fdcan.c ****   *
  10:Core/Src/fdcan.c ****   * Copyright (c) 2024 STMicroelectronics.
  11:Core/Src/fdcan.c ****   * All rights reserved.
  12:Core/Src/fdcan.c ****   *
  13:Core/Src/fdcan.c ****   * This software is licensed under terms that can be found in the LICENSE file
  14:Core/Src/fdcan.c ****   * in the root directory of this software component.
  15:Core/Src/fdcan.c ****   * If no LICENSE file comes with this software, it is provided AS-IS.
  16:Core/Src/fdcan.c ****   *
  17:Core/Src/fdcan.c ****   ******************************************************************************
  18:Core/Src/fdcan.c ****   */
  19:Core/Src/fdcan.c **** /* USER CODE END Header */
  20:Core/Src/fdcan.c **** /* Includes ------------------------------------------------------------------*/
  21:Core/Src/fdcan.c **** #include "fdcan.h"
  22:Core/Src/fdcan.c **** 
  23:Core/Src/fdcan.c **** /* USER CODE BEGIN 0 */
  24:Core/Src/fdcan.c **** 
  25:Core/Src/fdcan.c **** /* USER CODE END 0 */
  26:Core/Src/fdcan.c **** 
  27:Core/Src/fdcan.c **** FDCAN_HandleTypeDef hfdcan1;
  28:Core/Src/fdcan.c **** FDCAN_HandleTypeDef hfdcan2;
  29:Core/Src/fdcan.c **** FDCAN_HandleTypeDef hfdcan3;
  30:Core/Src/fdcan.c **** 
  31:Core/Src/fdcan.c **** /* FDCAN1 init function */
ARM GAS  C:\Users\28212\AppData\Local\Temp\cc2A3B59.s 			page 2


  32:Core/Src/fdcan.c **** void MX_FDCAN1_Init(void)
  33:Core/Src/fdcan.c **** {
  28              		.loc 1 33 1 view -0
  29              		.cfi_startproc
  30              		@ args = 0, pretend = 0, frame = 0
  31              		@ frame_needed = 0, uses_anonymous_args = 0
  32 0000 10B5     		push	{r4, lr}
  33              		.cfi_def_cfa_offset 8
  34              		.cfi_offset 4, -8
  35              		.cfi_offset 14, -4
  34:Core/Src/fdcan.c **** 
  35:Core/Src/fdcan.c ****   /* USER CODE BEGIN FDCAN1_Init 0 */
  36:Core/Src/fdcan.c **** 
  37:Core/Src/fdcan.c ****   /* USER CODE END FDCAN1_Init 0 */
  38:Core/Src/fdcan.c **** 
  39:Core/Src/fdcan.c ****   /* USER CODE BEGIN FDCAN1_Init 1 */
  40:Core/Src/fdcan.c **** 
  41:Core/Src/fdcan.c ****   /* USER CODE END FDCAN1_Init 1 */
  42:Core/Src/fdcan.c ****   hfdcan1.Instance = FDCAN1;
  36              		.loc 1 42 3 view .LVU1
  37              		.loc 1 42 20 is_stmt 0 view .LVU2
  38 0002 1748     		ldr	r0, .L5
  39 0004 174B     		ldr	r3, .L5+4
  40 0006 0360     		str	r3, [r0]
  43:Core/Src/fdcan.c ****   hfdcan1.Init.FrameFormat = FDCAN_FRAME_CLASSIC;
  41              		.loc 1 43 3 is_stmt 1 view .LVU3
  42              		.loc 1 43 28 is_stmt 0 view .LVU4
  43 0008 0023     		movs	r3, #0
  44 000a 8360     		str	r3, [r0, #8]
  44:Core/Src/fdcan.c ****   hfdcan1.Init.Mode = FDCAN_MODE_NORMAL;
  45              		.loc 1 44 3 is_stmt 1 view .LVU5
  46              		.loc 1 44 21 is_stmt 0 view .LVU6
  47 000c C360     		str	r3, [r0, #12]
  45:Core/Src/fdcan.c ****   hfdcan1.Init.AutoRetransmission = DISABLE;
  48              		.loc 1 45 3 is_stmt 1 view .LVU7
  49              		.loc 1 45 35 is_stmt 0 view .LVU8
  50 000e 0374     		strb	r3, [r0, #16]
  46:Core/Src/fdcan.c ****   hfdcan1.Init.TransmitPause = DISABLE;
  51              		.loc 1 46 3 is_stmt 1 view .LVU9
  52              		.loc 1 46 30 is_stmt 0 view .LVU10
  53 0010 4374     		strb	r3, [r0, #17]
  47:Core/Src/fdcan.c ****   hfdcan1.Init.ProtocolException = DISABLE;
  54              		.loc 1 47 3 is_stmt 1 view .LVU11
  55              		.loc 1 47 34 is_stmt 0 view .LVU12
  56 0012 8374     		strb	r3, [r0, #18]
  48:Core/Src/fdcan.c ****   hfdcan1.Init.NominalPrescaler = 1;
  57              		.loc 1 48 3 is_stmt 1 view .LVU13
  58              		.loc 1 48 33 is_stmt 0 view .LVU14
  59 0014 0122     		movs	r2, #1
  60 0016 4261     		str	r2, [r0, #20]
  49:Core/Src/fdcan.c ****   hfdcan1.Init.NominalSyncJumpWidth = 8;
  61              		.loc 1 49 3 is_stmt 1 view .LVU15
  62              		.loc 1 49 37 is_stmt 0 view .LVU16
  63 0018 0821     		movs	r1, #8
  64 001a 8161     		str	r1, [r0, #24]
  50:Core/Src/fdcan.c ****   hfdcan1.Init.NominalTimeSeg1 = 40;
  65              		.loc 1 50 3 is_stmt 1 view .LVU17
ARM GAS  C:\Users\28212\AppData\Local\Temp\cc2A3B59.s 			page 3


  66              		.loc 1 50 32 is_stmt 0 view .LVU18
  67 001c 2821     		movs	r1, #40
  68 001e C161     		str	r1, [r0, #28]
  51:Core/Src/fdcan.c ****   hfdcan1.Init.NominalTimeSeg2 = 43;
  69              		.loc 1 51 3 is_stmt 1 view .LVU19
  70              		.loc 1 51 32 is_stmt 0 view .LVU20
  71 0020 2B21     		movs	r1, #43
  72 0022 0162     		str	r1, [r0, #32]
  52:Core/Src/fdcan.c ****   hfdcan1.Init.DataPrescaler = 1;
  73              		.loc 1 52 3 is_stmt 1 view .LVU21
  74              		.loc 1 52 30 is_stmt 0 view .LVU22
  75 0024 4262     		str	r2, [r0, #36]
  53:Core/Src/fdcan.c ****   hfdcan1.Init.DataSyncJumpWidth = 10;
  76              		.loc 1 53 3 is_stmt 1 view .LVU23
  77              		.loc 1 53 34 is_stmt 0 view .LVU24
  78 0026 0A21     		movs	r1, #10
  79 0028 8162     		str	r1, [r0, #40]
  54:Core/Src/fdcan.c ****   hfdcan1.Init.DataTimeSeg1 = 29;
  80              		.loc 1 54 3 is_stmt 1 view .LVU25
  81              		.loc 1 54 29 is_stmt 0 view .LVU26
  82 002a 1D24     		movs	r4, #29
  83 002c C462     		str	r4, [r0, #44]
  55:Core/Src/fdcan.c ****   hfdcan1.Init.DataTimeSeg2 = 10;
  84              		.loc 1 55 3 is_stmt 1 view .LVU27
  85              		.loc 1 55 29 is_stmt 0 view .LVU28
  86 002e 0163     		str	r1, [r0, #48]
  56:Core/Src/fdcan.c ****   hfdcan1.Init.MessageRAMOffset = 0;
  87              		.loc 1 56 3 is_stmt 1 view .LVU29
  88              		.loc 1 56 33 is_stmt 0 view .LVU30
  89 0030 4363     		str	r3, [r0, #52]
  57:Core/Src/fdcan.c ****   hfdcan1.Init.StdFiltersNbr = 1;
  90              		.loc 1 57 3 is_stmt 1 view .LVU31
  91              		.loc 1 57 30 is_stmt 0 view .LVU32
  92 0032 8263     		str	r2, [r0, #56]
  58:Core/Src/fdcan.c ****   hfdcan1.Init.ExtFiltersNbr = 1;
  93              		.loc 1 58 3 is_stmt 1 view .LVU33
  94              		.loc 1 58 30 is_stmt 0 view .LVU34
  95 0034 C263     		str	r2, [r0, #60]
  59:Core/Src/fdcan.c ****   hfdcan1.Init.RxFifo0ElmtsNbr = 32;
  96              		.loc 1 59 3 is_stmt 1 view .LVU35
  97              		.loc 1 59 32 is_stmt 0 view .LVU36
  98 0036 2021     		movs	r1, #32
  99 0038 0164     		str	r1, [r0, #64]
  60:Core/Src/fdcan.c ****   hfdcan1.Init.RxFifo0ElmtSize = FDCAN_DATA_BYTES_8;
 100              		.loc 1 60 3 is_stmt 1 view .LVU37
 101              		.loc 1 60 32 is_stmt 0 view .LVU38
 102 003a 0422     		movs	r2, #4
 103 003c 4264     		str	r2, [r0, #68]
  61:Core/Src/fdcan.c ****   hfdcan1.Init.RxFifo1ElmtsNbr = 0;
 104              		.loc 1 61 3 is_stmt 1 view .LVU39
 105              		.loc 1 61 32 is_stmt 0 view .LVU40
 106 003e 8364     		str	r3, [r0, #72]
  62:Core/Src/fdcan.c ****   hfdcan1.Init.RxFifo1ElmtSize = FDCAN_DATA_BYTES_8;
 107              		.loc 1 62 3 is_stmt 1 view .LVU41
 108              		.loc 1 62 32 is_stmt 0 view .LVU42
 109 0040 C264     		str	r2, [r0, #76]
  63:Core/Src/fdcan.c ****   hfdcan1.Init.RxBuffersNbr = 0;
ARM GAS  C:\Users\28212\AppData\Local\Temp\cc2A3B59.s 			page 4


 110              		.loc 1 63 3 is_stmt 1 view .LVU43
 111              		.loc 1 63 29 is_stmt 0 view .LVU44
 112 0042 0365     		str	r3, [r0, #80]
  64:Core/Src/fdcan.c ****   hfdcan1.Init.RxBufferSize = FDCAN_DATA_BYTES_8;
 113              		.loc 1 64 3 is_stmt 1 view .LVU45
 114              		.loc 1 64 29 is_stmt 0 view .LVU46
 115 0044 4265     		str	r2, [r0, #84]
  65:Core/Src/fdcan.c ****   hfdcan1.Init.TxEventsNbr = 0;
 116              		.loc 1 65 3 is_stmt 1 view .LVU47
 117              		.loc 1 65 28 is_stmt 0 view .LVU48
 118 0046 8365     		str	r3, [r0, #88]
  66:Core/Src/fdcan.c ****   hfdcan1.Init.TxBuffersNbr = 0;
 119              		.loc 1 66 3 is_stmt 1 view .LVU49
 120              		.loc 1 66 29 is_stmt 0 view .LVU50
 121 0048 C365     		str	r3, [r0, #92]
  67:Core/Src/fdcan.c ****   hfdcan1.Init.TxFifoQueueElmtsNbr = 32;
 122              		.loc 1 67 3 is_stmt 1 view .LVU51
 123              		.loc 1 67 36 is_stmt 0 view .LVU52
 124 004a 0166     		str	r1, [r0, #96]
  68:Core/Src/fdcan.c ****   hfdcan1.Init.TxFifoQueueMode = FDCAN_TX_FIFO_OPERATION;
 125              		.loc 1 68 3 is_stmt 1 view .LVU53
 126              		.loc 1 68 32 is_stmt 0 view .LVU54
 127 004c 4366     		str	r3, [r0, #100]
  69:Core/Src/fdcan.c ****   hfdcan1.Init.TxElmtSize = FDCAN_DATA_BYTES_8;
 128              		.loc 1 69 3 is_stmt 1 view .LVU55
 129              		.loc 1 69 27 is_stmt 0 view .LVU56
 130 004e 8266     		str	r2, [r0, #104]
  70:Core/Src/fdcan.c ****   if (HAL_FDCAN_Init(&hfdcan1) != HAL_OK)
 131              		.loc 1 70 3 is_stmt 1 view .LVU57
 132              		.loc 1 70 7 is_stmt 0 view .LVU58
 133 0050 FFF7FEFF 		bl	HAL_FDCAN_Init
 134              	.LVL0:
 135              		.loc 1 70 6 view .LVU59
 136 0054 00B9     		cbnz	r0, .L4
 137              	.L1:
  71:Core/Src/fdcan.c ****   {
  72:Core/Src/fdcan.c ****     Error_Handler();
  73:Core/Src/fdcan.c ****   }
  74:Core/Src/fdcan.c ****   /* USER CODE BEGIN FDCAN1_Init 2 */
  75:Core/Src/fdcan.c **** 
  76:Core/Src/fdcan.c ****   /* USER CODE END FDCAN1_Init 2 */
  77:Core/Src/fdcan.c **** 
  78:Core/Src/fdcan.c **** }
 138              		.loc 1 78 1 view .LVU60
 139 0056 10BD     		pop	{r4, pc}
 140              	.L4:
  72:Core/Src/fdcan.c ****   }
 141              		.loc 1 72 5 is_stmt 1 view .LVU61
 142 0058 FFF7FEFF 		bl	Error_Handler
 143              	.LVL1:
 144              		.loc 1 78 1 is_stmt 0 view .LVU62
 145 005c FBE7     		b	.L1
 146              	.L6:
 147 005e 00BF     		.align	2
 148              	.L5:
 149 0060 00000000 		.word	.LANCHOR0
 150 0064 00A00040 		.word	1073782784
ARM GAS  C:\Users\28212\AppData\Local\Temp\cc2A3B59.s 			page 5


 151              		.cfi_endproc
 152              	.LFE144:
 154              		.section	.text.MX_FDCAN2_Init,"ax",%progbits
 155              		.align	1
 156              		.global	MX_FDCAN2_Init
 157              		.syntax unified
 158              		.thumb
 159              		.thumb_func
 161              	MX_FDCAN2_Init:
 162              	.LFB145:
  79:Core/Src/fdcan.c **** /* FDCAN2 init function */
  80:Core/Src/fdcan.c **** void MX_FDCAN2_Init(void)
  81:Core/Src/fdcan.c **** {
 163              		.loc 1 81 1 is_stmt 1 view -0
 164              		.cfi_startproc
 165              		@ args = 0, pretend = 0, frame = 0
 166              		@ frame_needed = 0, uses_anonymous_args = 0
 167 0000 10B5     		push	{r4, lr}
 168              		.cfi_def_cfa_offset 8
 169              		.cfi_offset 4, -8
 170              		.cfi_offset 14, -4
  82:Core/Src/fdcan.c **** 
  83:Core/Src/fdcan.c ****   /* USER CODE BEGIN FDCAN2_Init 0 */
  84:Core/Src/fdcan.c **** 
  85:Core/Src/fdcan.c ****   /* USER CODE END FDCAN2_Init 0 */
  86:Core/Src/fdcan.c **** 
  87:Core/Src/fdcan.c ****   /* USER CODE BEGIN FDCAN2_Init 1 */
  88:Core/Src/fdcan.c **** 
  89:Core/Src/fdcan.c ****   /* USER CODE END FDCAN2_Init 1 */
  90:Core/Src/fdcan.c ****   hfdcan2.Instance = FDCAN2;
 171              		.loc 1 90 3 view .LVU64
 172              		.loc 1 90 20 is_stmt 0 view .LVU65
 173 0002 1748     		ldr	r0, .L11
 174 0004 174B     		ldr	r3, .L11+4
 175 0006 0360     		str	r3, [r0]
  91:Core/Src/fdcan.c ****   hfdcan2.Init.FrameFormat = FDCAN_FRAME_CLASSIC;
 176              		.loc 1 91 3 is_stmt 1 view .LVU66
 177              		.loc 1 91 28 is_stmt 0 view .LVU67
 178 0008 0023     		movs	r3, #0
 179 000a 8360     		str	r3, [r0, #8]
  92:Core/Src/fdcan.c ****   hfdcan2.Init.Mode = FDCAN_MODE_NORMAL;
 180              		.loc 1 92 3 is_stmt 1 view .LVU68
 181              		.loc 1 92 21 is_stmt 0 view .LVU69
 182 000c C360     		str	r3, [r0, #12]
  93:Core/Src/fdcan.c ****   hfdcan2.Init.AutoRetransmission = DISABLE;
 183              		.loc 1 93 3 is_stmt 1 view .LVU70
 184              		.loc 1 93 35 is_stmt 0 view .LVU71
 185 000e 0374     		strb	r3, [r0, #16]
  94:Core/Src/fdcan.c ****   hfdcan2.Init.TransmitPause = DISABLE;
 186              		.loc 1 94 3 is_stmt 1 view .LVU72
 187              		.loc 1 94 30 is_stmt 0 view .LVU73
 188 0010 4374     		strb	r3, [r0, #17]
  95:Core/Src/fdcan.c ****   hfdcan2.Init.ProtocolException = DISABLE;
 189              		.loc 1 95 3 is_stmt 1 view .LVU74
 190              		.loc 1 95 34 is_stmt 0 view .LVU75
 191 0012 8374     		strb	r3, [r0, #18]
  96:Core/Src/fdcan.c ****   hfdcan2.Init.NominalPrescaler = 1;
ARM GAS  C:\Users\28212\AppData\Local\Temp\cc2A3B59.s 			page 6


 192              		.loc 1 96 3 is_stmt 1 view .LVU76
 193              		.loc 1 96 33 is_stmt 0 view .LVU77
 194 0014 0122     		movs	r2, #1
 195 0016 4261     		str	r2, [r0, #20]
  97:Core/Src/fdcan.c ****   hfdcan2.Init.NominalSyncJumpWidth = 8;
 196              		.loc 1 97 3 is_stmt 1 view .LVU78
 197              		.loc 1 97 37 is_stmt 0 view .LVU79
 198 0018 0821     		movs	r1, #8
 199 001a 8161     		str	r1, [r0, #24]
  98:Core/Src/fdcan.c ****   hfdcan2.Init.NominalTimeSeg1 = 40;
 200              		.loc 1 98 3 is_stmt 1 view .LVU80
 201              		.loc 1 98 32 is_stmt 0 view .LVU81
 202 001c 2821     		movs	r1, #40
 203 001e C161     		str	r1, [r0, #28]
  99:Core/Src/fdcan.c ****   hfdcan2.Init.NominalTimeSeg2 = 43;
 204              		.loc 1 99 3 is_stmt 1 view .LVU82
 205              		.loc 1 99 32 is_stmt 0 view .LVU83
 206 0020 2B21     		movs	r1, #43
 207 0022 0162     		str	r1, [r0, #32]
 100:Core/Src/fdcan.c ****   hfdcan2.Init.DataPrescaler = 1;
 208              		.loc 1 100 3 is_stmt 1 view .LVU84
 209              		.loc 1 100 30 is_stmt 0 view .LVU85
 210 0024 4262     		str	r2, [r0, #36]
 101:Core/Src/fdcan.c ****   hfdcan2.Init.DataSyncJumpWidth = 10;
 211              		.loc 1 101 3 is_stmt 1 view .LVU86
 212              		.loc 1 101 34 is_stmt 0 view .LVU87
 213 0026 0A21     		movs	r1, #10
 214 0028 8162     		str	r1, [r0, #40]
 102:Core/Src/fdcan.c ****   hfdcan2.Init.DataTimeSeg1 = 29;
 215              		.loc 1 102 3 is_stmt 1 view .LVU88
 216              		.loc 1 102 29 is_stmt 0 view .LVU89
 217 002a 1D24     		movs	r4, #29
 218 002c C462     		str	r4, [r0, #44]
 103:Core/Src/fdcan.c ****   hfdcan2.Init.DataTimeSeg2 = 10;
 219              		.loc 1 103 3 is_stmt 1 view .LVU90
 220              		.loc 1 103 29 is_stmt 0 view .LVU91
 221 002e 0163     		str	r1, [r0, #48]
 104:Core/Src/fdcan.c ****   hfdcan2.Init.MessageRAMOffset = 0;
 222              		.loc 1 104 3 is_stmt 1 view .LVU92
 223              		.loc 1 104 33 is_stmt 0 view .LVU93
 224 0030 4363     		str	r3, [r0, #52]
 105:Core/Src/fdcan.c ****   hfdcan2.Init.StdFiltersNbr = 1;
 225              		.loc 1 105 3 is_stmt 1 view .LVU94
 226              		.loc 1 105 30 is_stmt 0 view .LVU95
 227 0032 8263     		str	r2, [r0, #56]
 106:Core/Src/fdcan.c ****   hfdcan2.Init.ExtFiltersNbr = 1;
 228              		.loc 1 106 3 is_stmt 1 view .LVU96
 229              		.loc 1 106 30 is_stmt 0 view .LVU97
 230 0034 C263     		str	r2, [r0, #60]
 107:Core/Src/fdcan.c ****   hfdcan2.Init.RxFifo0ElmtsNbr = 32;
 231              		.loc 1 107 3 is_stmt 1 view .LVU98
 232              		.loc 1 107 32 is_stmt 0 view .LVU99
 233 0036 2021     		movs	r1, #32
 234 0038 0164     		str	r1, [r0, #64]
 108:Core/Src/fdcan.c ****   hfdcan2.Init.RxFifo0ElmtSize = FDCAN_DATA_BYTES_8;
 235              		.loc 1 108 3 is_stmt 1 view .LVU100
 236              		.loc 1 108 32 is_stmt 0 view .LVU101
ARM GAS  C:\Users\28212\AppData\Local\Temp\cc2A3B59.s 			page 7


 237 003a 0422     		movs	r2, #4
 238 003c 4264     		str	r2, [r0, #68]
 109:Core/Src/fdcan.c ****   hfdcan2.Init.RxFifo1ElmtsNbr = 0;
 239              		.loc 1 109 3 is_stmt 1 view .LVU102
 240              		.loc 1 109 32 is_stmt 0 view .LVU103
 241 003e 8364     		str	r3, [r0, #72]
 110:Core/Src/fdcan.c ****   hfdcan2.Init.RxFifo1ElmtSize = FDCAN_DATA_BYTES_8;
 242              		.loc 1 110 3 is_stmt 1 view .LVU104
 243              		.loc 1 110 32 is_stmt 0 view .LVU105
 244 0040 C264     		str	r2, [r0, #76]
 111:Core/Src/fdcan.c ****   hfdcan2.Init.RxBuffersNbr = 0;
 245              		.loc 1 111 3 is_stmt 1 view .LVU106
 246              		.loc 1 111 29 is_stmt 0 view .LVU107
 247 0042 0365     		str	r3, [r0, #80]
 112:Core/Src/fdcan.c ****   hfdcan2.Init.RxBufferSize = FDCAN_DATA_BYTES_8;
 248              		.loc 1 112 3 is_stmt 1 view .LVU108
 249              		.loc 1 112 29 is_stmt 0 view .LVU109
 250 0044 4265     		str	r2, [r0, #84]
 113:Core/Src/fdcan.c ****   hfdcan2.Init.TxEventsNbr = 0;
 251              		.loc 1 113 3 is_stmt 1 view .LVU110
 252              		.loc 1 113 28 is_stmt 0 view .LVU111
 253 0046 8365     		str	r3, [r0, #88]
 114:Core/Src/fdcan.c ****   hfdcan2.Init.TxBuffersNbr = 0;
 254              		.loc 1 114 3 is_stmt 1 view .LVU112
 255              		.loc 1 114 29 is_stmt 0 view .LVU113
 256 0048 C365     		str	r3, [r0, #92]
 115:Core/Src/fdcan.c ****   hfdcan2.Init.TxFifoQueueElmtsNbr = 32;
 257              		.loc 1 115 3 is_stmt 1 view .LVU114
 258              		.loc 1 115 36 is_stmt 0 view .LVU115
 259 004a 0166     		str	r1, [r0, #96]
 116:Core/Src/fdcan.c ****   hfdcan2.Init.TxFifoQueueMode = FDCAN_TX_FIFO_OPERATION;
 260              		.loc 1 116 3 is_stmt 1 view .LVU116
 261              		.loc 1 116 32 is_stmt 0 view .LVU117
 262 004c 4366     		str	r3, [r0, #100]
 117:Core/Src/fdcan.c ****   hfdcan2.Init.TxElmtSize = FDCAN_DATA_BYTES_8;
 263              		.loc 1 117 3 is_stmt 1 view .LVU118
 264              		.loc 1 117 27 is_stmt 0 view .LVU119
 265 004e 8266     		str	r2, [r0, #104]
 118:Core/Src/fdcan.c ****   if (HAL_FDCAN_Init(&hfdcan2) != HAL_OK)
 266              		.loc 1 118 3 is_stmt 1 view .LVU120
 267              		.loc 1 118 7 is_stmt 0 view .LVU121
 268 0050 FFF7FEFF 		bl	HAL_FDCAN_Init
 269              	.LVL2:
 270              		.loc 1 118 6 view .LVU122
 271 0054 00B9     		cbnz	r0, .L10
 272              	.L7:
 119:Core/Src/fdcan.c ****   {
 120:Core/Src/fdcan.c ****     Error_Handler();
 121:Core/Src/fdcan.c ****   }
 122:Core/Src/fdcan.c ****   /* USER CODE BEGIN FDCAN2_Init 2 */
 123:Core/Src/fdcan.c **** 
 124:Core/Src/fdcan.c ****   /* USER CODE END FDCAN2_Init 2 */
 125:Core/Src/fdcan.c **** 
 126:Core/Src/fdcan.c **** }
 273              		.loc 1 126 1 view .LVU123
 274 0056 10BD     		pop	{r4, pc}
 275              	.L10:
ARM GAS  C:\Users\28212\AppData\Local\Temp\cc2A3B59.s 			page 8


 120:Core/Src/fdcan.c ****   }
 276              		.loc 1 120 5 is_stmt 1 view .LVU124
 277 0058 FFF7FEFF 		bl	Error_Handler
 278              	.LVL3:
 279              		.loc 1 126 1 is_stmt 0 view .LVU125
 280 005c FBE7     		b	.L7
 281              	.L12:
 282 005e 00BF     		.align	2
 283              	.L11:
 284 0060 00000000 		.word	.LANCHOR1
 285 0064 00A40040 		.word	1073783808
 286              		.cfi_endproc
 287              	.LFE145:
 289              		.section	.text.MX_FDCAN3_Init,"ax",%progbits
 290              		.align	1
 291              		.global	MX_FDCAN3_Init
 292              		.syntax unified
 293              		.thumb
 294              		.thumb_func
 296              	MX_FDCAN3_Init:
 297              	.LFB146:
 127:Core/Src/fdcan.c **** /* FDCAN3 init function */
 128:Core/Src/fdcan.c **** void MX_FDCAN3_Init(void)
 129:Core/Src/fdcan.c **** {
 298              		.loc 1 129 1 is_stmt 1 view -0
 299              		.cfi_startproc
 300              		@ args = 0, pretend = 0, frame = 0
 301              		@ frame_needed = 0, uses_anonymous_args = 0
 302 0000 10B5     		push	{r4, lr}
 303              		.cfi_def_cfa_offset 8
 304              		.cfi_offset 4, -8
 305              		.cfi_offset 14, -4
 130:Core/Src/fdcan.c **** 
 131:Core/Src/fdcan.c ****   /* USER CODE BEGIN FDCAN3_Init 0 */
 132:Core/Src/fdcan.c **** 
 133:Core/Src/fdcan.c ****   /* USER CODE END FDCAN3_Init 0 */
 134:Core/Src/fdcan.c **** 
 135:Core/Src/fdcan.c ****   /* USER CODE BEGIN FDCAN3_Init 1 */
 136:Core/Src/fdcan.c **** 
 137:Core/Src/fdcan.c ****   /* USER CODE END FDCAN3_Init 1 */
 138:Core/Src/fdcan.c ****   hfdcan3.Instance = FDCAN3;
 306              		.loc 1 138 3 view .LVU127
 307              		.loc 1 138 20 is_stmt 0 view .LVU128
 308 0002 1748     		ldr	r0, .L17
 309 0004 174B     		ldr	r3, .L17+4
 310 0006 0360     		str	r3, [r0]
 139:Core/Src/fdcan.c ****   hfdcan3.Init.FrameFormat = FDCAN_FRAME_CLASSIC;
 311              		.loc 1 139 3 is_stmt 1 view .LVU129
 312              		.loc 1 139 28 is_stmt 0 view .LVU130
 313 0008 0023     		movs	r3, #0
 314 000a 8360     		str	r3, [r0, #8]
 140:Core/Src/fdcan.c ****   hfdcan3.Init.Mode = FDCAN_MODE_NORMAL;
 315              		.loc 1 140 3 is_stmt 1 view .LVU131
 316              		.loc 1 140 21 is_stmt 0 view .LVU132
 317 000c C360     		str	r3, [r0, #12]
 141:Core/Src/fdcan.c ****   hfdcan3.Init.AutoRetransmission = DISABLE;
 318              		.loc 1 141 3 is_stmt 1 view .LVU133
ARM GAS  C:\Users\28212\AppData\Local\Temp\cc2A3B59.s 			page 9


 319              		.loc 1 141 35 is_stmt 0 view .LVU134
 320 000e 0374     		strb	r3, [r0, #16]
 142:Core/Src/fdcan.c ****   hfdcan3.Init.TransmitPause = DISABLE;
 321              		.loc 1 142 3 is_stmt 1 view .LVU135
 322              		.loc 1 142 30 is_stmt 0 view .LVU136
 323 0010 4374     		strb	r3, [r0, #17]
 143:Core/Src/fdcan.c ****   hfdcan3.Init.ProtocolException = DISABLE;
 324              		.loc 1 143 3 is_stmt 1 view .LVU137
 325              		.loc 1 143 34 is_stmt 0 view .LVU138
 326 0012 8374     		strb	r3, [r0, #18]
 144:Core/Src/fdcan.c ****   hfdcan3.Init.NominalPrescaler = 1;
 327              		.loc 1 144 3 is_stmt 1 view .LVU139
 328              		.loc 1 144 33 is_stmt 0 view .LVU140
 329 0014 0122     		movs	r2, #1
 330 0016 4261     		str	r2, [r0, #20]
 145:Core/Src/fdcan.c ****   hfdcan3.Init.NominalSyncJumpWidth = 8;
 331              		.loc 1 145 3 is_stmt 1 view .LVU141
 332              		.loc 1 145 37 is_stmt 0 view .LVU142
 333 0018 0821     		movs	r1, #8
 334 001a 8161     		str	r1, [r0, #24]
 146:Core/Src/fdcan.c ****   hfdcan3.Init.NominalTimeSeg1 = 40;
 335              		.loc 1 146 3 is_stmt 1 view .LVU143
 336              		.loc 1 146 32 is_stmt 0 view .LVU144
 337 001c 2821     		movs	r1, #40
 338 001e C161     		str	r1, [r0, #28]
 147:Core/Src/fdcan.c ****   hfdcan3.Init.NominalTimeSeg2 = 43;
 339              		.loc 1 147 3 is_stmt 1 view .LVU145
 340              		.loc 1 147 32 is_stmt 0 view .LVU146
 341 0020 2B21     		movs	r1, #43
 342 0022 0162     		str	r1, [r0, #32]
 148:Core/Src/fdcan.c ****   hfdcan3.Init.DataPrescaler = 1;
 343              		.loc 1 148 3 is_stmt 1 view .LVU147
 344              		.loc 1 148 30 is_stmt 0 view .LVU148
 345 0024 4262     		str	r2, [r0, #36]
 149:Core/Src/fdcan.c ****   hfdcan3.Init.DataSyncJumpWidth = 10;
 346              		.loc 1 149 3 is_stmt 1 view .LVU149
 347              		.loc 1 149 34 is_stmt 0 view .LVU150
 348 0026 0A21     		movs	r1, #10
 349 0028 8162     		str	r1, [r0, #40]
 150:Core/Src/fdcan.c ****   hfdcan3.Init.DataTimeSeg1 = 29;
 350              		.loc 1 150 3 is_stmt 1 view .LVU151
 351              		.loc 1 150 29 is_stmt 0 view .LVU152
 352 002a 1D24     		movs	r4, #29
 353 002c C462     		str	r4, [r0, #44]
 151:Core/Src/fdcan.c ****   hfdcan3.Init.DataTimeSeg2 = 10;
 354              		.loc 1 151 3 is_stmt 1 view .LVU153
 355              		.loc 1 151 29 is_stmt 0 view .LVU154
 356 002e 0163     		str	r1, [r0, #48]
 152:Core/Src/fdcan.c ****   hfdcan3.Init.MessageRAMOffset = 0;
 357              		.loc 1 152 3 is_stmt 1 view .LVU155
 358              		.loc 1 152 33 is_stmt 0 view .LVU156
 359 0030 4363     		str	r3, [r0, #52]
 153:Core/Src/fdcan.c ****   hfdcan3.Init.StdFiltersNbr = 1;
 360              		.loc 1 153 3 is_stmt 1 view .LVU157
 361              		.loc 1 153 30 is_stmt 0 view .LVU158
 362 0032 8263     		str	r2, [r0, #56]
 154:Core/Src/fdcan.c ****   hfdcan3.Init.ExtFiltersNbr = 1;
ARM GAS  C:\Users\28212\AppData\Local\Temp\cc2A3B59.s 			page 10


 363              		.loc 1 154 3 is_stmt 1 view .LVU159
 364              		.loc 1 154 30 is_stmt 0 view .LVU160
 365 0034 C263     		str	r2, [r0, #60]
 155:Core/Src/fdcan.c ****   hfdcan3.Init.RxFifo0ElmtsNbr = 32;
 366              		.loc 1 155 3 is_stmt 1 view .LVU161
 367              		.loc 1 155 32 is_stmt 0 view .LVU162
 368 0036 2021     		movs	r1, #32
 369 0038 0164     		str	r1, [r0, #64]
 156:Core/Src/fdcan.c ****   hfdcan3.Init.RxFifo0ElmtSize = FDCAN_DATA_BYTES_8;
 370              		.loc 1 156 3 is_stmt 1 view .LVU163
 371              		.loc 1 156 32 is_stmt 0 view .LVU164
 372 003a 0422     		movs	r2, #4
 373 003c 4264     		str	r2, [r0, #68]
 157:Core/Src/fdcan.c ****   hfdcan3.Init.RxFifo1ElmtsNbr = 0;
 374              		.loc 1 157 3 is_stmt 1 view .LVU165
 375              		.loc 1 157 32 is_stmt 0 view .LVU166
 376 003e 8364     		str	r3, [r0, #72]
 158:Core/Src/fdcan.c ****   hfdcan3.Init.RxFifo1ElmtSize = FDCAN_DATA_BYTES_8;
 377              		.loc 1 158 3 is_stmt 1 view .LVU167
 378              		.loc 1 158 32 is_stmt 0 view .LVU168
 379 0040 C264     		str	r2, [r0, #76]
 159:Core/Src/fdcan.c ****   hfdcan3.Init.RxBuffersNbr = 0;
 380              		.loc 1 159 3 is_stmt 1 view .LVU169
 381              		.loc 1 159 29 is_stmt 0 view .LVU170
 382 0042 0365     		str	r3, [r0, #80]
 160:Core/Src/fdcan.c ****   hfdcan3.Init.RxBufferSize = FDCAN_DATA_BYTES_8;
 383              		.loc 1 160 3 is_stmt 1 view .LVU171
 384              		.loc 1 160 29 is_stmt 0 view .LVU172
 385 0044 4265     		str	r2, [r0, #84]
 161:Core/Src/fdcan.c ****   hfdcan3.Init.TxEventsNbr = 0;
 386              		.loc 1 161 3 is_stmt 1 view .LVU173
 387              		.loc 1 161 28 is_stmt 0 view .LVU174
 388 0046 8365     		str	r3, [r0, #88]
 162:Core/Src/fdcan.c ****   hfdcan3.Init.TxBuffersNbr = 0;
 389              		.loc 1 162 3 is_stmt 1 view .LVU175
 390              		.loc 1 162 29 is_stmt 0 view .LVU176
 391 0048 C365     		str	r3, [r0, #92]
 163:Core/Src/fdcan.c ****   hfdcan3.Init.TxFifoQueueElmtsNbr = 32;
 392              		.loc 1 163 3 is_stmt 1 view .LVU177
 393              		.loc 1 163 36 is_stmt 0 view .LVU178
 394 004a 0166     		str	r1, [r0, #96]
 164:Core/Src/fdcan.c ****   hfdcan3.Init.TxFifoQueueMode = FDCAN_TX_FIFO_OPERATION;
 395              		.loc 1 164 3 is_stmt 1 view .LVU179
 396              		.loc 1 164 32 is_stmt 0 view .LVU180
 397 004c 4366     		str	r3, [r0, #100]
 165:Core/Src/fdcan.c ****   hfdcan3.Init.TxElmtSize = FDCAN_DATA_BYTES_8;
 398              		.loc 1 165 3 is_stmt 1 view .LVU181
 399              		.loc 1 165 27 is_stmt 0 view .LVU182
 400 004e 8266     		str	r2, [r0, #104]
 166:Core/Src/fdcan.c ****   if (HAL_FDCAN_Init(&hfdcan3) != HAL_OK)
 401              		.loc 1 166 3 is_stmt 1 view .LVU183
 402              		.loc 1 166 7 is_stmt 0 view .LVU184
 403 0050 FFF7FEFF 		bl	HAL_FDCAN_Init
 404              	.LVL4:
 405              		.loc 1 166 6 view .LVU185
 406 0054 00B9     		cbnz	r0, .L16
 407              	.L13:
ARM GAS  C:\Users\28212\AppData\Local\Temp\cc2A3B59.s 			page 11


 167:Core/Src/fdcan.c ****   {
 168:Core/Src/fdcan.c ****     Error_Handler();
 169:Core/Src/fdcan.c ****   }
 170:Core/Src/fdcan.c ****   /* USER CODE BEGIN FDCAN3_Init 2 */
 171:Core/Src/fdcan.c **** 
 172:Core/Src/fdcan.c ****   /* USER CODE END FDCAN3_Init 2 */
 173:Core/Src/fdcan.c **** 
 174:Core/Src/fdcan.c **** }
 408              		.loc 1 174 1 view .LVU186
 409 0056 10BD     		pop	{r4, pc}
 410              	.L16:
 168:Core/Src/fdcan.c ****   }
 411              		.loc 1 168 5 is_stmt 1 view .LVU187
 412 0058 FFF7FEFF 		bl	Error_Handler
 413              	.LVL5:
 414              		.loc 1 174 1 is_stmt 0 view .LVU188
 415 005c FBE7     		b	.L13
 416              	.L18:
 417 005e 00BF     		.align	2
 418              	.L17:
 419 0060 00000000 		.word	.LANCHOR2
 420 0064 00D40040 		.word	1073796096
 421              		.cfi_endproc
 422              	.LFE146:
 424              		.section	.text.HAL_FDCAN_MspInit,"ax",%progbits
 425              		.align	1
 426              		.global	HAL_FDCAN_MspInit
 427              		.syntax unified
 428              		.thumb
 429              		.thumb_func
 431              	HAL_FDCAN_MspInit:
 432              	.LVL6:
 433              	.LFB147:
 175:Core/Src/fdcan.c **** 
 176:Core/Src/fdcan.c **** static uint32_t HAL_RCC_FDCAN_CLK_ENABLED=0;
 177:Core/Src/fdcan.c **** 
 178:Core/Src/fdcan.c **** void HAL_FDCAN_MspInit(FDCAN_HandleTypeDef* fdcanHandle)
 179:Core/Src/fdcan.c **** {
 434              		.loc 1 179 1 is_stmt 1 view -0
 435              		.cfi_startproc
 436              		@ args = 0, pretend = 0, frame = 232
 437              		@ frame_needed = 0, uses_anonymous_args = 0
 438              		.loc 1 179 1 is_stmt 0 view .LVU190
 439 0000 30B5     		push	{r4, r5, lr}
 440              		.cfi_def_cfa_offset 12
 441              		.cfi_offset 4, -12
 442              		.cfi_offset 5, -8
 443              		.cfi_offset 14, -4
 444 0002 BBB0     		sub	sp, sp, #236
 445              		.cfi_def_cfa_offset 248
 446 0004 0446     		mov	r4, r0
 180:Core/Src/fdcan.c **** 
 181:Core/Src/fdcan.c ****   GPIO_InitTypeDef GPIO_InitStruct = {0};
 447              		.loc 1 181 3 is_stmt 1 view .LVU191
 448              		.loc 1 181 20 is_stmt 0 view .LVU192
 449 0006 0021     		movs	r1, #0
 450 0008 3591     		str	r1, [sp, #212]
ARM GAS  C:\Users\28212\AppData\Local\Temp\cc2A3B59.s 			page 12


 451 000a 3691     		str	r1, [sp, #216]
 452 000c 3791     		str	r1, [sp, #220]
 453 000e 3891     		str	r1, [sp, #224]
 454 0010 3991     		str	r1, [sp, #228]
 182:Core/Src/fdcan.c ****   RCC_PeriphCLKInitTypeDef PeriphClkInitStruct = {0};
 455              		.loc 1 182 3 is_stmt 1 view .LVU193
 456              		.loc 1 182 28 is_stmt 0 view .LVU194
 457 0012 B822     		movs	r2, #184
 458 0014 06A8     		add	r0, sp, #24
 459              	.LVL7:
 460              		.loc 1 182 28 view .LVU195
 461 0016 FFF7FEFF 		bl	memset
 462              	.LVL8:
 183:Core/Src/fdcan.c ****   if(fdcanHandle->Instance==FDCAN1)
 463              		.loc 1 183 3 is_stmt 1 view .LVU196
 464              		.loc 1 183 17 is_stmt 0 view .LVU197
 465 001a 2368     		ldr	r3, [r4]
 466              		.loc 1 183 5 view .LVU198
 467 001c 774A     		ldr	r2, .L39
 468 001e 9342     		cmp	r3, r2
 469 0020 08D0     		beq	.L30
 184:Core/Src/fdcan.c ****   {
 185:Core/Src/fdcan.c ****   /* USER CODE BEGIN FDCAN1_MspInit 0 */
 186:Core/Src/fdcan.c **** 
 187:Core/Src/fdcan.c ****   /* USER CODE END FDCAN1_MspInit 0 */
 188:Core/Src/fdcan.c **** 
 189:Core/Src/fdcan.c ****   /** Initializes the peripherals clock
 190:Core/Src/fdcan.c ****   */
 191:Core/Src/fdcan.c ****     PeriphClkInitStruct.PeriphClockSelection = RCC_PERIPHCLK_FDCAN;
 192:Core/Src/fdcan.c ****     PeriphClkInitStruct.FdcanClockSelection = RCC_FDCANCLKSOURCE_PLL;
 193:Core/Src/fdcan.c ****     if (HAL_RCCEx_PeriphCLKConfig(&PeriphClkInitStruct) != HAL_OK)
 194:Core/Src/fdcan.c ****     {
 195:Core/Src/fdcan.c ****       Error_Handler();
 196:Core/Src/fdcan.c ****     }
 197:Core/Src/fdcan.c **** 
 198:Core/Src/fdcan.c ****     /* FDCAN1 clock enable */
 199:Core/Src/fdcan.c ****     HAL_RCC_FDCAN_CLK_ENABLED++;
 200:Core/Src/fdcan.c ****     if(HAL_RCC_FDCAN_CLK_ENABLED==1){
 201:Core/Src/fdcan.c ****       __HAL_RCC_FDCAN_CLK_ENABLE();
 202:Core/Src/fdcan.c ****     }
 203:Core/Src/fdcan.c **** 
 204:Core/Src/fdcan.c ****     __HAL_RCC_GPIOD_CLK_ENABLE();
 205:Core/Src/fdcan.c ****     /**FDCAN1 GPIO Configuration
 206:Core/Src/fdcan.c ****     PD0     ------> FDCAN1_RX
 207:Core/Src/fdcan.c ****     PD1     ------> FDCAN1_TX
 208:Core/Src/fdcan.c ****     */
 209:Core/Src/fdcan.c ****     GPIO_InitStruct.Pin = GPIO_PIN_0|GPIO_PIN_1;
 210:Core/Src/fdcan.c ****     GPIO_InitStruct.Mode = GPIO_MODE_AF_PP;
 211:Core/Src/fdcan.c ****     GPIO_InitStruct.Pull = GPIO_NOPULL;
 212:Core/Src/fdcan.c ****     GPIO_InitStruct.Speed = GPIO_SPEED_FREQ_LOW;
 213:Core/Src/fdcan.c ****     GPIO_InitStruct.Alternate = GPIO_AF9_FDCAN1;
 214:Core/Src/fdcan.c ****     HAL_GPIO_Init(GPIOD, &GPIO_InitStruct);
 215:Core/Src/fdcan.c **** 
 216:Core/Src/fdcan.c ****     /* FDCAN1 interrupt Init */
 217:Core/Src/fdcan.c ****     HAL_NVIC_SetPriority(FDCAN1_IT0_IRQn, 5, 0);
 218:Core/Src/fdcan.c ****     HAL_NVIC_EnableIRQ(FDCAN1_IT0_IRQn);
 219:Core/Src/fdcan.c ****   /* USER CODE BEGIN FDCAN1_MspInit 1 */
ARM GAS  C:\Users\28212\AppData\Local\Temp\cc2A3B59.s 			page 13


 220:Core/Src/fdcan.c **** 
 221:Core/Src/fdcan.c ****   /* USER CODE END FDCAN1_MspInit 1 */
 222:Core/Src/fdcan.c ****   }
 223:Core/Src/fdcan.c ****   else if(fdcanHandle->Instance==FDCAN2)
 470              		.loc 1 223 8 is_stmt 1 view .LVU199
 471              		.loc 1 223 10 is_stmt 0 view .LVU200
 472 0022 774A     		ldr	r2, .L39+4
 473 0024 9342     		cmp	r3, r2
 474 0026 4BD0     		beq	.L31
 224:Core/Src/fdcan.c ****   {
 225:Core/Src/fdcan.c ****   /* USER CODE BEGIN FDCAN2_MspInit 0 */
 226:Core/Src/fdcan.c **** 
 227:Core/Src/fdcan.c ****   /* USER CODE END FDCAN2_MspInit 0 */
 228:Core/Src/fdcan.c **** 
 229:Core/Src/fdcan.c ****   /** Initializes the peripherals clock
 230:Core/Src/fdcan.c ****   */
 231:Core/Src/fdcan.c ****     PeriphClkInitStruct.PeriphClockSelection = RCC_PERIPHCLK_FDCAN;
 232:Core/Src/fdcan.c ****     PeriphClkInitStruct.FdcanClockSelection = RCC_FDCANCLKSOURCE_PLL;
 233:Core/Src/fdcan.c ****     if (HAL_RCCEx_PeriphCLKConfig(&PeriphClkInitStruct) != HAL_OK)
 234:Core/Src/fdcan.c ****     {
 235:Core/Src/fdcan.c ****       Error_Handler();
 236:Core/Src/fdcan.c ****     }
 237:Core/Src/fdcan.c **** 
 238:Core/Src/fdcan.c ****     /* FDCAN2 clock enable */
 239:Core/Src/fdcan.c ****     HAL_RCC_FDCAN_CLK_ENABLED++;
 240:Core/Src/fdcan.c ****     if(HAL_RCC_FDCAN_CLK_ENABLED==1){
 241:Core/Src/fdcan.c ****       __HAL_RCC_FDCAN_CLK_ENABLE();
 242:Core/Src/fdcan.c ****     }
 243:Core/Src/fdcan.c **** 
 244:Core/Src/fdcan.c ****     __HAL_RCC_GPIOB_CLK_ENABLE();
 245:Core/Src/fdcan.c ****     /**FDCAN2 GPIO Configuration
 246:Core/Src/fdcan.c ****     PB5     ------> FDCAN2_RX
 247:Core/Src/fdcan.c ****     PB6     ------> FDCAN2_TX
 248:Core/Src/fdcan.c ****     */
 249:Core/Src/fdcan.c ****     GPIO_InitStruct.Pin = GPIO_PIN_5|GPIO_PIN_6;
 250:Core/Src/fdcan.c ****     GPIO_InitStruct.Mode = GPIO_MODE_AF_PP;
 251:Core/Src/fdcan.c ****     GPIO_InitStruct.Pull = GPIO_NOPULL;
 252:Core/Src/fdcan.c ****     GPIO_InitStruct.Speed = GPIO_SPEED_FREQ_LOW;
 253:Core/Src/fdcan.c ****     GPIO_InitStruct.Alternate = GPIO_AF9_FDCAN2;
 254:Core/Src/fdcan.c ****     HAL_GPIO_Init(GPIOB, &GPIO_InitStruct);
 255:Core/Src/fdcan.c **** 
 256:Core/Src/fdcan.c ****     /* FDCAN2 interrupt Init */
 257:Core/Src/fdcan.c ****     HAL_NVIC_SetPriority(FDCAN2_IT0_IRQn, 5, 0);
 258:Core/Src/fdcan.c ****     HAL_NVIC_EnableIRQ(FDCAN2_IT0_IRQn);
 259:Core/Src/fdcan.c ****     HAL_NVIC_SetPriority(FDCAN2_IT1_IRQn, 5, 0);
 260:Core/Src/fdcan.c ****     HAL_NVIC_EnableIRQ(FDCAN2_IT1_IRQn);
 261:Core/Src/fdcan.c ****   /* USER CODE BEGIN FDCAN2_MspInit 1 */
 262:Core/Src/fdcan.c **** 
 263:Core/Src/fdcan.c ****   /* USER CODE END FDCAN2_MspInit 1 */
 264:Core/Src/fdcan.c ****   }
 265:Core/Src/fdcan.c ****   else if(fdcanHandle->Instance==FDCAN3)
 475              		.loc 1 265 8 is_stmt 1 view .LVU201
 476              		.loc 1 265 10 is_stmt 0 view .LVU202
 477 0028 764A     		ldr	r2, .L39+8
 478 002a 9342     		cmp	r3, r2
 479 002c 00F09680 		beq	.L32
 480              	.LVL9:
ARM GAS  C:\Users\28212\AppData\Local\Temp\cc2A3B59.s 			page 14


 481              	.L19:
 266:Core/Src/fdcan.c ****   {
 267:Core/Src/fdcan.c ****   /* USER CODE BEGIN FDCAN3_MspInit 0 */
 268:Core/Src/fdcan.c **** 
 269:Core/Src/fdcan.c ****   /* USER CODE END FDCAN3_MspInit 0 */
 270:Core/Src/fdcan.c **** 
 271:Core/Src/fdcan.c ****   /** Initializes the peripherals clock
 272:Core/Src/fdcan.c ****   */
 273:Core/Src/fdcan.c ****     PeriphClkInitStruct.PeriphClockSelection = RCC_PERIPHCLK_FDCAN;
 274:Core/Src/fdcan.c ****     PeriphClkInitStruct.FdcanClockSelection = RCC_FDCANCLKSOURCE_PLL;
 275:Core/Src/fdcan.c ****     if (HAL_RCCEx_PeriphCLKConfig(&PeriphClkInitStruct) != HAL_OK)
 276:Core/Src/fdcan.c ****     {
 277:Core/Src/fdcan.c ****       Error_Handler();
 278:Core/Src/fdcan.c ****     }
 279:Core/Src/fdcan.c **** 
 280:Core/Src/fdcan.c ****     /* FDCAN3 clock enable */
 281:Core/Src/fdcan.c ****     HAL_RCC_FDCAN_CLK_ENABLED++;
 282:Core/Src/fdcan.c ****     if(HAL_RCC_FDCAN_CLK_ENABLED==1){
 283:Core/Src/fdcan.c ****       __HAL_RCC_FDCAN_CLK_ENABLE();
 284:Core/Src/fdcan.c ****     }
 285:Core/Src/fdcan.c **** 
 286:Core/Src/fdcan.c ****     __HAL_RCC_GPIOD_CLK_ENABLE();
 287:Core/Src/fdcan.c ****     /**FDCAN3 GPIO Configuration
 288:Core/Src/fdcan.c ****     PD12     ------> FDCAN3_RX
 289:Core/Src/fdcan.c ****     PD13     ------> FDCAN3_TX
 290:Core/Src/fdcan.c ****     */
 291:Core/Src/fdcan.c ****     GPIO_InitStruct.Pin = GPIO_PIN_12|GPIO_PIN_13;
 292:Core/Src/fdcan.c ****     GPIO_InitStruct.Mode = GPIO_MODE_AF_PP;
 293:Core/Src/fdcan.c ****     GPIO_InitStruct.Pull = GPIO_NOPULL;
 294:Core/Src/fdcan.c ****     GPIO_InitStruct.Speed = GPIO_SPEED_FREQ_LOW;
 295:Core/Src/fdcan.c ****     GPIO_InitStruct.Alternate = GPIO_AF5_FDCAN3;
 296:Core/Src/fdcan.c ****     HAL_GPIO_Init(GPIOD, &GPIO_InitStruct);
 297:Core/Src/fdcan.c **** 
 298:Core/Src/fdcan.c ****     /* FDCAN3 interrupt Init */
 299:Core/Src/fdcan.c ****     HAL_NVIC_SetPriority(FDCAN3_IT0_IRQn, 5, 0);
 300:Core/Src/fdcan.c ****     HAL_NVIC_EnableIRQ(FDCAN3_IT0_IRQn);
 301:Core/Src/fdcan.c ****     HAL_NVIC_SetPriority(FDCAN3_IT1_IRQn, 5, 0);
 302:Core/Src/fdcan.c ****     HAL_NVIC_EnableIRQ(FDCAN3_IT1_IRQn);
 303:Core/Src/fdcan.c ****   /* USER CODE BEGIN FDCAN3_MspInit 1 */
 304:Core/Src/fdcan.c **** 
 305:Core/Src/fdcan.c ****   /* USER CODE END FDCAN3_MspInit 1 */
 306:Core/Src/fdcan.c ****   }
 307:Core/Src/fdcan.c **** }
 482              		.loc 1 307 1 view .LVU203
 483 0030 3BB0     		add	sp, sp, #236
 484              		.cfi_remember_state
 485              		.cfi_def_cfa_offset 12
 486              		@ sp needed
 487 0032 30BD     		pop	{r4, r5, pc}
 488              	.LVL10:
 489              	.L30:
 490              		.cfi_restore_state
 191:Core/Src/fdcan.c ****     PeriphClkInitStruct.FdcanClockSelection = RCC_FDCANCLKSOURCE_PLL;
 491              		.loc 1 191 5 is_stmt 1 view .LVU204
 191:Core/Src/fdcan.c ****     PeriphClkInitStruct.FdcanClockSelection = RCC_FDCANCLKSOURCE_PLL;
 492              		.loc 1 191 46 is_stmt 0 view .LVU205
 493 0034 4FF40042 		mov	r2, #32768
ARM GAS  C:\Users\28212\AppData\Local\Temp\cc2A3B59.s 			page 15


 494 0038 0023     		movs	r3, #0
 495 003a CDE90623 		strd	r2, [sp, #24]
 192:Core/Src/fdcan.c ****     if (HAL_RCCEx_PeriphCLKConfig(&PeriphClkInitStruct) != HAL_OK)
 496              		.loc 1 192 5 is_stmt 1 view .LVU206
 192:Core/Src/fdcan.c ****     if (HAL_RCCEx_PeriphCLKConfig(&PeriphClkInitStruct) != HAL_OK)
 497              		.loc 1 192 45 is_stmt 0 view .LVU207
 498 003e 4FF08053 		mov	r3, #268435456
 499 0042 2193     		str	r3, [sp, #132]
 193:Core/Src/fdcan.c ****     {
 500              		.loc 1 193 5 is_stmt 1 view .LVU208
 193:Core/Src/fdcan.c ****     {
 501              		.loc 1 193 9 is_stmt 0 view .LVU209
 502 0044 06A8     		add	r0, sp, #24
 503 0046 FFF7FEFF 		bl	HAL_RCCEx_PeriphCLKConfig
 504              	.LVL11:
 193:Core/Src/fdcan.c ****     {
 505              		.loc 1 193 8 view .LVU210
 506 004a 40BB     		cbnz	r0, .L33
 507              	.L21:
 199:Core/Src/fdcan.c ****     if(HAL_RCC_FDCAN_CLK_ENABLED==1){
 508              		.loc 1 199 5 is_stmt 1 view .LVU211
 199:Core/Src/fdcan.c ****     if(HAL_RCC_FDCAN_CLK_ENABLED==1){
 509              		.loc 1 199 30 is_stmt 0 view .LVU212
 510 004c 6E4A     		ldr	r2, .L39+12
 511 004e 1368     		ldr	r3, [r2]
 512 0050 0133     		adds	r3, r3, #1
 513 0052 1360     		str	r3, [r2]
 200:Core/Src/fdcan.c ****       __HAL_RCC_FDCAN_CLK_ENABLE();
 514              		.loc 1 200 5 is_stmt 1 view .LVU213
 200:Core/Src/fdcan.c ****       __HAL_RCC_FDCAN_CLK_ENABLE();
 515              		.loc 1 200 7 is_stmt 0 view .LVU214
 516 0054 012B     		cmp	r3, #1
 517 0056 25D0     		beq	.L34
 518              	.L22:
 201:Core/Src/fdcan.c ****     }
 519              		.loc 1 201 7 is_stmt 1 discriminator 1 view .LVU215
 204:Core/Src/fdcan.c ****     /**FDCAN1 GPIO Configuration
 520              		.loc 1 204 5 discriminator 1 view .LVU216
 521              	.LBB2:
 204:Core/Src/fdcan.c ****     /**FDCAN1 GPIO Configuration
 522              		.loc 1 204 5 discriminator 1 view .LVU217
 204:Core/Src/fdcan.c ****     /**FDCAN1 GPIO Configuration
 523              		.loc 1 204 5 discriminator 1 view .LVU218
 524 0058 6C4B     		ldr	r3, .L39+16
 525 005a D3F8E020 		ldr	r2, [r3, #224]
 526 005e 42F00802 		orr	r2, r2, #8
 527 0062 C3F8E020 		str	r2, [r3, #224]
 204:Core/Src/fdcan.c ****     /**FDCAN1 GPIO Configuration
 528              		.loc 1 204 5 discriminator 1 view .LVU219
 529 0066 D3F8E030 		ldr	r3, [r3, #224]
 530 006a 03F00803 		and	r3, r3, #8
 531 006e 0193     		str	r3, [sp, #4]
 204:Core/Src/fdcan.c ****     /**FDCAN1 GPIO Configuration
 532              		.loc 1 204 5 discriminator 1 view .LVU220
 533 0070 019B     		ldr	r3, [sp, #4]
 534              	.LBE2:
 204:Core/Src/fdcan.c ****     /**FDCAN1 GPIO Configuration
ARM GAS  C:\Users\28212\AppData\Local\Temp\cc2A3B59.s 			page 16


 535              		.loc 1 204 5 discriminator 1 view .LVU221
 209:Core/Src/fdcan.c ****     GPIO_InitStruct.Mode = GPIO_MODE_AF_PP;
 536              		.loc 1 209 5 discriminator 1 view .LVU222
 209:Core/Src/fdcan.c ****     GPIO_InitStruct.Mode = GPIO_MODE_AF_PP;
 537              		.loc 1 209 25 is_stmt 0 discriminator 1 view .LVU223
 538 0072 0323     		movs	r3, #3
 539 0074 3593     		str	r3, [sp, #212]
 210:Core/Src/fdcan.c ****     GPIO_InitStruct.Pull = GPIO_NOPULL;
 540              		.loc 1 210 5 is_stmt 1 discriminator 1 view .LVU224
 210:Core/Src/fdcan.c ****     GPIO_InitStruct.Pull = GPIO_NOPULL;
 541              		.loc 1 210 26 is_stmt 0 discriminator 1 view .LVU225
 542 0076 0223     		movs	r3, #2
 543 0078 3693     		str	r3, [sp, #216]
 211:Core/Src/fdcan.c ****     GPIO_InitStruct.Speed = GPIO_SPEED_FREQ_LOW;
 544              		.loc 1 211 5 is_stmt 1 discriminator 1 view .LVU226
 211:Core/Src/fdcan.c ****     GPIO_InitStruct.Speed = GPIO_SPEED_FREQ_LOW;
 545              		.loc 1 211 26 is_stmt 0 discriminator 1 view .LVU227
 546 007a 0024     		movs	r4, #0
 547              	.LVL12:
 211:Core/Src/fdcan.c ****     GPIO_InitStruct.Speed = GPIO_SPEED_FREQ_LOW;
 548              		.loc 1 211 26 discriminator 1 view .LVU228
 549 007c 3794     		str	r4, [sp, #220]
 212:Core/Src/fdcan.c ****     GPIO_InitStruct.Alternate = GPIO_AF9_FDCAN1;
 550              		.loc 1 212 5 is_stmt 1 discriminator 1 view .LVU229
 212:Core/Src/fdcan.c ****     GPIO_InitStruct.Alternate = GPIO_AF9_FDCAN1;
 551              		.loc 1 212 27 is_stmt 0 discriminator 1 view .LVU230
 552 007e 3894     		str	r4, [sp, #224]
 213:Core/Src/fdcan.c ****     HAL_GPIO_Init(GPIOD, &GPIO_InitStruct);
 553              		.loc 1 213 5 is_stmt 1 discriminator 1 view .LVU231
 213:Core/Src/fdcan.c ****     HAL_GPIO_Init(GPIOD, &GPIO_InitStruct);
 554              		.loc 1 213 31 is_stmt 0 discriminator 1 view .LVU232
 555 0080 0923     		movs	r3, #9
 556 0082 3993     		str	r3, [sp, #228]
 214:Core/Src/fdcan.c **** 
 557              		.loc 1 214 5 is_stmt 1 discriminator 1 view .LVU233
 558 0084 35A9     		add	r1, sp, #212
 559 0086 6248     		ldr	r0, .L39+20
 560 0088 FFF7FEFF 		bl	HAL_GPIO_Init
 561              	.LVL13:
 217:Core/Src/fdcan.c ****     HAL_NVIC_EnableIRQ(FDCAN1_IT0_IRQn);
 562              		.loc 1 217 5 discriminator 1 view .LVU234
 563 008c 2246     		mov	r2, r4
 564 008e 0521     		movs	r1, #5
 565 0090 1320     		movs	r0, #19
 566 0092 FFF7FEFF 		bl	HAL_NVIC_SetPriority
 567              	.LVL14:
 218:Core/Src/fdcan.c ****   /* USER CODE BEGIN FDCAN1_MspInit 1 */
 568              		.loc 1 218 5 discriminator 1 view .LVU235
 569 0096 1320     		movs	r0, #19
 570 0098 FFF7FEFF 		bl	HAL_NVIC_EnableIRQ
 571              	.LVL15:
 572 009c C8E7     		b	.L19
 573              	.LVL16:
 574              	.L33:
 195:Core/Src/fdcan.c ****     }
 575              		.loc 1 195 7 view .LVU236
 576 009e FFF7FEFF 		bl	Error_Handler
ARM GAS  C:\Users\28212\AppData\Local\Temp\cc2A3B59.s 			page 17


 577              	.LVL17:
 578 00a2 D3E7     		b	.L21
 579              	.L34:
 201:Core/Src/fdcan.c ****     }
 580              		.loc 1 201 7 view .LVU237
 581              	.LBB3:
 201:Core/Src/fdcan.c ****     }
 582              		.loc 1 201 7 view .LVU238
 201:Core/Src/fdcan.c ****     }
 583              		.loc 1 201 7 view .LVU239
 584 00a4 594B     		ldr	r3, .L39+16
 585 00a6 D3F8EC20 		ldr	r2, [r3, #236]
 586 00aa 42F48072 		orr	r2, r2, #256
 587 00ae C3F8EC20 		str	r2, [r3, #236]
 201:Core/Src/fdcan.c ****     }
 588              		.loc 1 201 7 view .LVU240
 589 00b2 D3F8EC30 		ldr	r3, [r3, #236]
 590 00b6 03F48073 		and	r3, r3, #256
 591 00ba 0093     		str	r3, [sp]
 201:Core/Src/fdcan.c ****     }
 592              		.loc 1 201 7 view .LVU241
 593 00bc 009B     		ldr	r3, [sp]
 594 00be CBE7     		b	.L22
 595              	.L31:
 596              	.LBE3:
 231:Core/Src/fdcan.c ****     PeriphClkInitStruct.FdcanClockSelection = RCC_FDCANCLKSOURCE_PLL;
 597              		.loc 1 231 5 view .LVU242
 231:Core/Src/fdcan.c ****     PeriphClkInitStruct.FdcanClockSelection = RCC_FDCANCLKSOURCE_PLL;
 598              		.loc 1 231 46 is_stmt 0 view .LVU243
 599 00c0 4FF40042 		mov	r2, #32768
 600 00c4 0023     		movs	r3, #0
 601 00c6 CDE90623 		strd	r2, [sp, #24]
 232:Core/Src/fdcan.c ****     if (HAL_RCCEx_PeriphCLKConfig(&PeriphClkInitStruct) != HAL_OK)
 602              		.loc 1 232 5 is_stmt 1 view .LVU244
 232:Core/Src/fdcan.c ****     if (HAL_RCCEx_PeriphCLKConfig(&PeriphClkInitStruct) != HAL_OK)
 603              		.loc 1 232 45 is_stmt 0 view .LVU245
 604 00ca 4FF08053 		mov	r3, #268435456
 605 00ce 2193     		str	r3, [sp, #132]
 233:Core/Src/fdcan.c ****     {
 606              		.loc 1 233 5 is_stmt 1 view .LVU246
 233:Core/Src/fdcan.c ****     {
 607              		.loc 1 233 9 is_stmt 0 view .LVU247
 608 00d0 06A8     		add	r0, sp, #24
 609 00d2 FFF7FEFF 		bl	HAL_RCCEx_PeriphCLKConfig
 610              	.LVL18:
 233:Core/Src/fdcan.c ****     {
 611              		.loc 1 233 8 view .LVU248
 612 00d6 80BB     		cbnz	r0, .L35
 613              	.L25:
 239:Core/Src/fdcan.c ****     if(HAL_RCC_FDCAN_CLK_ENABLED==1){
 614              		.loc 1 239 5 is_stmt 1 view .LVU249
 239:Core/Src/fdcan.c ****     if(HAL_RCC_FDCAN_CLK_ENABLED==1){
 615              		.loc 1 239 30 is_stmt 0 view .LVU250
 616 00d8 4B4A     		ldr	r2, .L39+12
 617 00da 1368     		ldr	r3, [r2]
 618 00dc 0133     		adds	r3, r3, #1
 619 00de 1360     		str	r3, [r2]
ARM GAS  C:\Users\28212\AppData\Local\Temp\cc2A3B59.s 			page 18


 240:Core/Src/fdcan.c ****       __HAL_RCC_FDCAN_CLK_ENABLE();
 620              		.loc 1 240 5 is_stmt 1 view .LVU251
 240:Core/Src/fdcan.c ****       __HAL_RCC_FDCAN_CLK_ENABLE();
 621              		.loc 1 240 7 is_stmt 0 view .LVU252
 622 00e0 012B     		cmp	r3, #1
 623 00e2 2DD0     		beq	.L36
 624              	.L26:
 241:Core/Src/fdcan.c ****     }
 625              		.loc 1 241 7 is_stmt 1 discriminator 1 view .LVU253
 244:Core/Src/fdcan.c ****     /**FDCAN2 GPIO Configuration
 626              		.loc 1 244 5 discriminator 1 view .LVU254
 627              	.LBB4:
 244:Core/Src/fdcan.c ****     /**FDCAN2 GPIO Configuration
 628              		.loc 1 244 5 discriminator 1 view .LVU255
 244:Core/Src/fdcan.c ****     /**FDCAN2 GPIO Configuration
 629              		.loc 1 244 5 discriminator 1 view .LVU256
 630 00e4 494B     		ldr	r3, .L39+16
 631 00e6 D3F8E020 		ldr	r2, [r3, #224]
 632 00ea 42F00202 		orr	r2, r2, #2
 633 00ee C3F8E020 		str	r2, [r3, #224]
 244:Core/Src/fdcan.c ****     /**FDCAN2 GPIO Configuration
 634              		.loc 1 244 5 discriminator 1 view .LVU257
 635 00f2 D3F8E030 		ldr	r3, [r3, #224]
 636 00f6 03F00203 		and	r3, r3, #2
 637 00fa 0393     		str	r3, [sp, #12]
 244:Core/Src/fdcan.c ****     /**FDCAN2 GPIO Configuration
 638              		.loc 1 244 5 discriminator 1 view .LVU258
 639 00fc 039B     		ldr	r3, [sp, #12]
 640              	.LBE4:
 244:Core/Src/fdcan.c ****     /**FDCAN2 GPIO Configuration
 641              		.loc 1 244 5 discriminator 1 view .LVU259
 249:Core/Src/fdcan.c ****     GPIO_InitStruct.Mode = GPIO_MODE_AF_PP;
 642              		.loc 1 249 5 discriminator 1 view .LVU260
 249:Core/Src/fdcan.c ****     GPIO_InitStruct.Mode = GPIO_MODE_AF_PP;
 643              		.loc 1 249 25 is_stmt 0 discriminator 1 view .LVU261
 644 00fe 6023     		movs	r3, #96
 645 0100 3593     		str	r3, [sp, #212]
 250:Core/Src/fdcan.c ****     GPIO_InitStruct.Pull = GPIO_NOPULL;
 646              		.loc 1 250 5 is_stmt 1 discriminator 1 view .LVU262
 250:Core/Src/fdcan.c ****     GPIO_InitStruct.Pull = GPIO_NOPULL;
 647              		.loc 1 250 26 is_stmt 0 discriminator 1 view .LVU263
 648 0102 0223     		movs	r3, #2
 649 0104 3693     		str	r3, [sp, #216]
 251:Core/Src/fdcan.c ****     GPIO_InitStruct.Speed = GPIO_SPEED_FREQ_LOW;
 650              		.loc 1 251 5 is_stmt 1 discriminator 1 view .LVU264
 251:Core/Src/fdcan.c ****     GPIO_InitStruct.Speed = GPIO_SPEED_FREQ_LOW;
 651              		.loc 1 251 26 is_stmt 0 discriminator 1 view .LVU265
 652 0106 0024     		movs	r4, #0
 653              	.LVL19:
 251:Core/Src/fdcan.c ****     GPIO_InitStruct.Speed = GPIO_SPEED_FREQ_LOW;
 654              		.loc 1 251 26 discriminator 1 view .LVU266
 655 0108 3794     		str	r4, [sp, #220]
 252:Core/Src/fdcan.c ****     GPIO_InitStruct.Alternate = GPIO_AF9_FDCAN2;
 656              		.loc 1 252 5 is_stmt 1 discriminator 1 view .LVU267
 252:Core/Src/fdcan.c ****     GPIO_InitStruct.Alternate = GPIO_AF9_FDCAN2;
 657              		.loc 1 252 27 is_stmt 0 discriminator 1 view .LVU268
 658 010a 3894     		str	r4, [sp, #224]
ARM GAS  C:\Users\28212\AppData\Local\Temp\cc2A3B59.s 			page 19


 253:Core/Src/fdcan.c ****     HAL_GPIO_Init(GPIOB, &GPIO_InitStruct);
 659              		.loc 1 253 5 is_stmt 1 discriminator 1 view .LVU269
 253:Core/Src/fdcan.c ****     HAL_GPIO_Init(GPIOB, &GPIO_InitStruct);
 660              		.loc 1 253 31 is_stmt 0 discriminator 1 view .LVU270
 661 010c 0923     		movs	r3, #9
 662 010e 3993     		str	r3, [sp, #228]
 254:Core/Src/fdcan.c **** 
 663              		.loc 1 254 5 is_stmt 1 discriminator 1 view .LVU271
 664 0110 35A9     		add	r1, sp, #212
 665 0112 4048     		ldr	r0, .L39+24
 666 0114 FFF7FEFF 		bl	HAL_GPIO_Init
 667              	.LVL20:
 257:Core/Src/fdcan.c ****     HAL_NVIC_EnableIRQ(FDCAN2_IT0_IRQn);
 668              		.loc 1 257 5 discriminator 1 view .LVU272
 669 0118 2246     		mov	r2, r4
 670 011a 0521     		movs	r1, #5
 671 011c 1420     		movs	r0, #20
 672 011e FFF7FEFF 		bl	HAL_NVIC_SetPriority
 673              	.LVL21:
 258:Core/Src/fdcan.c ****     HAL_NVIC_SetPriority(FDCAN2_IT1_IRQn, 5, 0);
 674              		.loc 1 258 5 discriminator 1 view .LVU273
 675 0122 1420     		movs	r0, #20
 676 0124 FFF7FEFF 		bl	HAL_NVIC_EnableIRQ
 677              	.LVL22:
 259:Core/Src/fdcan.c ****     HAL_NVIC_EnableIRQ(FDCAN2_IT1_IRQn);
 678              		.loc 1 259 5 discriminator 1 view .LVU274
 679 0128 2246     		mov	r2, r4
 680 012a 0521     		movs	r1, #5
 681 012c 1620     		movs	r0, #22
 682 012e FFF7FEFF 		bl	HAL_NVIC_SetPriority
 683              	.LVL23:
 260:Core/Src/fdcan.c ****   /* USER CODE BEGIN FDCAN2_MspInit 1 */
 684              		.loc 1 260 5 discriminator 1 view .LVU275
 685 0132 1620     		movs	r0, #22
 686 0134 FFF7FEFF 		bl	HAL_NVIC_EnableIRQ
 687              	.LVL24:
 688 0138 7AE7     		b	.L19
 689              	.LVL25:
 690              	.L35:
 235:Core/Src/fdcan.c ****     }
 691              		.loc 1 235 7 view .LVU276
 692 013a FFF7FEFF 		bl	Error_Handler
 693              	.LVL26:
 694 013e CBE7     		b	.L25
 695              	.L36:
 241:Core/Src/fdcan.c ****     }
 696              		.loc 1 241 7 view .LVU277
 697              	.LBB5:
 241:Core/Src/fdcan.c ****     }
 698              		.loc 1 241 7 view .LVU278
 241:Core/Src/fdcan.c ****     }
 699              		.loc 1 241 7 view .LVU279
 700 0140 324B     		ldr	r3, .L39+16
 701 0142 D3F8EC20 		ldr	r2, [r3, #236]
 702 0146 42F48072 		orr	r2, r2, #256
 703 014a C3F8EC20 		str	r2, [r3, #236]
 241:Core/Src/fdcan.c ****     }
ARM GAS  C:\Users\28212\AppData\Local\Temp\cc2A3B59.s 			page 20


 704              		.loc 1 241 7 view .LVU280
 705 014e D3F8EC30 		ldr	r3, [r3, #236]
 706 0152 03F48073 		and	r3, r3, #256
 707 0156 0293     		str	r3, [sp, #8]
 241:Core/Src/fdcan.c ****     }
 708              		.loc 1 241 7 view .LVU281
 709 0158 029B     		ldr	r3, [sp, #8]
 710 015a C3E7     		b	.L26
 711              	.L32:
 712              	.LBE5:
 273:Core/Src/fdcan.c ****     PeriphClkInitStruct.FdcanClockSelection = RCC_FDCANCLKSOURCE_PLL;
 713              		.loc 1 273 5 view .LVU282
 273:Core/Src/fdcan.c ****     PeriphClkInitStruct.FdcanClockSelection = RCC_FDCANCLKSOURCE_PLL;
 714              		.loc 1 273 46 is_stmt 0 view .LVU283
 715 015c 4FF40042 		mov	r2, #32768
 716 0160 0023     		movs	r3, #0
 717 0162 CDE90623 		strd	r2, [sp, #24]
 274:Core/Src/fdcan.c ****     if (HAL_RCCEx_PeriphCLKConfig(&PeriphClkInitStruct) != HAL_OK)
 718              		.loc 1 274 5 is_stmt 1 view .LVU284
 274:Core/Src/fdcan.c ****     if (HAL_RCCEx_PeriphCLKConfig(&PeriphClkInitStruct) != HAL_OK)
 719              		.loc 1 274 45 is_stmt 0 view .LVU285
 720 0166 4FF08053 		mov	r3, #268435456
 721 016a 2193     		str	r3, [sp, #132]
 275:Core/Src/fdcan.c ****     {
 722              		.loc 1 275 5 is_stmt 1 view .LVU286
 275:Core/Src/fdcan.c ****     {
 723              		.loc 1 275 9 is_stmt 0 view .LVU287
 724 016c 06A8     		add	r0, sp, #24
 725 016e FFF7FEFF 		bl	HAL_RCCEx_PeriphCLKConfig
 726              	.LVL27:
 275:Core/Src/fdcan.c ****     {
 727              		.loc 1 275 8 view .LVU288
 728 0172 88BB     		cbnz	r0, .L37
 729              	.L27:
 281:Core/Src/fdcan.c ****     if(HAL_RCC_FDCAN_CLK_ENABLED==1){
 730              		.loc 1 281 5 is_stmt 1 view .LVU289
 281:Core/Src/fdcan.c ****     if(HAL_RCC_FDCAN_CLK_ENABLED==1){
 731              		.loc 1 281 30 is_stmt 0 view .LVU290
 732 0174 244A     		ldr	r2, .L39+12
 733 0176 1368     		ldr	r3, [r2]
 734 0178 0133     		adds	r3, r3, #1
 735 017a 1360     		str	r3, [r2]
 282:Core/Src/fdcan.c ****       __HAL_RCC_FDCAN_CLK_ENABLE();
 736              		.loc 1 282 5 is_stmt 1 view .LVU291
 282:Core/Src/fdcan.c ****       __HAL_RCC_FDCAN_CLK_ENABLE();
 737              		.loc 1 282 7 is_stmt 0 view .LVU292
 738 017c 012B     		cmp	r3, #1
 739 017e 2ED0     		beq	.L38
 740              	.L28:
 283:Core/Src/fdcan.c ****     }
 741              		.loc 1 283 7 is_stmt 1 discriminator 1 view .LVU293
 286:Core/Src/fdcan.c ****     /**FDCAN3 GPIO Configuration
 742              		.loc 1 286 5 discriminator 1 view .LVU294
 743              	.LBB6:
 286:Core/Src/fdcan.c ****     /**FDCAN3 GPIO Configuration
 744              		.loc 1 286 5 discriminator 1 view .LVU295
 286:Core/Src/fdcan.c ****     /**FDCAN3 GPIO Configuration
ARM GAS  C:\Users\28212\AppData\Local\Temp\cc2A3B59.s 			page 21


 745              		.loc 1 286 5 discriminator 1 view .LVU296
 746 0180 224B     		ldr	r3, .L39+16
 747 0182 D3F8E020 		ldr	r2, [r3, #224]
 748 0186 42F00802 		orr	r2, r2, #8
 749 018a C3F8E020 		str	r2, [r3, #224]
 286:Core/Src/fdcan.c ****     /**FDCAN3 GPIO Configuration
 750              		.loc 1 286 5 discriminator 1 view .LVU297
 751 018e D3F8E030 		ldr	r3, [r3, #224]
 752 0192 03F00803 		and	r3, r3, #8
 753 0196 0593     		str	r3, [sp, #20]
 286:Core/Src/fdcan.c ****     /**FDCAN3 GPIO Configuration
 754              		.loc 1 286 5 discriminator 1 view .LVU298
 755 0198 059B     		ldr	r3, [sp, #20]
 756              	.LBE6:
 286:Core/Src/fdcan.c ****     /**FDCAN3 GPIO Configuration
 757              		.loc 1 286 5 discriminator 1 view .LVU299
 291:Core/Src/fdcan.c ****     GPIO_InitStruct.Mode = GPIO_MODE_AF_PP;
 758              		.loc 1 291 5 discriminator 1 view .LVU300
 291:Core/Src/fdcan.c ****     GPIO_InitStruct.Mode = GPIO_MODE_AF_PP;
 759              		.loc 1 291 25 is_stmt 0 discriminator 1 view .LVU301
 760 019a 4FF44053 		mov	r3, #12288
 761 019e 3593     		str	r3, [sp, #212]
 292:Core/Src/fdcan.c ****     GPIO_InitStruct.Pull = GPIO_NOPULL;
 762              		.loc 1 292 5 is_stmt 1 discriminator 1 view .LVU302
 292:Core/Src/fdcan.c ****     GPIO_InitStruct.Pull = GPIO_NOPULL;
 763              		.loc 1 292 26 is_stmt 0 discriminator 1 view .LVU303
 764 01a0 0223     		movs	r3, #2
 765 01a2 3693     		str	r3, [sp, #216]
 293:Core/Src/fdcan.c ****     GPIO_InitStruct.Speed = GPIO_SPEED_FREQ_LOW;
 766              		.loc 1 293 5 is_stmt 1 discriminator 1 view .LVU304
 293:Core/Src/fdcan.c ****     GPIO_InitStruct.Speed = GPIO_SPEED_FREQ_LOW;
 767              		.loc 1 293 26 is_stmt 0 discriminator 1 view .LVU305
 768 01a4 0024     		movs	r4, #0
 769              	.LVL28:
 293:Core/Src/fdcan.c ****     GPIO_InitStruct.Speed = GPIO_SPEED_FREQ_LOW;
 770              		.loc 1 293 26 discriminator 1 view .LVU306
 771 01a6 3794     		str	r4, [sp, #220]
 294:Core/Src/fdcan.c ****     GPIO_InitStruct.Alternate = GPIO_AF5_FDCAN3;
 772              		.loc 1 294 5 is_stmt 1 discriminator 1 view .LVU307
 294:Core/Src/fdcan.c ****     GPIO_InitStruct.Alternate = GPIO_AF5_FDCAN3;
 773              		.loc 1 294 27 is_stmt 0 discriminator 1 view .LVU308
 774 01a8 3894     		str	r4, [sp, #224]
 295:Core/Src/fdcan.c ****     HAL_GPIO_Init(GPIOD, &GPIO_InitStruct);
 775              		.loc 1 295 5 is_stmt 1 discriminator 1 view .LVU309
 295:Core/Src/fdcan.c ****     HAL_GPIO_Init(GPIOD, &GPIO_InitStruct);
 776              		.loc 1 295 31 is_stmt 0 discriminator 1 view .LVU310
 777 01aa 0525     		movs	r5, #5
 778 01ac 3995     		str	r5, [sp, #228]
 296:Core/Src/fdcan.c **** 
 779              		.loc 1 296 5 is_stmt 1 discriminator 1 view .LVU311
 780 01ae 35A9     		add	r1, sp, #212
 781 01b0 1748     		ldr	r0, .L39+20
 782 01b2 FFF7FEFF 		bl	HAL_GPIO_Init
 783              	.LVL29:
 299:Core/Src/fdcan.c ****     HAL_NVIC_EnableIRQ(FDCAN3_IT0_IRQn);
 784              		.loc 1 299 5 discriminator 1 view .LVU312
 785 01b6 2246     		mov	r2, r4
ARM GAS  C:\Users\28212\AppData\Local\Temp\cc2A3B59.s 			page 22


 786 01b8 2946     		mov	r1, r5
 787 01ba 9F20     		movs	r0, #159
 788 01bc FFF7FEFF 		bl	HAL_NVIC_SetPriority
 789              	.LVL30:
 300:Core/Src/fdcan.c ****     HAL_NVIC_SetPriority(FDCAN3_IT1_IRQn, 5, 0);
 790              		.loc 1 300 5 discriminator 1 view .LVU313
 791 01c0 9F20     		movs	r0, #159
 792 01c2 FFF7FEFF 		bl	HAL_NVIC_EnableIRQ
 793              	.LVL31:
 301:Core/Src/fdcan.c ****     HAL_NVIC_EnableIRQ(FDCAN3_IT1_IRQn);
 794              		.loc 1 301 5 discriminator 1 view .LVU314
 795 01c6 2246     		mov	r2, r4
 796 01c8 2946     		mov	r1, r5
 797 01ca A020     		movs	r0, #160
 798 01cc FFF7FEFF 		bl	HAL_NVIC_SetPriority
 799              	.LVL32:
 302:Core/Src/fdcan.c ****   /* USER CODE BEGIN FDCAN3_MspInit 1 */
 800              		.loc 1 302 5 discriminator 1 view .LVU315
 801 01d0 A020     		movs	r0, #160
 802 01d2 FFF7FEFF 		bl	HAL_NVIC_EnableIRQ
 803              	.LVL33:
 804              		.loc 1 307 1 is_stmt 0 discriminator 1 view .LVU316
 805 01d6 2BE7     		b	.L19
 806              	.LVL34:
 807              	.L37:
 277:Core/Src/fdcan.c ****     }
 808              		.loc 1 277 7 is_stmt 1 view .LVU317
 809 01d8 FFF7FEFF 		bl	Error_Handler
 810              	.LVL35:
 811 01dc CAE7     		b	.L27
 812              	.L38:
 283:Core/Src/fdcan.c ****     }
 813              		.loc 1 283 7 view .LVU318
 814              	.LBB7:
 283:Core/Src/fdcan.c ****     }
 815              		.loc 1 283 7 view .LVU319
 283:Core/Src/fdcan.c ****     }
 816              		.loc 1 283 7 view .LVU320
 817 01de 0B4B     		ldr	r3, .L39+16
 818 01e0 D3F8EC20 		ldr	r2, [r3, #236]
 819 01e4 42F48072 		orr	r2, r2, #256
 820 01e8 C3F8EC20 		str	r2, [r3, #236]
 283:Core/Src/fdcan.c ****     }
 821              		.loc 1 283 7 view .LVU321
 822 01ec D3F8EC30 		ldr	r3, [r3, #236]
 823 01f0 03F48073 		and	r3, r3, #256
 824 01f4 0493     		str	r3, [sp, #16]
 283:Core/Src/fdcan.c ****     }
 825              		.loc 1 283 7 view .LVU322
 826 01f6 049B     		ldr	r3, [sp, #16]
 827 01f8 C2E7     		b	.L28
 828              	.L40:
 829 01fa 00BF     		.align	2
 830              	.L39:
 831 01fc 00A00040 		.word	1073782784
 832 0200 00A40040 		.word	1073783808
 833 0204 00D40040 		.word	1073796096
ARM GAS  C:\Users\28212\AppData\Local\Temp\cc2A3B59.s 			page 23


 834 0208 00000000 		.word	.LANCHOR3
 835 020c 00440258 		.word	1476543488
 836 0210 000C0258 		.word	1476529152
 837 0214 00040258 		.word	1476527104
 838              	.LBE7:
 839              		.cfi_endproc
 840              	.LFE147:
 842              		.section	.text.HAL_FDCAN_MspDeInit,"ax",%progbits
 843              		.align	1
 844              		.global	HAL_FDCAN_MspDeInit
 845              		.syntax unified
 846              		.thumb
 847              		.thumb_func
 849              	HAL_FDCAN_MspDeInit:
 850              	.LVL36:
 851              	.LFB148:
 308:Core/Src/fdcan.c **** 
 309:Core/Src/fdcan.c **** void HAL_FDCAN_MspDeInit(FDCAN_HandleTypeDef* fdcanHandle)
 310:Core/Src/fdcan.c **** {
 852              		.loc 1 310 1 view -0
 853              		.cfi_startproc
 854              		@ args = 0, pretend = 0, frame = 0
 855              		@ frame_needed = 0, uses_anonymous_args = 0
 856              		.loc 1 310 1 is_stmt 0 view .LVU324
 857 0000 08B5     		push	{r3, lr}
 858              		.cfi_def_cfa_offset 8
 859              		.cfi_offset 3, -8
 860              		.cfi_offset 14, -4
 311:Core/Src/fdcan.c **** 
 312:Core/Src/fdcan.c ****   if(fdcanHandle->Instance==FDCAN1)
 861              		.loc 1 312 3 is_stmt 1 view .LVU325
 862              		.loc 1 312 17 is_stmt 0 view .LVU326
 863 0002 0368     		ldr	r3, [r0]
 864              		.loc 1 312 5 view .LVU327
 865 0004 264A     		ldr	r2, .L52
 866 0006 9342     		cmp	r3, r2
 867 0008 06D0     		beq	.L49
 313:Core/Src/fdcan.c ****   {
 314:Core/Src/fdcan.c ****   /* USER CODE BEGIN FDCAN1_MspDeInit 0 */
 315:Core/Src/fdcan.c **** 
 316:Core/Src/fdcan.c ****   /* USER CODE END FDCAN1_MspDeInit 0 */
 317:Core/Src/fdcan.c ****     /* Peripheral clock disable */
 318:Core/Src/fdcan.c ****     HAL_RCC_FDCAN_CLK_ENABLED--;
 319:Core/Src/fdcan.c ****     if(HAL_RCC_FDCAN_CLK_ENABLED==0){
 320:Core/Src/fdcan.c ****       __HAL_RCC_FDCAN_CLK_DISABLE();
 321:Core/Src/fdcan.c ****     }
 322:Core/Src/fdcan.c **** 
 323:Core/Src/fdcan.c ****     /**FDCAN1 GPIO Configuration
 324:Core/Src/fdcan.c ****     PD0     ------> FDCAN1_RX
 325:Core/Src/fdcan.c ****     PD1     ------> FDCAN1_TX
 326:Core/Src/fdcan.c ****     */
 327:Core/Src/fdcan.c ****     HAL_GPIO_DeInit(GPIOD, GPIO_PIN_0|GPIO_PIN_1);
 328:Core/Src/fdcan.c **** 
 329:Core/Src/fdcan.c ****     /* FDCAN1 interrupt Deinit */
 330:Core/Src/fdcan.c ****     HAL_NVIC_DisableIRQ(FDCAN1_IT0_IRQn);
 331:Core/Src/fdcan.c ****   /* USER CODE BEGIN FDCAN1_MspDeInit 1 */
 332:Core/Src/fdcan.c **** 
ARM GAS  C:\Users\28212\AppData\Local\Temp\cc2A3B59.s 			page 24


 333:Core/Src/fdcan.c ****   /* USER CODE END FDCAN1_MspDeInit 1 */
 334:Core/Src/fdcan.c ****   }
 335:Core/Src/fdcan.c ****   else if(fdcanHandle->Instance==FDCAN2)
 868              		.loc 1 335 8 is_stmt 1 view .LVU328
 869              		.loc 1 335 10 is_stmt 0 view .LVU329
 870 000a 264A     		ldr	r2, .L52+4
 871 000c 9342     		cmp	r3, r2
 872 000e 17D0     		beq	.L50
 336:Core/Src/fdcan.c ****   {
 337:Core/Src/fdcan.c ****   /* USER CODE BEGIN FDCAN2_MspDeInit 0 */
 338:Core/Src/fdcan.c **** 
 339:Core/Src/fdcan.c ****   /* USER CODE END FDCAN2_MspDeInit 0 */
 340:Core/Src/fdcan.c ****     /* Peripheral clock disable */
 341:Core/Src/fdcan.c ****     HAL_RCC_FDCAN_CLK_ENABLED--;
 342:Core/Src/fdcan.c ****     if(HAL_RCC_FDCAN_CLK_ENABLED==0){
 343:Core/Src/fdcan.c ****       __HAL_RCC_FDCAN_CLK_DISABLE();
 344:Core/Src/fdcan.c ****     }
 345:Core/Src/fdcan.c **** 
 346:Core/Src/fdcan.c ****     /**FDCAN2 GPIO Configuration
 347:Core/Src/fdcan.c ****     PB5     ------> FDCAN2_RX
 348:Core/Src/fdcan.c ****     PB6     ------> FDCAN2_TX
 349:Core/Src/fdcan.c ****     */
 350:Core/Src/fdcan.c ****     HAL_GPIO_DeInit(GPIOB, GPIO_PIN_5|GPIO_PIN_6);
 351:Core/Src/fdcan.c **** 
 352:Core/Src/fdcan.c ****     /* FDCAN2 interrupt Deinit */
 353:Core/Src/fdcan.c ****     HAL_NVIC_DisableIRQ(FDCAN2_IT0_IRQn);
 354:Core/Src/fdcan.c ****     HAL_NVIC_DisableIRQ(FDCAN2_IT1_IRQn);
 355:Core/Src/fdcan.c ****   /* USER CODE BEGIN FDCAN2_MspDeInit 1 */
 356:Core/Src/fdcan.c **** 
 357:Core/Src/fdcan.c ****   /* USER CODE END FDCAN2_MspDeInit 1 */
 358:Core/Src/fdcan.c ****   }
 359:Core/Src/fdcan.c ****   else if(fdcanHandle->Instance==FDCAN3)
 873              		.loc 1 359 8 is_stmt 1 view .LVU330
 874              		.loc 1 359 10 is_stmt 0 view .LVU331
 875 0010 254A     		ldr	r2, .L52+8
 876 0012 9342     		cmp	r3, r2
 877 0014 2BD0     		beq	.L51
 878              	.LVL37:
 879              	.L41:
 360:Core/Src/fdcan.c ****   {
 361:Core/Src/fdcan.c ****   /* USER CODE BEGIN FDCAN3_MspDeInit 0 */
 362:Core/Src/fdcan.c **** 
 363:Core/Src/fdcan.c ****   /* USER CODE END FDCAN3_MspDeInit 0 */
 364:Core/Src/fdcan.c ****     /* Peripheral clock disable */
 365:Core/Src/fdcan.c ****     HAL_RCC_FDCAN_CLK_ENABLED--;
 366:Core/Src/fdcan.c ****     if(HAL_RCC_FDCAN_CLK_ENABLED==0){
 367:Core/Src/fdcan.c ****       __HAL_RCC_FDCAN_CLK_DISABLE();
 368:Core/Src/fdcan.c ****     }
 369:Core/Src/fdcan.c **** 
 370:Core/Src/fdcan.c ****     /**FDCAN3 GPIO Configuration
 371:Core/Src/fdcan.c ****     PD12     ------> FDCAN3_RX
 372:Core/Src/fdcan.c ****     PD13     ------> FDCAN3_TX
 373:Core/Src/fdcan.c ****     */
 374:Core/Src/fdcan.c ****     HAL_GPIO_DeInit(GPIOD, GPIO_PIN_12|GPIO_PIN_13);
 375:Core/Src/fdcan.c **** 
 376:Core/Src/fdcan.c ****     /* FDCAN3 interrupt Deinit */
 377:Core/Src/fdcan.c ****     HAL_NVIC_DisableIRQ(FDCAN3_IT0_IRQn);
ARM GAS  C:\Users\28212\AppData\Local\Temp\cc2A3B59.s 			page 25


 378:Core/Src/fdcan.c ****     HAL_NVIC_DisableIRQ(FDCAN3_IT1_IRQn);
 379:Core/Src/fdcan.c ****   /* USER CODE BEGIN FDCAN3_MspDeInit 1 */
 380:Core/Src/fdcan.c **** 
 381:Core/Src/fdcan.c ****   /* USER CODE END FDCAN3_MspDeInit 1 */
 382:Core/Src/fdcan.c ****   }
 383:Core/Src/fdcan.c **** }
 880              		.loc 1 383 1 view .LVU332
 881 0016 08BD     		pop	{r3, pc}
 882              	.LVL38:
 883              	.L49:
 318:Core/Src/fdcan.c ****     if(HAL_RCC_FDCAN_CLK_ENABLED==0){
 884              		.loc 1 318 5 is_stmt 1 view .LVU333
 318:Core/Src/fdcan.c ****     if(HAL_RCC_FDCAN_CLK_ENABLED==0){
 885              		.loc 1 318 30 is_stmt 0 view .LVU334
 886 0018 244A     		ldr	r2, .L52+12
 887 001a 1368     		ldr	r3, [r2]
 888 001c 013B     		subs	r3, r3, #1
 889 001e 1360     		str	r3, [r2]
 319:Core/Src/fdcan.c ****       __HAL_RCC_FDCAN_CLK_DISABLE();
 890              		.loc 1 319 5 is_stmt 1 view .LVU335
 319:Core/Src/fdcan.c ****       __HAL_RCC_FDCAN_CLK_DISABLE();
 891              		.loc 1 319 7 is_stmt 0 view .LVU336
 892 0020 33B9     		cbnz	r3, .L43
 320:Core/Src/fdcan.c ****     }
 893              		.loc 1 320 7 is_stmt 1 view .LVU337
 894 0022 234A     		ldr	r2, .L52+16
 895 0024 D2F8EC30 		ldr	r3, [r2, #236]
 896 0028 23F48073 		bic	r3, r3, #256
 897 002c C2F8EC30 		str	r3, [r2, #236]
 898              	.L43:
 327:Core/Src/fdcan.c **** 
 899              		.loc 1 327 5 view .LVU338
 900 0030 0321     		movs	r1, #3
 901 0032 2048     		ldr	r0, .L52+20
 902              	.LVL39:
 327:Core/Src/fdcan.c **** 
 903              		.loc 1 327 5 is_stmt 0 view .LVU339
 904 0034 FFF7FEFF 		bl	HAL_GPIO_DeInit
 905              	.LVL40:
 330:Core/Src/fdcan.c ****   /* USER CODE BEGIN FDCAN1_MspDeInit 1 */
 906              		.loc 1 330 5 is_stmt 1 view .LVU340
 907 0038 1320     		movs	r0, #19
 908 003a FFF7FEFF 		bl	HAL_NVIC_DisableIRQ
 909              	.LVL41:
 910 003e EAE7     		b	.L41
 911              	.LVL42:
 912              	.L50:
 341:Core/Src/fdcan.c ****     if(HAL_RCC_FDCAN_CLK_ENABLED==0){
 913              		.loc 1 341 5 view .LVU341
 341:Core/Src/fdcan.c ****     if(HAL_RCC_FDCAN_CLK_ENABLED==0){
 914              		.loc 1 341 30 is_stmt 0 view .LVU342
 915 0040 1A4A     		ldr	r2, .L52+12
 916 0042 1368     		ldr	r3, [r2]
 917 0044 013B     		subs	r3, r3, #1
 918 0046 1360     		str	r3, [r2]
 342:Core/Src/fdcan.c ****       __HAL_RCC_FDCAN_CLK_DISABLE();
 919              		.loc 1 342 5 is_stmt 1 view .LVU343
ARM GAS  C:\Users\28212\AppData\Local\Temp\cc2A3B59.s 			page 26


 342:Core/Src/fdcan.c ****       __HAL_RCC_FDCAN_CLK_DISABLE();
 920              		.loc 1 342 7 is_stmt 0 view .LVU344
 921 0048 33B9     		cbnz	r3, .L46
 343:Core/Src/fdcan.c ****     }
 922              		.loc 1 343 7 is_stmt 1 view .LVU345
 923 004a 194A     		ldr	r2, .L52+16
 924 004c D2F8EC30 		ldr	r3, [r2, #236]
 925 0050 23F48073 		bic	r3, r3, #256
 926 0054 C2F8EC30 		str	r3, [r2, #236]
 927              	.L46:
 350:Core/Src/fdcan.c **** 
 928              		.loc 1 350 5 view .LVU346
 929 0058 6021     		movs	r1, #96
 930 005a 1748     		ldr	r0, .L52+24
 931              	.LVL43:
 350:Core/Src/fdcan.c **** 
 932              		.loc 1 350 5 is_stmt 0 view .LVU347
 933 005c FFF7FEFF 		bl	HAL_GPIO_DeInit
 934              	.LVL44:
 353:Core/Src/fdcan.c ****     HAL_NVIC_DisableIRQ(FDCAN2_IT1_IRQn);
 935              		.loc 1 353 5 is_stmt 1 view .LVU348
 936 0060 1420     		movs	r0, #20
 937 0062 FFF7FEFF 		bl	HAL_NVIC_DisableIRQ
 938              	.LVL45:
 354:Core/Src/fdcan.c ****   /* USER CODE BEGIN FDCAN2_MspDeInit 1 */
 939              		.loc 1 354 5 view .LVU349
 940 0066 1620     		movs	r0, #22
 941 0068 FFF7FEFF 		bl	HAL_NVIC_DisableIRQ
 942              	.LVL46:
 943 006c D3E7     		b	.L41
 944              	.LVL47:
 945              	.L51:
 365:Core/Src/fdcan.c ****     if(HAL_RCC_FDCAN_CLK_ENABLED==0){
 946              		.loc 1 365 5 view .LVU350
 365:Core/Src/fdcan.c ****     if(HAL_RCC_FDCAN_CLK_ENABLED==0){
 947              		.loc 1 365 30 is_stmt 0 view .LVU351
 948 006e 0F4A     		ldr	r2, .L52+12
 949 0070 1368     		ldr	r3, [r2]
 950 0072 013B     		subs	r3, r3, #1
 951 0074 1360     		str	r3, [r2]
 366:Core/Src/fdcan.c ****       __HAL_RCC_FDCAN_CLK_DISABLE();
 952              		.loc 1 366 5 is_stmt 1 view .LVU352
 366:Core/Src/fdcan.c ****       __HAL_RCC_FDCAN_CLK_DISABLE();
 953              		.loc 1 366 7 is_stmt 0 view .LVU353
 954 0076 33B9     		cbnz	r3, .L47
 367:Core/Src/fdcan.c ****     }
 955              		.loc 1 367 7 is_stmt 1 view .LVU354
 956 0078 0D4A     		ldr	r2, .L52+16
 957 007a D2F8EC30 		ldr	r3, [r2, #236]
 958 007e 23F48073 		bic	r3, r3, #256
 959 0082 C2F8EC30 		str	r3, [r2, #236]
 960              	.L47:
 374:Core/Src/fdcan.c **** 
 961              		.loc 1 374 5 view .LVU355
 962 0086 4FF44051 		mov	r1, #12288
 963 008a 0A48     		ldr	r0, .L52+20
 964              	.LVL48:
ARM GAS  C:\Users\28212\AppData\Local\Temp\cc2A3B59.s 			page 27


 374:Core/Src/fdcan.c **** 
 965              		.loc 1 374 5 is_stmt 0 view .LVU356
 966 008c FFF7FEFF 		bl	HAL_GPIO_DeInit
 967              	.LVL49:
 377:Core/Src/fdcan.c ****     HAL_NVIC_DisableIRQ(FDCAN3_IT1_IRQn);
 968              		.loc 1 377 5 is_stmt 1 view .LVU357
 969 0090 9F20     		movs	r0, #159
 970 0092 FFF7FEFF 		bl	HAL_NVIC_DisableIRQ
 971              	.LVL50:
 378:Core/Src/fdcan.c ****   /* USER CODE BEGIN FDCAN3_MspDeInit 1 */
 972              		.loc 1 378 5 view .LVU358
 973 0096 A020     		movs	r0, #160
 974 0098 FFF7FEFF 		bl	HAL_NVIC_DisableIRQ
 975              	.LVL51:
 976              		.loc 1 383 1 is_stmt 0 view .LVU359
 977 009c BBE7     		b	.L41
 978              	.L53:
 979 009e 00BF     		.align	2
 980              	.L52:
 981 00a0 00A00040 		.word	1073782784
 982 00a4 00A40040 		.word	1073783808
 983 00a8 00D40040 		.word	1073796096
 984 00ac 00000000 		.word	.LANCHOR3
 985 00b0 00440258 		.word	1476543488
 986 00b4 000C0258 		.word	1476529152
 987 00b8 00040258 		.word	1476527104
 988              		.cfi_endproc
 989              	.LFE148:
 991              		.global	hfdcan3
 992              		.global	hfdcan2
 993              		.global	hfdcan1
 994              		.section	.bss.HAL_RCC_FDCAN_CLK_ENABLED,"aw",%nobits
 995              		.align	2
 996              		.set	.LANCHOR3,. + 0
 999              	HAL_RCC_FDCAN_CLK_ENABLED:
 1000 0000 00000000 		.space	4
 1001              		.section	.bss.hfdcan1,"aw",%nobits
 1002              		.align	2
 1003              		.set	.LANCHOR0,. + 0
 1006              	hfdcan1:
 1007 0000 00000000 		.space	160
 1007      00000000 
 1007      00000000 
 1007      00000000 
 1007      00000000 
 1008              		.section	.bss.hfdcan2,"aw",%nobits
 1009              		.align	2
 1010              		.set	.LANCHOR1,. + 0
 1013              	hfdcan2:
 1014 0000 00000000 		.space	160
 1014      00000000 
 1014      00000000 
 1014      00000000 
 1014      00000000 
 1015              		.section	.bss.hfdcan3,"aw",%nobits
 1016              		.align	2
 1017              		.set	.LANCHOR2,. + 0
ARM GAS  C:\Users\28212\AppData\Local\Temp\cc2A3B59.s 			page 28


 1020              	hfdcan3:
 1021 0000 00000000 		.space	160
 1021      00000000 
 1021      00000000 
 1021      00000000 
 1021      00000000 
 1022              		.text
 1023              	.Letext0:
 1024              		.file 2 "d:\\gcc-arm-none-eabi-10.3-2021.10\\arm-none-eabi\\include\\machine\\_default_types.h"
 1025              		.file 3 "d:\\gcc-arm-none-eabi-10.3-2021.10\\arm-none-eabi\\include\\sys\\_stdint.h"
 1026              		.file 4 "Drivers/CMSIS/Device/ST/STM32H7xx/Include/stm32h723xx.h"
 1027              		.file 5 "Drivers/CMSIS/Device/ST/STM32H7xx/Include/stm32h7xx.h"
 1028              		.file 6 "Drivers/STM32H7xx_HAL_Driver/Inc/stm32h7xx_hal_def.h"
 1029              		.file 7 "Drivers/STM32H7xx_HAL_Driver/Inc/stm32h7xx_hal_rcc_ex.h"
 1030              		.file 8 "Drivers/STM32H7xx_HAL_Driver/Inc/stm32h7xx_hal_gpio.h"
 1031              		.file 9 "Drivers/STM32H7xx_HAL_Driver/Inc/stm32h7xx_hal_fdcan.h"
 1032              		.file 10 "Core/Inc/fdcan.h"
 1033              		.file 11 "Drivers/STM32H7xx_HAL_Driver/Inc/stm32h7xx_hal_cortex.h"
 1034              		.file 12 "Core/Inc/main.h"
 1035              		.file 13 "<built-in>"
ARM GAS  C:\Users\28212\AppData\Local\Temp\cc2A3B59.s 			page 29


DEFINED SYMBOLS
                            *ABS*:00000000 fdcan.c
C:\Users\28212\AppData\Local\Temp\cc2A3B59.s:19     .text.MX_FDCAN1_Init:00000000 $t
C:\Users\28212\AppData\Local\Temp\cc2A3B59.s:25     .text.MX_FDCAN1_Init:00000000 MX_FDCAN1_Init
C:\Users\28212\AppData\Local\Temp\cc2A3B59.s:149    .text.MX_FDCAN1_Init:00000060 $d
C:\Users\28212\AppData\Local\Temp\cc2A3B59.s:155    .text.MX_FDCAN2_Init:00000000 $t
C:\Users\28212\AppData\Local\Temp\cc2A3B59.s:161    .text.MX_FDCAN2_Init:00000000 MX_FDCAN2_Init
C:\Users\28212\AppData\Local\Temp\cc2A3B59.s:284    .text.MX_FDCAN2_Init:00000060 $d
C:\Users\28212\AppData\Local\Temp\cc2A3B59.s:290    .text.MX_FDCAN3_Init:00000000 $t
C:\Users\28212\AppData\Local\Temp\cc2A3B59.s:296    .text.MX_FDCAN3_Init:00000000 MX_FDCAN3_Init
C:\Users\28212\AppData\Local\Temp\cc2A3B59.s:419    .text.MX_FDCAN3_Init:00000060 $d
C:\Users\28212\AppData\Local\Temp\cc2A3B59.s:425    .text.HAL_FDCAN_MspInit:00000000 $t
C:\Users\28212\AppData\Local\Temp\cc2A3B59.s:431    .text.HAL_FDCAN_MspInit:00000000 HAL_FDCAN_MspInit
C:\Users\28212\AppData\Local\Temp\cc2A3B59.s:831    .text.HAL_FDCAN_MspInit:000001fc $d
C:\Users\28212\AppData\Local\Temp\cc2A3B59.s:843    .text.HAL_FDCAN_MspDeInit:00000000 $t
C:\Users\28212\AppData\Local\Temp\cc2A3B59.s:849    .text.HAL_FDCAN_MspDeInit:00000000 HAL_FDCAN_MspDeInit
C:\Users\28212\AppData\Local\Temp\cc2A3B59.s:981    .text.HAL_FDCAN_MspDeInit:000000a0 $d
C:\Users\28212\AppData\Local\Temp\cc2A3B59.s:1020   .bss.hfdcan3:00000000 hfdcan3
C:\Users\28212\AppData\Local\Temp\cc2A3B59.s:1013   .bss.hfdcan2:00000000 hfdcan2
C:\Users\28212\AppData\Local\Temp\cc2A3B59.s:1006   .bss.hfdcan1:00000000 hfdcan1
C:\Users\28212\AppData\Local\Temp\cc2A3B59.s:995    .bss.HAL_RCC_FDCAN_CLK_ENABLED:00000000 $d
C:\Users\28212\AppData\Local\Temp\cc2A3B59.s:999    .bss.HAL_RCC_FDCAN_CLK_ENABLED:00000000 HAL_RCC_FDCAN_CLK_ENABLED
C:\Users\28212\AppData\Local\Temp\cc2A3B59.s:1002   .bss.hfdcan1:00000000 $d
C:\Users\28212\AppData\Local\Temp\cc2A3B59.s:1009   .bss.hfdcan2:00000000 $d
C:\Users\28212\AppData\Local\Temp\cc2A3B59.s:1016   .bss.hfdcan3:00000000 $d

UNDEFINED SYMBOLS
HAL_FDCAN_Init
Error_Handler
memset
HAL_RCCEx_PeriphCLKConfig
HAL_GPIO_Init
HAL_NVIC_SetPriority
HAL_NVIC_EnableIRQ
HAL_GPIO_DeInit
HAL_NVIC_DisableIRQ
