ARM GAS  C:\Users\28212\AppData\Local\Temp\ccaZrdtf.s 			page 1


   1              		.cpu cortex-m7
   2              		.arch armv7e-m
   3              		.fpu fpv5-d16
   4              		.eabi_attribute 28, 1
   5              		.eabi_attribute 20, 1
   6              		.eabi_attribute 21, 1
   7              		.eabi_attribute 23, 3
   8              		.eabi_attribute 24, 1
   9              		.eabi_attribute 25, 1
  10              		.eabi_attribute 26, 1
  11              		.eabi_attribute 30, 1
  12              		.eabi_attribute 34, 1
  13              		.eabi_attribute 18, 4
  14              		.file	"stm32h7xx_it.c"
  15              		.text
  16              	.Ltext0:
  17              		.cfi_sections	.debug_frame
  18              		.section	.text.NMI_Handler,"ax",%progbits
  19              		.align	1
  20              		.global	NMI_Handler
  21              		.syntax unified
  22              		.thumb
  23              		.thumb_func
  25              	NMI_Handler:
  26              	.LFB144:
  27              		.file 1 "Core/Src/stm32h7xx_it.c"
   1:Core/Src/stm32h7xx_it.c **** /* USER CODE BEGIN Header */
   2:Core/Src/stm32h7xx_it.c **** /**
   3:Core/Src/stm32h7xx_it.c ****   ******************************************************************************
   4:Core/Src/stm32h7xx_it.c ****   * @file    stm32h7xx_it.c
   5:Core/Src/stm32h7xx_it.c ****   * @brief   Interrupt Service Routines.
   6:Core/Src/stm32h7xx_it.c ****   ******************************************************************************
   7:Core/Src/stm32h7xx_it.c ****   * @attention
   8:Core/Src/stm32h7xx_it.c ****   *
   9:Core/Src/stm32h7xx_it.c ****   * Copyright (c) 2024 STMicroelectronics.
  10:Core/Src/stm32h7xx_it.c ****   * All rights reserved.
  11:Core/Src/stm32h7xx_it.c ****   *
  12:Core/Src/stm32h7xx_it.c ****   * This software is licensed under terms that can be found in the LICENSE file
  13:Core/Src/stm32h7xx_it.c ****   * in the root directory of this software component.
  14:Core/Src/stm32h7xx_it.c ****   * If no LICENSE file comes with this software, it is provided AS-IS.
  15:Core/Src/stm32h7xx_it.c ****   *
  16:Core/Src/stm32h7xx_it.c ****   ******************************************************************************
  17:Core/Src/stm32h7xx_it.c ****   */
  18:Core/Src/stm32h7xx_it.c **** /* USER CODE END Header */
  19:Core/Src/stm32h7xx_it.c **** 
  20:Core/Src/stm32h7xx_it.c **** /* Includes ------------------------------------------------------------------*/
  21:Core/Src/stm32h7xx_it.c **** #include "main.h"
  22:Core/Src/stm32h7xx_it.c **** #include "stm32h7xx_it.h"
  23:Core/Src/stm32h7xx_it.c **** /* Private includes ----------------------------------------------------------*/
  24:Core/Src/stm32h7xx_it.c **** /* USER CODE BEGIN Includes */
  25:Core/Src/stm32h7xx_it.c **** /* USER CODE END Includes */
  26:Core/Src/stm32h7xx_it.c **** 
  27:Core/Src/stm32h7xx_it.c **** /* Private typedef -----------------------------------------------------------*/
  28:Core/Src/stm32h7xx_it.c **** /* USER CODE BEGIN TD */
  29:Core/Src/stm32h7xx_it.c **** 
  30:Core/Src/stm32h7xx_it.c **** /* USER CODE END TD */
  31:Core/Src/stm32h7xx_it.c **** 
ARM GAS  C:\Users\28212\AppData\Local\Temp\ccaZrdtf.s 			page 2


  32:Core/Src/stm32h7xx_it.c **** /* Private define ------------------------------------------------------------*/
  33:Core/Src/stm32h7xx_it.c **** /* USER CODE BEGIN PD */
  34:Core/Src/stm32h7xx_it.c **** 
  35:Core/Src/stm32h7xx_it.c **** /* USER CODE END PD */
  36:Core/Src/stm32h7xx_it.c **** 
  37:Core/Src/stm32h7xx_it.c **** /* Private macro -------------------------------------------------------------*/
  38:Core/Src/stm32h7xx_it.c **** /* USER CODE BEGIN PM */
  39:Core/Src/stm32h7xx_it.c **** 
  40:Core/Src/stm32h7xx_it.c **** /* USER CODE END PM */
  41:Core/Src/stm32h7xx_it.c **** 
  42:Core/Src/stm32h7xx_it.c **** /* Private variables ---------------------------------------------------------*/
  43:Core/Src/stm32h7xx_it.c **** /* USER CODE BEGIN PV */
  44:Core/Src/stm32h7xx_it.c **** 
  45:Core/Src/stm32h7xx_it.c **** /* USER CODE END PV */
  46:Core/Src/stm32h7xx_it.c **** 
  47:Core/Src/stm32h7xx_it.c **** /* Private function prototypes -----------------------------------------------*/
  48:Core/Src/stm32h7xx_it.c **** /* USER CODE BEGIN PFP */
  49:Core/Src/stm32h7xx_it.c **** 
  50:Core/Src/stm32h7xx_it.c **** /* USER CODE END PFP */
  51:Core/Src/stm32h7xx_it.c **** 
  52:Core/Src/stm32h7xx_it.c **** /* Private user code ---------------------------------------------------------*/
  53:Core/Src/stm32h7xx_it.c **** /* USER CODE BEGIN 0 */
  54:Core/Src/stm32h7xx_it.c **** 
  55:Core/Src/stm32h7xx_it.c **** /* USER CODE END 0 */
  56:Core/Src/stm32h7xx_it.c **** 
  57:Core/Src/stm32h7xx_it.c **** /* External variables --------------------------------------------------------*/
  58:Core/Src/stm32h7xx_it.c **** extern FDCAN_HandleTypeDef hfdcan1;
  59:Core/Src/stm32h7xx_it.c **** extern FDCAN_HandleTypeDef hfdcan2;
  60:Core/Src/stm32h7xx_it.c **** extern FDCAN_HandleTypeDef hfdcan3;
  61:Core/Src/stm32h7xx_it.c **** extern DMA_HandleTypeDef hdma_spi2_rx;
  62:Core/Src/stm32h7xx_it.c **** extern DMA_HandleTypeDef hdma_spi2_tx;
  63:Core/Src/stm32h7xx_it.c **** extern SPI_HandleTypeDef hspi2;
  64:Core/Src/stm32h7xx_it.c **** extern DMA_HandleTypeDef hdma_uart5_rx;
  65:Core/Src/stm32h7xx_it.c **** extern UART_HandleTypeDef huart5;
  66:Core/Src/stm32h7xx_it.c **** extern TIM_HandleTypeDef htim2;
  67:Core/Src/stm32h7xx_it.c **** 
  68:Core/Src/stm32h7xx_it.c **** /* USER CODE BEGIN EV */
  69:Core/Src/stm32h7xx_it.c **** 
  70:Core/Src/stm32h7xx_it.c **** /* USER CODE END EV */
  71:Core/Src/stm32h7xx_it.c **** 
  72:Core/Src/stm32h7xx_it.c **** /******************************************************************************/
  73:Core/Src/stm32h7xx_it.c **** /*           Cortex Processor Interruption and Exception Handlers          */
  74:Core/Src/stm32h7xx_it.c **** /******************************************************************************/
  75:Core/Src/stm32h7xx_it.c **** /**
  76:Core/Src/stm32h7xx_it.c ****   * @brief This function handles Non maskable interrupt.
  77:Core/Src/stm32h7xx_it.c ****   */
  78:Core/Src/stm32h7xx_it.c **** void NMI_Handler(void)
  79:Core/Src/stm32h7xx_it.c **** {
  28              		.loc 1 79 1 view -0
  29              		.cfi_startproc
  30              		@ Volatile: function does not return.
  31              		@ args = 0, pretend = 0, frame = 0
  32              		@ frame_needed = 0, uses_anonymous_args = 0
  33              		@ link register save eliminated.
  34              	.L2:
  80:Core/Src/stm32h7xx_it.c ****   /* USER CODE BEGIN NonMaskableInt_IRQn 0 */
  81:Core/Src/stm32h7xx_it.c **** 
ARM GAS  C:\Users\28212\AppData\Local\Temp\ccaZrdtf.s 			page 3


  82:Core/Src/stm32h7xx_it.c ****   /* USER CODE END NonMaskableInt_IRQn 0 */
  83:Core/Src/stm32h7xx_it.c ****   /* USER CODE BEGIN NonMaskableInt_IRQn 1 */
  84:Core/Src/stm32h7xx_it.c ****    while (1)
  35              		.loc 1 84 4 discriminator 1 view .LVU1
  85:Core/Src/stm32h7xx_it.c ****   {
  86:Core/Src/stm32h7xx_it.c ****   }
  36              		.loc 1 86 3 discriminator 1 view .LVU2
  84:Core/Src/stm32h7xx_it.c ****   {
  37              		.loc 1 84 10 discriminator 1 view .LVU3
  38 0000 FEE7     		b	.L2
  39              		.cfi_endproc
  40              	.LFE144:
  42              		.section	.text.HardFault_Handler,"ax",%progbits
  43              		.align	1
  44              		.global	HardFault_Handler
  45              		.syntax unified
  46              		.thumb
  47              		.thumb_func
  49              	HardFault_Handler:
  50              	.LFB145:
  87:Core/Src/stm32h7xx_it.c ****   /* USER CODE END NonMaskableInt_IRQn 1 */
  88:Core/Src/stm32h7xx_it.c **** }
  89:Core/Src/stm32h7xx_it.c **** 
  90:Core/Src/stm32h7xx_it.c **** /**
  91:Core/Src/stm32h7xx_it.c ****   * @brief This function handles Hard fault interrupt.
  92:Core/Src/stm32h7xx_it.c ****   */
  93:Core/Src/stm32h7xx_it.c **** void HardFault_Handler(void)
  94:Core/Src/stm32h7xx_it.c **** {
  51              		.loc 1 94 1 view -0
  52              		.cfi_startproc
  53              		@ Volatile: function does not return.
  54              		@ args = 0, pretend = 0, frame = 0
  55              		@ frame_needed = 0, uses_anonymous_args = 0
  56              		@ link register save eliminated.
  57              	.L4:
  95:Core/Src/stm32h7xx_it.c ****   /* USER CODE BEGIN HardFault_IRQn 0 */
  96:Core/Src/stm32h7xx_it.c **** 
  97:Core/Src/stm32h7xx_it.c ****   /* USER CODE END HardFault_IRQn 0 */
  98:Core/Src/stm32h7xx_it.c ****   while (1)
  58              		.loc 1 98 3 discriminator 1 view .LVU5
  99:Core/Src/stm32h7xx_it.c ****   {
 100:Core/Src/stm32h7xx_it.c ****     /* USER CODE BEGIN W1_HardFault_IRQn 0 */
 101:Core/Src/stm32h7xx_it.c ****     /* USER CODE END W1_HardFault_IRQn 0 */
 102:Core/Src/stm32h7xx_it.c ****   }
  59              		.loc 1 102 3 discriminator 1 view .LVU6
  98:Core/Src/stm32h7xx_it.c ****   {
  60              		.loc 1 98 9 discriminator 1 view .LVU7
  61 0000 FEE7     		b	.L4
  62              		.cfi_endproc
  63              	.LFE145:
  65              		.section	.text.MemManage_Handler,"ax",%progbits
  66              		.align	1
  67              		.global	MemManage_Handler
  68              		.syntax unified
  69              		.thumb
  70              		.thumb_func
  72              	MemManage_Handler:
ARM GAS  C:\Users\28212\AppData\Local\Temp\ccaZrdtf.s 			page 4


  73              	.LFB146:
 103:Core/Src/stm32h7xx_it.c **** }
 104:Core/Src/stm32h7xx_it.c **** 
 105:Core/Src/stm32h7xx_it.c **** /**
 106:Core/Src/stm32h7xx_it.c ****   * @brief This function handles Memory management fault.
 107:Core/Src/stm32h7xx_it.c ****   */
 108:Core/Src/stm32h7xx_it.c **** void MemManage_Handler(void)
 109:Core/Src/stm32h7xx_it.c **** {
  74              		.loc 1 109 1 view -0
  75              		.cfi_startproc
  76              		@ Volatile: function does not return.
  77              		@ args = 0, pretend = 0, frame = 0
  78              		@ frame_needed = 0, uses_anonymous_args = 0
  79              		@ link register save eliminated.
  80              	.L6:
 110:Core/Src/stm32h7xx_it.c ****   /* USER CODE BEGIN MemoryManagement_IRQn 0 */
 111:Core/Src/stm32h7xx_it.c **** 
 112:Core/Src/stm32h7xx_it.c ****   /* USER CODE END MemoryManagement_IRQn 0 */
 113:Core/Src/stm32h7xx_it.c ****   while (1)
  81              		.loc 1 113 3 discriminator 1 view .LVU9
 114:Core/Src/stm32h7xx_it.c ****   {
 115:Core/Src/stm32h7xx_it.c ****     /* USER CODE BEGIN W1_MemoryManagement_IRQn 0 */
 116:Core/Src/stm32h7xx_it.c ****     /* USER CODE END W1_MemoryManagement_IRQn 0 */
 117:Core/Src/stm32h7xx_it.c ****   }
  82              		.loc 1 117 3 discriminator 1 view .LVU10
 113:Core/Src/stm32h7xx_it.c ****   {
  83              		.loc 1 113 9 discriminator 1 view .LVU11
  84 0000 FEE7     		b	.L6
  85              		.cfi_endproc
  86              	.LFE146:
  88              		.section	.text.BusFault_Handler,"ax",%progbits
  89              		.align	1
  90              		.global	BusFault_Handler
  91              		.syntax unified
  92              		.thumb
  93              		.thumb_func
  95              	BusFault_Handler:
  96              	.LFB147:
 118:Core/Src/stm32h7xx_it.c **** }
 119:Core/Src/stm32h7xx_it.c **** 
 120:Core/Src/stm32h7xx_it.c **** /**
 121:Core/Src/stm32h7xx_it.c ****   * @brief This function handles Pre-fetch fault, memory access fault.
 122:Core/Src/stm32h7xx_it.c ****   */
 123:Core/Src/stm32h7xx_it.c **** void BusFault_Handler(void)
 124:Core/Src/stm32h7xx_it.c **** {
  97              		.loc 1 124 1 view -0
  98              		.cfi_startproc
  99              		@ Volatile: function does not return.
 100              		@ args = 0, pretend = 0, frame = 0
 101              		@ frame_needed = 0, uses_anonymous_args = 0
 102              		@ link register save eliminated.
 103              	.L8:
 125:Core/Src/stm32h7xx_it.c ****   /* USER CODE BEGIN BusFault_IRQn 0 */
 126:Core/Src/stm32h7xx_it.c **** 
 127:Core/Src/stm32h7xx_it.c ****   /* USER CODE END BusFault_IRQn 0 */
 128:Core/Src/stm32h7xx_it.c ****   while (1)
 104              		.loc 1 128 3 discriminator 1 view .LVU13
ARM GAS  C:\Users\28212\AppData\Local\Temp\ccaZrdtf.s 			page 5


 129:Core/Src/stm32h7xx_it.c ****   {
 130:Core/Src/stm32h7xx_it.c ****     /* USER CODE BEGIN W1_BusFault_IRQn 0 */
 131:Core/Src/stm32h7xx_it.c ****     /* USER CODE END W1_BusFault_IRQn 0 */
 132:Core/Src/stm32h7xx_it.c ****   }
 105              		.loc 1 132 3 discriminator 1 view .LVU14
 128:Core/Src/stm32h7xx_it.c ****   {
 106              		.loc 1 128 9 discriminator 1 view .LVU15
 107 0000 FEE7     		b	.L8
 108              		.cfi_endproc
 109              	.LFE147:
 111              		.section	.text.UsageFault_Handler,"ax",%progbits
 112              		.align	1
 113              		.global	UsageFault_Handler
 114              		.syntax unified
 115              		.thumb
 116              		.thumb_func
 118              	UsageFault_Handler:
 119              	.LFB148:
 133:Core/Src/stm32h7xx_it.c **** }
 134:Core/Src/stm32h7xx_it.c **** 
 135:Core/Src/stm32h7xx_it.c **** /**
 136:Core/Src/stm32h7xx_it.c ****   * @brief This function handles Undefined instruction or illegal state.
 137:Core/Src/stm32h7xx_it.c ****   */
 138:Core/Src/stm32h7xx_it.c **** void UsageFault_Handler(void)
 139:Core/Src/stm32h7xx_it.c **** {
 120              		.loc 1 139 1 view -0
 121              		.cfi_startproc
 122              		@ Volatile: function does not return.
 123              		@ args = 0, pretend = 0, frame = 0
 124              		@ frame_needed = 0, uses_anonymous_args = 0
 125              		@ link register save eliminated.
 126              	.L10:
 140:Core/Src/stm32h7xx_it.c ****   /* USER CODE BEGIN UsageFault_IRQn 0 */
 141:Core/Src/stm32h7xx_it.c **** 
 142:Core/Src/stm32h7xx_it.c ****   /* USER CODE END UsageFault_IRQn 0 */
 143:Core/Src/stm32h7xx_it.c ****   while (1)
 127              		.loc 1 143 3 discriminator 1 view .LVU17
 144:Core/Src/stm32h7xx_it.c ****   {
 145:Core/Src/stm32h7xx_it.c ****     /* USER CODE BEGIN W1_UsageFault_IRQn 0 */
 146:Core/Src/stm32h7xx_it.c ****     /* USER CODE END W1_UsageFault_IRQn 0 */
 147:Core/Src/stm32h7xx_it.c ****   }
 128              		.loc 1 147 3 discriminator 1 view .LVU18
 143:Core/Src/stm32h7xx_it.c ****   {
 129              		.loc 1 143 9 discriminator 1 view .LVU19
 130 0000 FEE7     		b	.L10
 131              		.cfi_endproc
 132              	.LFE148:
 134              		.section	.text.DebugMon_Handler,"ax",%progbits
 135              		.align	1
 136              		.global	DebugMon_Handler
 137              		.syntax unified
 138              		.thumb
 139              		.thumb_func
 141              	DebugMon_Handler:
 142              	.LFB149:
 148:Core/Src/stm32h7xx_it.c **** }
 149:Core/Src/stm32h7xx_it.c **** 
ARM GAS  C:\Users\28212\AppData\Local\Temp\ccaZrdtf.s 			page 6


 150:Core/Src/stm32h7xx_it.c **** /**
 151:Core/Src/stm32h7xx_it.c ****   * @brief This function handles Debug monitor.
 152:Core/Src/stm32h7xx_it.c ****   */
 153:Core/Src/stm32h7xx_it.c **** void DebugMon_Handler(void)
 154:Core/Src/stm32h7xx_it.c **** {
 143              		.loc 1 154 1 view -0
 144              		.cfi_startproc
 145              		@ args = 0, pretend = 0, frame = 0
 146              		@ frame_needed = 0, uses_anonymous_args = 0
 147              		@ link register save eliminated.
 155:Core/Src/stm32h7xx_it.c ****   /* USER CODE BEGIN DebugMonitor_IRQn 0 */
 156:Core/Src/stm32h7xx_it.c **** 
 157:Core/Src/stm32h7xx_it.c ****   /* USER CODE END DebugMonitor_IRQn 0 */
 158:Core/Src/stm32h7xx_it.c ****   /* USER CODE BEGIN DebugMonitor_IRQn 1 */
 159:Core/Src/stm32h7xx_it.c **** 
 160:Core/Src/stm32h7xx_it.c ****   /* USER CODE END DebugMonitor_IRQn 1 */
 161:Core/Src/stm32h7xx_it.c **** }
 148              		.loc 1 161 1 view .LVU21
 149 0000 7047     		bx	lr
 150              		.cfi_endproc
 151              	.LFE149:
 153              		.section	.text.DMA1_Stream0_IRQHandler,"ax",%progbits
 154              		.align	1
 155              		.global	DMA1_Stream0_IRQHandler
 156              		.syntax unified
 157              		.thumb
 158              		.thumb_func
 160              	DMA1_Stream0_IRQHandler:
 161              	.LFB150:
 162:Core/Src/stm32h7xx_it.c **** 
 163:Core/Src/stm32h7xx_it.c **** /******************************************************************************/
 164:Core/Src/stm32h7xx_it.c **** /* STM32H7xx Peripheral Interrupt Handlers                                    */
 165:Core/Src/stm32h7xx_it.c **** /* Add here the Interrupt Handlers for the used peripherals.                  */
 166:Core/Src/stm32h7xx_it.c **** /* For the available peripheral interrupt handler names,                      */
 167:Core/Src/stm32h7xx_it.c **** /* please refer to the startup file (startup_stm32h7xx.s).                    */
 168:Core/Src/stm32h7xx_it.c **** /******************************************************************************/
 169:Core/Src/stm32h7xx_it.c **** 
 170:Core/Src/stm32h7xx_it.c **** /**
 171:Core/Src/stm32h7xx_it.c ****   * @brief This function handles DMA1 stream0 global interrupt.
 172:Core/Src/stm32h7xx_it.c ****   */
 173:Core/Src/stm32h7xx_it.c **** void DMA1_Stream0_IRQHandler(void)
 174:Core/Src/stm32h7xx_it.c **** {
 162              		.loc 1 174 1 view -0
 163              		.cfi_startproc
 164              		@ args = 0, pretend = 0, frame = 0
 165              		@ frame_needed = 0, uses_anonymous_args = 0
 166 0000 08B5     		push	{r3, lr}
 167              		.cfi_def_cfa_offset 8
 168              		.cfi_offset 3, -8
 169              		.cfi_offset 14, -4
 175:Core/Src/stm32h7xx_it.c ****   /* USER CODE BEGIN DMA1_Stream0_IRQn 0 */
 176:Core/Src/stm32h7xx_it.c **** 
 177:Core/Src/stm32h7xx_it.c ****   /* USER CODE END DMA1_Stream0_IRQn 0 */
 178:Core/Src/stm32h7xx_it.c ****   HAL_DMA_IRQHandler(&hdma_spi2_rx);
 170              		.loc 1 178 3 view .LVU23
 171 0002 0248     		ldr	r0, .L14
 172 0004 FFF7FEFF 		bl	HAL_DMA_IRQHandler
ARM GAS  C:\Users\28212\AppData\Local\Temp\ccaZrdtf.s 			page 7


 173              	.LVL0:
 179:Core/Src/stm32h7xx_it.c ****   /* USER CODE BEGIN DMA1_Stream0_IRQn 1 */
 180:Core/Src/stm32h7xx_it.c **** 
 181:Core/Src/stm32h7xx_it.c ****   /* USER CODE END DMA1_Stream0_IRQn 1 */
 182:Core/Src/stm32h7xx_it.c **** }
 174              		.loc 1 182 1 is_stmt 0 view .LVU24
 175 0008 08BD     		pop	{r3, pc}
 176              	.L15:
 177 000a 00BF     		.align	2
 178              	.L14:
 179 000c 00000000 		.word	hdma_spi2_rx
 180              		.cfi_endproc
 181              	.LFE150:
 183              		.section	.text.DMA1_Stream1_IRQHandler,"ax",%progbits
 184              		.align	1
 185              		.global	DMA1_Stream1_IRQHandler
 186              		.syntax unified
 187              		.thumb
 188              		.thumb_func
 190              	DMA1_Stream1_IRQHandler:
 191              	.LFB151:
 183:Core/Src/stm32h7xx_it.c **** 
 184:Core/Src/stm32h7xx_it.c **** /**
 185:Core/Src/stm32h7xx_it.c ****   * @brief This function handles DMA1 stream1 global interrupt.
 186:Core/Src/stm32h7xx_it.c ****   */
 187:Core/Src/stm32h7xx_it.c **** void DMA1_Stream1_IRQHandler(void)
 188:Core/Src/stm32h7xx_it.c **** {
 192              		.loc 1 188 1 is_stmt 1 view -0
 193              		.cfi_startproc
 194              		@ args = 0, pretend = 0, frame = 0
 195              		@ frame_needed = 0, uses_anonymous_args = 0
 196 0000 08B5     		push	{r3, lr}
 197              		.cfi_def_cfa_offset 8
 198              		.cfi_offset 3, -8
 199              		.cfi_offset 14, -4
 189:Core/Src/stm32h7xx_it.c ****   /* USER CODE BEGIN DMA1_Stream1_IRQn 0 */
 190:Core/Src/stm32h7xx_it.c **** 
 191:Core/Src/stm32h7xx_it.c ****   /* USER CODE END DMA1_Stream1_IRQn 0 */
 192:Core/Src/stm32h7xx_it.c ****   HAL_DMA_IRQHandler(&hdma_spi2_tx);
 200              		.loc 1 192 3 view .LVU26
 201 0002 0248     		ldr	r0, .L18
 202 0004 FFF7FEFF 		bl	HAL_DMA_IRQHandler
 203              	.LVL1:
 193:Core/Src/stm32h7xx_it.c ****   /* USER CODE BEGIN DMA1_Stream1_IRQn 1 */
 194:Core/Src/stm32h7xx_it.c **** 
 195:Core/Src/stm32h7xx_it.c ****   /* USER CODE END DMA1_Stream1_IRQn 1 */
 196:Core/Src/stm32h7xx_it.c **** }
 204              		.loc 1 196 1 is_stmt 0 view .LVU27
 205 0008 08BD     		pop	{r3, pc}
 206              	.L19:
 207 000a 00BF     		.align	2
 208              	.L18:
 209 000c 00000000 		.word	hdma_spi2_tx
 210              		.cfi_endproc
 211              	.LFE151:
 213              		.section	.text.DMA1_Stream2_IRQHandler,"ax",%progbits
 214              		.align	1
ARM GAS  C:\Users\28212\AppData\Local\Temp\ccaZrdtf.s 			page 8


 215              		.global	DMA1_Stream2_IRQHandler
 216              		.syntax unified
 217              		.thumb
 218              		.thumb_func
 220              	DMA1_Stream2_IRQHandler:
 221              	.LFB152:
 197:Core/Src/stm32h7xx_it.c **** 
 198:Core/Src/stm32h7xx_it.c **** /**
 199:Core/Src/stm32h7xx_it.c ****   * @brief This function handles DMA1 stream2 global interrupt.
 200:Core/Src/stm32h7xx_it.c ****   */
 201:Core/Src/stm32h7xx_it.c **** void DMA1_Stream2_IRQHandler(void)
 202:Core/Src/stm32h7xx_it.c **** {
 222              		.loc 1 202 1 is_stmt 1 view -0
 223              		.cfi_startproc
 224              		@ args = 0, pretend = 0, frame = 0
 225              		@ frame_needed = 0, uses_anonymous_args = 0
 226 0000 08B5     		push	{r3, lr}
 227              		.cfi_def_cfa_offset 8
 228              		.cfi_offset 3, -8
 229              		.cfi_offset 14, -4
 203:Core/Src/stm32h7xx_it.c ****   /* USER CODE BEGIN DMA1_Stream2_IRQn 0 */
 204:Core/Src/stm32h7xx_it.c **** 
 205:Core/Src/stm32h7xx_it.c ****   /* USER CODE END DMA1_Stream2_IRQn 0 */
 206:Core/Src/stm32h7xx_it.c ****   HAL_DMA_IRQHandler(&hdma_uart5_rx);
 230              		.loc 1 206 3 view .LVU29
 231 0002 0248     		ldr	r0, .L22
 232 0004 FFF7FEFF 		bl	HAL_DMA_IRQHandler
 233              	.LVL2:
 207:Core/Src/stm32h7xx_it.c ****   /* USER CODE BEGIN DMA1_Stream2_IRQn 1 */
 208:Core/Src/stm32h7xx_it.c **** 
 209:Core/Src/stm32h7xx_it.c ****   /* USER CODE END DMA1_Stream2_IRQn 1 */
 210:Core/Src/stm32h7xx_it.c **** }
 234              		.loc 1 210 1 is_stmt 0 view .LVU30
 235 0008 08BD     		pop	{r3, pc}
 236              	.L23:
 237 000a 00BF     		.align	2
 238              	.L22:
 239 000c 00000000 		.word	hdma_uart5_rx
 240              		.cfi_endproc
 241              	.LFE152:
 243              		.section	.text.FDCAN1_IT0_IRQHandler,"ax",%progbits
 244              		.align	1
 245              		.global	FDCAN1_IT0_IRQHandler
 246              		.syntax unified
 247              		.thumb
 248              		.thumb_func
 250              	FDCAN1_IT0_IRQHandler:
 251              	.LFB153:
 211:Core/Src/stm32h7xx_it.c **** 
 212:Core/Src/stm32h7xx_it.c **** /**
 213:Core/Src/stm32h7xx_it.c ****   * @brief This function handles FDCAN1 interrupt 0.
 214:Core/Src/stm32h7xx_it.c ****   */
 215:Core/Src/stm32h7xx_it.c **** void FDCAN1_IT0_IRQHandler(void)
 216:Core/Src/stm32h7xx_it.c **** {
 252              		.loc 1 216 1 is_stmt 1 view -0
 253              		.cfi_startproc
 254              		@ args = 0, pretend = 0, frame = 0
ARM GAS  C:\Users\28212\AppData\Local\Temp\ccaZrdtf.s 			page 9


 255              		@ frame_needed = 0, uses_anonymous_args = 0
 256 0000 08B5     		push	{r3, lr}
 257              		.cfi_def_cfa_offset 8
 258              		.cfi_offset 3, -8
 259              		.cfi_offset 14, -4
 217:Core/Src/stm32h7xx_it.c ****   /* USER CODE BEGIN FDCAN1_IT0_IRQn 0 */
 218:Core/Src/stm32h7xx_it.c **** 
 219:Core/Src/stm32h7xx_it.c ****   /* USER CODE END FDCAN1_IT0_IRQn 0 */
 220:Core/Src/stm32h7xx_it.c ****   HAL_FDCAN_IRQHandler(&hfdcan1);
 260              		.loc 1 220 3 view .LVU32
 261 0002 0248     		ldr	r0, .L26
 262 0004 FFF7FEFF 		bl	HAL_FDCAN_IRQHandler
 263              	.LVL3:
 221:Core/Src/stm32h7xx_it.c ****   /* USER CODE BEGIN FDCAN1_IT0_IRQn 1 */
 222:Core/Src/stm32h7xx_it.c **** 
 223:Core/Src/stm32h7xx_it.c ****   /* USER CODE END FDCAN1_IT0_IRQn 1 */
 224:Core/Src/stm32h7xx_it.c **** }
 264              		.loc 1 224 1 is_stmt 0 view .LVU33
 265 0008 08BD     		pop	{r3, pc}
 266              	.L27:
 267 000a 00BF     		.align	2
 268              	.L26:
 269 000c 00000000 		.word	hfdcan1
 270              		.cfi_endproc
 271              	.LFE153:
 273              		.section	.text.FDCAN2_IT0_IRQHandler,"ax",%progbits
 274              		.align	1
 275              		.global	FDCAN2_IT0_IRQHandler
 276              		.syntax unified
 277              		.thumb
 278              		.thumb_func
 280              	FDCAN2_IT0_IRQHandler:
 281              	.LFB154:
 225:Core/Src/stm32h7xx_it.c **** 
 226:Core/Src/stm32h7xx_it.c **** /**
 227:Core/Src/stm32h7xx_it.c ****   * @brief This function handles FDCAN2 interrupt 0.
 228:Core/Src/stm32h7xx_it.c ****   */
 229:Core/Src/stm32h7xx_it.c **** void FDCAN2_IT0_IRQHandler(void)
 230:Core/Src/stm32h7xx_it.c **** {
 282              		.loc 1 230 1 is_stmt 1 view -0
 283              		.cfi_startproc
 284              		@ args = 0, pretend = 0, frame = 0
 285              		@ frame_needed = 0, uses_anonymous_args = 0
 286 0000 08B5     		push	{r3, lr}
 287              		.cfi_def_cfa_offset 8
 288              		.cfi_offset 3, -8
 289              		.cfi_offset 14, -4
 231:Core/Src/stm32h7xx_it.c ****   /* USER CODE BEGIN FDCAN2_IT0_IRQn 0 */
 232:Core/Src/stm32h7xx_it.c **** 
 233:Core/Src/stm32h7xx_it.c ****   /* USER CODE END FDCAN2_IT0_IRQn 0 */
 234:Core/Src/stm32h7xx_it.c ****   HAL_FDCAN_IRQHandler(&hfdcan2);
 290              		.loc 1 234 3 view .LVU35
 291 0002 0248     		ldr	r0, .L30
 292 0004 FFF7FEFF 		bl	HAL_FDCAN_IRQHandler
 293              	.LVL4:
 235:Core/Src/stm32h7xx_it.c ****   /* USER CODE BEGIN FDCAN2_IT0_IRQn 1 */
 236:Core/Src/stm32h7xx_it.c **** 
ARM GAS  C:\Users\28212\AppData\Local\Temp\ccaZrdtf.s 			page 10


 237:Core/Src/stm32h7xx_it.c ****   /* USER CODE END FDCAN2_IT0_IRQn 1 */
 238:Core/Src/stm32h7xx_it.c **** }
 294              		.loc 1 238 1 is_stmt 0 view .LVU36
 295 0008 08BD     		pop	{r3, pc}
 296              	.L31:
 297 000a 00BF     		.align	2
 298              	.L30:
 299 000c 00000000 		.word	hfdcan2
 300              		.cfi_endproc
 301              	.LFE154:
 303              		.section	.text.FDCAN2_IT1_IRQHandler,"ax",%progbits
 304              		.align	1
 305              		.global	FDCAN2_IT1_IRQHandler
 306              		.syntax unified
 307              		.thumb
 308              		.thumb_func
 310              	FDCAN2_IT1_IRQHandler:
 311              	.LFB155:
 239:Core/Src/stm32h7xx_it.c **** 
 240:Core/Src/stm32h7xx_it.c **** /**
 241:Core/Src/stm32h7xx_it.c ****   * @brief This function handles FDCAN2 interrupt 1.
 242:Core/Src/stm32h7xx_it.c ****   */
 243:Core/Src/stm32h7xx_it.c **** void FDCAN2_IT1_IRQHandler(void)
 244:Core/Src/stm32h7xx_it.c **** {
 312              		.loc 1 244 1 is_stmt 1 view -0
 313              		.cfi_startproc
 314              		@ args = 0, pretend = 0, frame = 0
 315              		@ frame_needed = 0, uses_anonymous_args = 0
 316 0000 08B5     		push	{r3, lr}
 317              		.cfi_def_cfa_offset 8
 318              		.cfi_offset 3, -8
 319              		.cfi_offset 14, -4
 245:Core/Src/stm32h7xx_it.c ****   /* USER CODE BEGIN FDCAN2_IT1_IRQn 0 */
 246:Core/Src/stm32h7xx_it.c **** 
 247:Core/Src/stm32h7xx_it.c ****   /* USER CODE END FDCAN2_IT1_IRQn 0 */
 248:Core/Src/stm32h7xx_it.c ****   HAL_FDCAN_IRQHandler(&hfdcan2);
 320              		.loc 1 248 3 view .LVU38
 321 0002 0248     		ldr	r0, .L34
 322 0004 FFF7FEFF 		bl	HAL_FDCAN_IRQHandler
 323              	.LVL5:
 249:Core/Src/stm32h7xx_it.c ****   /* USER CODE BEGIN FDCAN2_IT1_IRQn 1 */
 250:Core/Src/stm32h7xx_it.c **** 
 251:Core/Src/stm32h7xx_it.c ****   /* USER CODE END FDCAN2_IT1_IRQn 1 */
 252:Core/Src/stm32h7xx_it.c **** }
 324              		.loc 1 252 1 is_stmt 0 view .LVU39
 325 0008 08BD     		pop	{r3, pc}
 326              	.L35:
 327 000a 00BF     		.align	2
 328              	.L34:
 329 000c 00000000 		.word	hfdcan2
 330              		.cfi_endproc
 331              	.LFE155:
 333              		.section	.text.TIM2_IRQHandler,"ax",%progbits
 334              		.align	1
 335              		.global	TIM2_IRQHandler
 336              		.syntax unified
 337              		.thumb
ARM GAS  C:\Users\28212\AppData\Local\Temp\ccaZrdtf.s 			page 11


 338              		.thumb_func
 340              	TIM2_IRQHandler:
 341              	.LFB156:
 253:Core/Src/stm32h7xx_it.c **** 
 254:Core/Src/stm32h7xx_it.c **** /**
 255:Core/Src/stm32h7xx_it.c ****   * @brief This function handles TIM2 global interrupt.
 256:Core/Src/stm32h7xx_it.c ****   */
 257:Core/Src/stm32h7xx_it.c **** void TIM2_IRQHandler(void)
 258:Core/Src/stm32h7xx_it.c **** {
 342              		.loc 1 258 1 is_stmt 1 view -0
 343              		.cfi_startproc
 344              		@ args = 0, pretend = 0, frame = 0
 345              		@ frame_needed = 0, uses_anonymous_args = 0
 346 0000 08B5     		push	{r3, lr}
 347              		.cfi_def_cfa_offset 8
 348              		.cfi_offset 3, -8
 349              		.cfi_offset 14, -4
 259:Core/Src/stm32h7xx_it.c ****   /* USER CODE BEGIN TIM2_IRQn 0 */
 260:Core/Src/stm32h7xx_it.c **** 
 261:Core/Src/stm32h7xx_it.c ****   /* USER CODE END TIM2_IRQn 0 */
 262:Core/Src/stm32h7xx_it.c ****   HAL_TIM_IRQHandler(&htim2);
 350              		.loc 1 262 3 view .LVU41
 351 0002 0248     		ldr	r0, .L38
 352 0004 FFF7FEFF 		bl	HAL_TIM_IRQHandler
 353              	.LVL6:
 263:Core/Src/stm32h7xx_it.c ****   /* USER CODE BEGIN TIM2_IRQn 1 */
 264:Core/Src/stm32h7xx_it.c **** 
 265:Core/Src/stm32h7xx_it.c ****   /* USER CODE END TIM2_IRQn 1 */
 266:Core/Src/stm32h7xx_it.c **** }
 354              		.loc 1 266 1 is_stmt 0 view .LVU42
 355 0008 08BD     		pop	{r3, pc}
 356              	.L39:
 357 000a 00BF     		.align	2
 358              	.L38:
 359 000c 00000000 		.word	htim2
 360              		.cfi_endproc
 361              	.LFE156:
 363              		.section	.text.SPI2_IRQHandler,"ax",%progbits
 364              		.align	1
 365              		.global	SPI2_IRQHandler
 366              		.syntax unified
 367              		.thumb
 368              		.thumb_func
 370              	SPI2_IRQHandler:
 371              	.LFB157:
 267:Core/Src/stm32h7xx_it.c **** 
 268:Core/Src/stm32h7xx_it.c **** /**
 269:Core/Src/stm32h7xx_it.c ****   * @brief This function handles SPI2 global interrupt.
 270:Core/Src/stm32h7xx_it.c ****   */
 271:Core/Src/stm32h7xx_it.c **** void SPI2_IRQHandler(void)
 272:Core/Src/stm32h7xx_it.c **** {
 372              		.loc 1 272 1 is_stmt 1 view -0
 373              		.cfi_startproc
 374              		@ args = 0, pretend = 0, frame = 0
 375              		@ frame_needed = 0, uses_anonymous_args = 0
 376 0000 08B5     		push	{r3, lr}
 377              		.cfi_def_cfa_offset 8
ARM GAS  C:\Users\28212\AppData\Local\Temp\ccaZrdtf.s 			page 12


 378              		.cfi_offset 3, -8
 379              		.cfi_offset 14, -4
 273:Core/Src/stm32h7xx_it.c ****   /* USER CODE BEGIN SPI2_IRQn 0 */
 274:Core/Src/stm32h7xx_it.c **** 
 275:Core/Src/stm32h7xx_it.c ****   /* USER CODE END SPI2_IRQn 0 */
 276:Core/Src/stm32h7xx_it.c ****   HAL_SPI_IRQHandler(&hspi2);
 380              		.loc 1 276 3 view .LVU44
 381 0002 0248     		ldr	r0, .L42
 382 0004 FFF7FEFF 		bl	HAL_SPI_IRQHandler
 383              	.LVL7:
 277:Core/Src/stm32h7xx_it.c ****   /* USER CODE BEGIN SPI2_IRQn 1 */
 278:Core/Src/stm32h7xx_it.c **** 
 279:Core/Src/stm32h7xx_it.c ****   /* USER CODE END SPI2_IRQn 1 */
 280:Core/Src/stm32h7xx_it.c **** }
 384              		.loc 1 280 1 is_stmt 0 view .LVU45
 385 0008 08BD     		pop	{r3, pc}
 386              	.L43:
 387 000a 00BF     		.align	2
 388              	.L42:
 389 000c 00000000 		.word	hspi2
 390              		.cfi_endproc
 391              	.LFE157:
 393              		.section	.text.UART5_IRQHandler,"ax",%progbits
 394              		.align	1
 395              		.global	UART5_IRQHandler
 396              		.syntax unified
 397              		.thumb
 398              		.thumb_func
 400              	UART5_IRQHandler:
 401              	.LFB158:
 281:Core/Src/stm32h7xx_it.c **** 
 282:Core/Src/stm32h7xx_it.c **** /**
 283:Core/Src/stm32h7xx_it.c ****   * @brief This function handles UART5 global interrupt.
 284:Core/Src/stm32h7xx_it.c ****   */
 285:Core/Src/stm32h7xx_it.c **** void UART5_IRQHandler(void)
 286:Core/Src/stm32h7xx_it.c **** {
 402              		.loc 1 286 1 is_stmt 1 view -0
 403              		.cfi_startproc
 404              		@ args = 0, pretend = 0, frame = 0
 405              		@ frame_needed = 0, uses_anonymous_args = 0
 406 0000 08B5     		push	{r3, lr}
 407              		.cfi_def_cfa_offset 8
 408              		.cfi_offset 3, -8
 409              		.cfi_offset 14, -4
 287:Core/Src/stm32h7xx_it.c ****   /* USER CODE BEGIN UART5_IRQn 0 */
 288:Core/Src/stm32h7xx_it.c **** 
 289:Core/Src/stm32h7xx_it.c ****   /* USER CODE END UART5_IRQn 0 */
 290:Core/Src/stm32h7xx_it.c ****   HAL_UART_IRQHandler(&huart5);
 410              		.loc 1 290 3 view .LVU47
 411 0002 0248     		ldr	r0, .L46
 412 0004 FFF7FEFF 		bl	HAL_UART_IRQHandler
 413              	.LVL8:
 291:Core/Src/stm32h7xx_it.c ****   /* USER CODE BEGIN UART5_IRQn 1 */
 292:Core/Src/stm32h7xx_it.c **** 
 293:Core/Src/stm32h7xx_it.c ****   /* USER CODE END UART5_IRQn 1 */
 294:Core/Src/stm32h7xx_it.c **** }
 414              		.loc 1 294 1 is_stmt 0 view .LVU48
ARM GAS  C:\Users\28212\AppData\Local\Temp\ccaZrdtf.s 			page 13


 415 0008 08BD     		pop	{r3, pc}
 416              	.L47:
 417 000a 00BF     		.align	2
 418              	.L46:
 419 000c 00000000 		.word	huart5
 420              		.cfi_endproc
 421              	.LFE158:
 423              		.section	.text.FDCAN3_IT0_IRQHandler,"ax",%progbits
 424              		.align	1
 425              		.global	FDCAN3_IT0_IRQHandler
 426              		.syntax unified
 427              		.thumb
 428              		.thumb_func
 430              	FDCAN3_IT0_IRQHandler:
 431              	.LFB159:
 295:Core/Src/stm32h7xx_it.c **** 
 296:Core/Src/stm32h7xx_it.c **** /**
 297:Core/Src/stm32h7xx_it.c ****   * @brief This function handles FDCAN3 interrupt 0.
 298:Core/Src/stm32h7xx_it.c ****   */
 299:Core/Src/stm32h7xx_it.c **** void FDCAN3_IT0_IRQHandler(void)
 300:Core/Src/stm32h7xx_it.c **** {
 432              		.loc 1 300 1 is_stmt 1 view -0
 433              		.cfi_startproc
 434              		@ args = 0, pretend = 0, frame = 0
 435              		@ frame_needed = 0, uses_anonymous_args = 0
 436 0000 08B5     		push	{r3, lr}
 437              		.cfi_def_cfa_offset 8
 438              		.cfi_offset 3, -8
 439              		.cfi_offset 14, -4
 301:Core/Src/stm32h7xx_it.c ****   /* USER CODE BEGIN FDCAN3_IT0_IRQn 0 */
 302:Core/Src/stm32h7xx_it.c **** 
 303:Core/Src/stm32h7xx_it.c ****   /* USER CODE END FDCAN3_IT0_IRQn 0 */
 304:Core/Src/stm32h7xx_it.c ****   HAL_FDCAN_IRQHandler(&hfdcan3);
 440              		.loc 1 304 3 view .LVU50
 441 0002 0248     		ldr	r0, .L50
 442 0004 FFF7FEFF 		bl	HAL_FDCAN_IRQHandler
 443              	.LVL9:
 305:Core/Src/stm32h7xx_it.c ****   /* USER CODE BEGIN FDCAN3_IT0_IRQn 1 */
 306:Core/Src/stm32h7xx_it.c **** 
 307:Core/Src/stm32h7xx_it.c ****   /* USER CODE END FDCAN3_IT0_IRQn 1 */
 308:Core/Src/stm32h7xx_it.c **** }
 444              		.loc 1 308 1 is_stmt 0 view .LVU51
 445 0008 08BD     		pop	{r3, pc}
 446              	.L51:
 447 000a 00BF     		.align	2
 448              	.L50:
 449 000c 00000000 		.word	hfdcan3
 450              		.cfi_endproc
 451              	.LFE159:
 453              		.section	.text.FDCAN3_IT1_IRQHandler,"ax",%progbits
 454              		.align	1
 455              		.global	FDCAN3_IT1_IRQHandler
 456              		.syntax unified
 457              		.thumb
 458              		.thumb_func
 460              	FDCAN3_IT1_IRQHandler:
 461              	.LFB160:
ARM GAS  C:\Users\28212\AppData\Local\Temp\ccaZrdtf.s 			page 14


 309:Core/Src/stm32h7xx_it.c **** 
 310:Core/Src/stm32h7xx_it.c **** /**
 311:Core/Src/stm32h7xx_it.c ****   * @brief This function handles FDCAN3 interrupt 1.
 312:Core/Src/stm32h7xx_it.c ****   */
 313:Core/Src/stm32h7xx_it.c **** void FDCAN3_IT1_IRQHandler(void)
 314:Core/Src/stm32h7xx_it.c **** {
 462              		.loc 1 314 1 is_stmt 1 view -0
 463              		.cfi_startproc
 464              		@ args = 0, pretend = 0, frame = 0
 465              		@ frame_needed = 0, uses_anonymous_args = 0
 466 0000 08B5     		push	{r3, lr}
 467              		.cfi_def_cfa_offset 8
 468              		.cfi_offset 3, -8
 469              		.cfi_offset 14, -4
 315:Core/Src/stm32h7xx_it.c ****   /* USER CODE BEGIN FDCAN3_IT1_IRQn 0 */
 316:Core/Src/stm32h7xx_it.c **** 
 317:Core/Src/stm32h7xx_it.c ****   /* USER CODE END FDCAN3_IT1_IRQn 0 */
 318:Core/Src/stm32h7xx_it.c ****   HAL_FDCAN_IRQHandler(&hfdcan3);
 470              		.loc 1 318 3 view .LVU53
 471 0002 0248     		ldr	r0, .L54
 472 0004 FFF7FEFF 		bl	HAL_FDCAN_IRQHandler
 473              	.LVL10:
 319:Core/Src/stm32h7xx_it.c ****   /* USER CODE BEGIN FDCAN3_IT1_IRQn 1 */
 320:Core/Src/stm32h7xx_it.c **** 
 321:Core/Src/stm32h7xx_it.c ****   /* USER CODE END FDCAN3_IT1_IRQn 1 */
 322:Core/Src/stm32h7xx_it.c **** }
 474              		.loc 1 322 1 is_stmt 0 view .LVU54
 475 0008 08BD     		pop	{r3, pc}
 476              	.L55:
 477 000a 00BF     		.align	2
 478              	.L54:
 479 000c 00000000 		.word	hfdcan3
 480              		.cfi_endproc
 481              	.LFE160:
 483              		.text
 484              	.Letext0:
 485              		.file 2 "d:\\gcc-arm-none-eabi-10.3-2021.10\\arm-none-eabi\\include\\machine\\_default_types.h"
 486              		.file 3 "d:\\gcc-arm-none-eabi-10.3-2021.10\\arm-none-eabi\\include\\sys\\_stdint.h"
 487              		.file 4 "Drivers/CMSIS/Device/ST/STM32H7xx/Include/stm32h723xx.h"
 488              		.file 5 "Drivers/CMSIS/Device/ST/STM32H7xx/Include/stm32h7xx.h"
 489              		.file 6 "Drivers/STM32H7xx_HAL_Driver/Inc/stm32h7xx_hal_def.h"
 490              		.file 7 "Drivers/STM32H7xx_HAL_Driver/Inc/stm32h7xx_hal_dma.h"
 491              		.file 8 "Drivers/STM32H7xx_HAL_Driver/Inc/stm32h7xx_hal_fdcan.h"
 492              		.file 9 "Drivers/STM32H7xx_HAL_Driver/Inc/stm32h7xx_hal_spi.h"
 493              		.file 10 "Drivers/STM32H7xx_HAL_Driver/Inc/stm32h7xx_hal_tim.h"
 494              		.file 11 "Drivers/STM32H7xx_HAL_Driver/Inc/stm32h7xx_hal_uart.h"
ARM GAS  C:\Users\28212\AppData\Local\Temp\ccaZrdtf.s 			page 15


DEFINED SYMBOLS
                            *ABS*:00000000 stm32h7xx_it.c
C:\Users\28212\AppData\Local\Temp\ccaZrdtf.s:19     .text.NMI_Handler:00000000 $t
C:\Users\28212\AppData\Local\Temp\ccaZrdtf.s:25     .text.NMI_Handler:00000000 NMI_Handler
C:\Users\28212\AppData\Local\Temp\ccaZrdtf.s:43     .text.HardFault_Handler:00000000 $t
C:\Users\28212\AppData\Local\Temp\ccaZrdtf.s:49     .text.HardFault_Handler:00000000 HardFault_Handler
C:\Users\28212\AppData\Local\Temp\ccaZrdtf.s:66     .text.MemManage_Handler:00000000 $t
C:\Users\28212\AppData\Local\Temp\ccaZrdtf.s:72     .text.MemManage_Handler:00000000 MemManage_Handler
C:\Users\28212\AppData\Local\Temp\ccaZrdtf.s:89     .text.BusFault_Handler:00000000 $t
C:\Users\28212\AppData\Local\Temp\ccaZrdtf.s:95     .text.BusFault_Handler:00000000 BusFault_Handler
C:\Users\28212\AppData\Local\Temp\ccaZrdtf.s:112    .text.UsageFault_Handler:00000000 $t
C:\Users\28212\AppData\Local\Temp\ccaZrdtf.s:118    .text.UsageFault_Handler:00000000 UsageFault_Handler
C:\Users\28212\AppData\Local\Temp\ccaZrdtf.s:135    .text.DebugMon_Handler:00000000 $t
C:\Users\28212\AppData\Local\Temp\ccaZrdtf.s:141    .text.DebugMon_Handler:00000000 DebugMon_Handler
C:\Users\28212\AppData\Local\Temp\ccaZrdtf.s:154    .text.DMA1_Stream0_IRQHandler:00000000 $t
C:\Users\28212\AppData\Local\Temp\ccaZrdtf.s:160    .text.DMA1_Stream0_IRQHandler:00000000 DMA1_Stream0_IRQHandler
C:\Users\28212\AppData\Local\Temp\ccaZrdtf.s:179    .text.DMA1_Stream0_IRQHandler:0000000c $d
C:\Users\28212\AppData\Local\Temp\ccaZrdtf.s:184    .text.DMA1_Stream1_IRQHandler:00000000 $t
C:\Users\28212\AppData\Local\Temp\ccaZrdtf.s:190    .text.DMA1_Stream1_IRQHandler:00000000 DMA1_Stream1_IRQHandler
C:\Users\28212\AppData\Local\Temp\ccaZrdtf.s:209    .text.DMA1_Stream1_IRQHandler:0000000c $d
C:\Users\28212\AppData\Local\Temp\ccaZrdtf.s:214    .text.DMA1_Stream2_IRQHandler:00000000 $t
C:\Users\28212\AppData\Local\Temp\ccaZrdtf.s:220    .text.DMA1_Stream2_IRQHandler:00000000 DMA1_Stream2_IRQHandler
C:\Users\28212\AppData\Local\Temp\ccaZrdtf.s:239    .text.DMA1_Stream2_IRQHandler:0000000c $d
C:\Users\28212\AppData\Local\Temp\ccaZrdtf.s:244    .text.FDCAN1_IT0_IRQHandler:00000000 $t
C:\Users\28212\AppData\Local\Temp\ccaZrdtf.s:250    .text.FDCAN1_IT0_IRQHandler:00000000 FDCAN1_IT0_IRQHandler
C:\Users\28212\AppData\Local\Temp\ccaZrdtf.s:269    .text.FDCAN1_IT0_IRQHandler:0000000c $d
C:\Users\28212\AppData\Local\Temp\ccaZrdtf.s:274    .text.FDCAN2_IT0_IRQHandler:00000000 $t
C:\Users\28212\AppData\Local\Temp\ccaZrdtf.s:280    .text.FDCAN2_IT0_IRQHandler:00000000 FDCAN2_IT0_IRQHandler
C:\Users\28212\AppData\Local\Temp\ccaZrdtf.s:299    .text.FDCAN2_IT0_IRQHandler:0000000c $d
C:\Users\28212\AppData\Local\Temp\ccaZrdtf.s:304    .text.FDCAN2_IT1_IRQHandler:00000000 $t
C:\Users\28212\AppData\Local\Temp\ccaZrdtf.s:310    .text.FDCAN2_IT1_IRQHandler:00000000 FDCAN2_IT1_IRQHandler
C:\Users\28212\AppData\Local\Temp\ccaZrdtf.s:329    .text.FDCAN2_IT1_IRQHandler:0000000c $d
C:\Users\28212\AppData\Local\Temp\ccaZrdtf.s:334    .text.TIM2_IRQHandler:00000000 $t
C:\Users\28212\AppData\Local\Temp\ccaZrdtf.s:340    .text.TIM2_IRQHandler:00000000 TIM2_IRQHandler
C:\Users\28212\AppData\Local\Temp\ccaZrdtf.s:359    .text.TIM2_IRQHandler:0000000c $d
C:\Users\28212\AppData\Local\Temp\ccaZrdtf.s:364    .text.SPI2_IRQHandler:00000000 $t
C:\Users\28212\AppData\Local\Temp\ccaZrdtf.s:370    .text.SPI2_IRQHandler:00000000 SPI2_IRQHandler
C:\Users\28212\AppData\Local\Temp\ccaZrdtf.s:389    .text.SPI2_IRQHandler:0000000c $d
C:\Users\28212\AppData\Local\Temp\ccaZrdtf.s:394    .text.UART5_IRQHandler:00000000 $t
C:\Users\28212\AppData\Local\Temp\ccaZrdtf.s:400    .text.UART5_IRQHandler:00000000 UART5_IRQHandler
C:\Users\28212\AppData\Local\Temp\ccaZrdtf.s:419    .text.UART5_IRQHandler:0000000c $d
C:\Users\28212\AppData\Local\Temp\ccaZrdtf.s:424    .text.FDCAN3_IT0_IRQHandler:00000000 $t
C:\Users\28212\AppData\Local\Temp\ccaZrdtf.s:430    .text.FDCAN3_IT0_IRQHandler:00000000 FDCAN3_IT0_IRQHandler
C:\Users\28212\AppData\Local\Temp\ccaZrdtf.s:449    .text.FDCAN3_IT0_IRQHandler:0000000c $d
C:\Users\28212\AppData\Local\Temp\ccaZrdtf.s:454    .text.FDCAN3_IT1_IRQHandler:00000000 $t
C:\Users\28212\AppData\Local\Temp\ccaZrdtf.s:460    .text.FDCAN3_IT1_IRQHandler:00000000 FDCAN3_IT1_IRQHandler
C:\Users\28212\AppData\Local\Temp\ccaZrdtf.s:479    .text.FDCAN3_IT1_IRQHandler:0000000c $d

UNDEFINED SYMBOLS
HAL_DMA_IRQHandler
hdma_spi2_rx
hdma_spi2_tx
hdma_uart5_rx
HAL_FDCAN_IRQHandler
hfdcan1
hfdcan2
HAL_TIM_IRQHandler
ARM GAS  C:\Users\28212\AppData\Local\Temp\ccaZrdtf.s 			page 16


htim2
HAL_SPI_IRQHandler
hspi2
HAL_UART_IRQHandler
huart5
hfdcan3
