ARM GAS  C:\Users\28212\AppData\Local\Temp\ccIMJVdh.s 			page 1


   1              		.cpu cortex-m7
   2              		.arch armv7e-m
   3              		.fpu fpv5-d16
   4              		.eabi_attribute 28, 1
   5              		.eabi_attribute 20, 1
   6              		.eabi_attribute 21, 1
   7              		.eabi_attribute 23, 3
   8              		.eabi_attribute 24, 1
   9              		.eabi_attribute 25, 1
  10              		.eabi_attribute 26, 1
  11              		.eabi_attribute 30, 1
  12              		.eabi_attribute 34, 1
  13              		.eabi_attribute 18, 4
  14              		.file	"usart.c"
  15              		.text
  16              	.Ltext0:
  17              		.cfi_sections	.debug_frame
  18              		.section	.text.MX_UART5_Init,"ax",%progbits
  19              		.align	1
  20              		.global	MX_UART5_Init
  21              		.syntax unified
  22              		.thumb
  23              		.thumb_func
  25              	MX_UART5_Init:
  26              	.LFB144:
  27              		.file 1 "Core/Src/usart.c"
   1:Core/Src/usart.c **** /* USER CODE BEGIN Header */
   2:Core/Src/usart.c **** /**
   3:Core/Src/usart.c ****   ******************************************************************************
   4:Core/Src/usart.c ****   * @file    usart.c
   5:Core/Src/usart.c ****   * @brief   This file provides code for the configuration
   6:Core/Src/usart.c ****   *          of the USART instances.
   7:Core/Src/usart.c ****   ******************************************************************************
   8:Core/Src/usart.c ****   * @attention
   9:Core/Src/usart.c ****   *
  10:Core/Src/usart.c ****   * Copyright (c) 2024 STMicroelectronics.
  11:Core/Src/usart.c ****   * All rights reserved.
  12:Core/Src/usart.c ****   *
  13:Core/Src/usart.c ****   * This software is licensed under terms that can be found in the LICENSE file
  14:Core/Src/usart.c ****   * in the root directory of this software component.
  15:Core/Src/usart.c ****   * If no LICENSE file comes with this software, it is provided AS-IS.
  16:Core/Src/usart.c ****   *
  17:Core/Src/usart.c ****   ******************************************************************************
  18:Core/Src/usart.c ****   */
  19:Core/Src/usart.c **** /* USER CODE END Header */
  20:Core/Src/usart.c **** /* Includes ------------------------------------------------------------------*/
  21:Core/Src/usart.c **** #include "usart.h"
  22:Core/Src/usart.c **** 
  23:Core/Src/usart.c **** /* USER CODE BEGIN 0 */
  24:Core/Src/usart.c **** 
  25:Core/Src/usart.c **** /* USER CODE END 0 */
  26:Core/Src/usart.c **** 
  27:Core/Src/usart.c **** UART_HandleTypeDef huart5;
  28:Core/Src/usart.c **** DMA_HandleTypeDef hdma_uart5_rx;
  29:Core/Src/usart.c **** 
  30:Core/Src/usart.c **** /* UART5 init function */
  31:Core/Src/usart.c **** void MX_UART5_Init(void)
ARM GAS  C:\Users\28212\AppData\Local\Temp\ccIMJVdh.s 			page 2


  32:Core/Src/usart.c **** {
  28              		.loc 1 32 1 view -0
  29              		.cfi_startproc
  30              		@ args = 0, pretend = 0, frame = 0
  31              		@ frame_needed = 0, uses_anonymous_args = 0
  32 0000 08B5     		push	{r3, lr}
  33              		.cfi_def_cfa_offset 8
  34              		.cfi_offset 3, -8
  35              		.cfi_offset 14, -4
  33:Core/Src/usart.c **** 
  34:Core/Src/usart.c ****   /* USER CODE BEGIN UART5_Init 0 */
  35:Core/Src/usart.c **** 
  36:Core/Src/usart.c ****   /* USER CODE END UART5_Init 0 */
  37:Core/Src/usart.c **** 
  38:Core/Src/usart.c ****   /* USER CODE BEGIN UART5_Init 1 */
  39:Core/Src/usart.c **** 
  40:Core/Src/usart.c ****   /* USER CODE END UART5_Init 1 */
  41:Core/Src/usart.c ****   huart5.Instance = UART5;
  36              		.loc 1 41 3 view .LVU1
  37              		.loc 1 41 19 is_stmt 0 view .LVU2
  38 0002 1A48     		ldr	r0, .L11
  39 0004 1A4B     		ldr	r3, .L11+4
  40 0006 0360     		str	r3, [r0]
  42:Core/Src/usart.c ****   huart5.Init.BaudRate = 100000;
  41              		.loc 1 42 3 is_stmt 1 view .LVU3
  42              		.loc 1 42 24 is_stmt 0 view .LVU4
  43 0008 1A4B     		ldr	r3, .L11+8
  44 000a 4360     		str	r3, [r0, #4]
  43:Core/Src/usart.c ****   huart5.Init.WordLength = UART_WORDLENGTH_9B;
  45              		.loc 1 43 3 is_stmt 1 view .LVU5
  46              		.loc 1 43 26 is_stmt 0 view .LVU6
  47 000c 4FF48053 		mov	r3, #4096
  48 0010 8360     		str	r3, [r0, #8]
  44:Core/Src/usart.c ****   huart5.Init.StopBits = UART_STOPBITS_2;
  49              		.loc 1 44 3 is_stmt 1 view .LVU7
  50              		.loc 1 44 24 is_stmt 0 view .LVU8
  51 0012 4FF40053 		mov	r3, #8192
  52 0016 C360     		str	r3, [r0, #12]
  45:Core/Src/usart.c ****   huart5.Init.Parity = UART_PARITY_EVEN;
  53              		.loc 1 45 3 is_stmt 1 view .LVU9
  54              		.loc 1 45 22 is_stmt 0 view .LVU10
  55 0018 4FF48063 		mov	r3, #1024
  56 001c 0361     		str	r3, [r0, #16]
  46:Core/Src/usart.c ****   huart5.Init.Mode = UART_MODE_TX_RX;
  57              		.loc 1 46 3 is_stmt 1 view .LVU11
  58              		.loc 1 46 20 is_stmt 0 view .LVU12
  59 001e 0C23     		movs	r3, #12
  60 0020 4361     		str	r3, [r0, #20]
  47:Core/Src/usart.c ****   huart5.Init.HwFlowCtl = UART_HWCONTROL_NONE;
  61              		.loc 1 47 3 is_stmt 1 view .LVU13
  62              		.loc 1 47 25 is_stmt 0 view .LVU14
  63 0022 0023     		movs	r3, #0
  64 0024 8361     		str	r3, [r0, #24]
  48:Core/Src/usart.c ****   huart5.Init.OverSampling = UART_OVERSAMPLING_16;
  65              		.loc 1 48 3 is_stmt 1 view .LVU15
  66              		.loc 1 48 28 is_stmt 0 view .LVU16
  67 0026 C361     		str	r3, [r0, #28]
ARM GAS  C:\Users\28212\AppData\Local\Temp\ccIMJVdh.s 			page 3


  49:Core/Src/usart.c ****   huart5.Init.OneBitSampling = UART_ONE_BIT_SAMPLE_DISABLE;
  68              		.loc 1 49 3 is_stmt 1 view .LVU17
  69              		.loc 1 49 30 is_stmt 0 view .LVU18
  70 0028 0362     		str	r3, [r0, #32]
  50:Core/Src/usart.c ****   huart5.Init.ClockPrescaler = UART_PRESCALER_DIV1;
  71              		.loc 1 50 3 is_stmt 1 view .LVU19
  72              		.loc 1 50 30 is_stmt 0 view .LVU20
  73 002a 4362     		str	r3, [r0, #36]
  51:Core/Src/usart.c ****   huart5.AdvancedInit.AdvFeatureInit = UART_ADVFEATURE_NO_INIT;
  74              		.loc 1 51 3 is_stmt 1 view .LVU21
  75              		.loc 1 51 38 is_stmt 0 view .LVU22
  76 002c 8362     		str	r3, [r0, #40]
  52:Core/Src/usart.c ****   if (HAL_UART_Init(&huart5) != HAL_OK)
  77              		.loc 1 52 3 is_stmt 1 view .LVU23
  78              		.loc 1 52 7 is_stmt 0 view .LVU24
  79 002e FFF7FEFF 		bl	HAL_UART_Init
  80              	.LVL0:
  81              		.loc 1 52 6 view .LVU25
  82 0032 70B9     		cbnz	r0, .L7
  83              	.L2:
  53:Core/Src/usart.c ****   {
  54:Core/Src/usart.c ****     Error_Handler();
  55:Core/Src/usart.c ****   }
  56:Core/Src/usart.c ****   if (HAL_UARTEx_SetTxFifoThreshold(&huart5, UART_TXFIFO_THRESHOLD_1_8) != HAL_OK)
  84              		.loc 1 56 3 is_stmt 1 view .LVU26
  85              		.loc 1 56 7 is_stmt 0 view .LVU27
  86 0034 0021     		movs	r1, #0
  87 0036 0D48     		ldr	r0, .L11
  88 0038 FFF7FEFF 		bl	HAL_UARTEx_SetTxFifoThreshold
  89              	.LVL1:
  90              		.loc 1 56 6 view .LVU28
  91 003c 60B9     		cbnz	r0, .L8
  92              	.L3:
  57:Core/Src/usart.c ****   {
  58:Core/Src/usart.c ****     Error_Handler();
  59:Core/Src/usart.c ****   }
  60:Core/Src/usart.c ****   if (HAL_UARTEx_SetRxFifoThreshold(&huart5, UART_RXFIFO_THRESHOLD_1_8) != HAL_OK)
  93              		.loc 1 60 3 is_stmt 1 view .LVU29
  94              		.loc 1 60 7 is_stmt 0 view .LVU30
  95 003e 0021     		movs	r1, #0
  96 0040 0A48     		ldr	r0, .L11
  97 0042 FFF7FEFF 		bl	HAL_UARTEx_SetRxFifoThreshold
  98              	.LVL2:
  99              		.loc 1 60 6 view .LVU31
 100 0046 50B9     		cbnz	r0, .L9
 101              	.L4:
  61:Core/Src/usart.c ****   {
  62:Core/Src/usart.c ****     Error_Handler();
  63:Core/Src/usart.c ****   }
  64:Core/Src/usart.c ****   if (HAL_UARTEx_DisableFifoMode(&huart5) != HAL_OK)
 102              		.loc 1 64 3 is_stmt 1 view .LVU32
 103              		.loc 1 64 7 is_stmt 0 view .LVU33
 104 0048 0848     		ldr	r0, .L11
 105 004a FFF7FEFF 		bl	HAL_UARTEx_DisableFifoMode
 106              	.LVL3:
 107              		.loc 1 64 6 view .LVU34
 108 004e 48B9     		cbnz	r0, .L10
ARM GAS  C:\Users\28212\AppData\Local\Temp\ccIMJVdh.s 			page 4


 109              	.L1:
  65:Core/Src/usart.c ****   {
  66:Core/Src/usart.c ****     Error_Handler();
  67:Core/Src/usart.c ****   }
  68:Core/Src/usart.c ****   /* USER CODE BEGIN UART5_Init 2 */
  69:Core/Src/usart.c **** 
  70:Core/Src/usart.c ****   /* USER CODE END UART5_Init 2 */
  71:Core/Src/usart.c **** 
  72:Core/Src/usart.c **** }
 110              		.loc 1 72 1 view .LVU35
 111 0050 08BD     		pop	{r3, pc}
 112              	.L7:
  54:Core/Src/usart.c ****   }
 113              		.loc 1 54 5 is_stmt 1 view .LVU36
 114 0052 FFF7FEFF 		bl	Error_Handler
 115              	.LVL4:
 116 0056 EDE7     		b	.L2
 117              	.L8:
  58:Core/Src/usart.c ****   }
 118              		.loc 1 58 5 view .LVU37
 119 0058 FFF7FEFF 		bl	Error_Handler
 120              	.LVL5:
 121 005c EFE7     		b	.L3
 122              	.L9:
  62:Core/Src/usart.c ****   }
 123              		.loc 1 62 5 view .LVU38
 124 005e FFF7FEFF 		bl	Error_Handler
 125              	.LVL6:
 126 0062 F1E7     		b	.L4
 127              	.L10:
  66:Core/Src/usart.c ****   }
 128              		.loc 1 66 5 view .LVU39
 129 0064 FFF7FEFF 		bl	Error_Handler
 130              	.LVL7:
 131              		.loc 1 72 1 is_stmt 0 view .LVU40
 132 0068 F2E7     		b	.L1
 133              	.L12:
 134 006a 00BF     		.align	2
 135              	.L11:
 136 006c 00000000 		.word	.LANCHOR0
 137 0070 00500040 		.word	1073762304
 138 0074 A0860100 		.word	100000
 139              		.cfi_endproc
 140              	.LFE144:
 142              		.section	.text.HAL_UART_MspInit,"ax",%progbits
 143              		.align	1
 144              		.global	HAL_UART_MspInit
 145              		.syntax unified
 146              		.thumb
 147              		.thumb_func
 149              	HAL_UART_MspInit:
 150              	.LVL8:
 151              	.LFB145:
  73:Core/Src/usart.c **** 
  74:Core/Src/usart.c **** void HAL_UART_MspInit(UART_HandleTypeDef* uartHandle)
  75:Core/Src/usart.c **** {
 152              		.loc 1 75 1 is_stmt 1 view -0
ARM GAS  C:\Users\28212\AppData\Local\Temp\ccIMJVdh.s 			page 5


 153              		.cfi_startproc
 154              		@ args = 0, pretend = 0, frame = 224
 155              		@ frame_needed = 0, uses_anonymous_args = 0
 156              		.loc 1 75 1 is_stmt 0 view .LVU42
 157 0000 70B5     		push	{r4, r5, r6, lr}
 158              		.cfi_def_cfa_offset 16
 159              		.cfi_offset 4, -16
 160              		.cfi_offset 5, -12
 161              		.cfi_offset 6, -8
 162              		.cfi_offset 14, -4
 163 0002 B8B0     		sub	sp, sp, #224
 164              		.cfi_def_cfa_offset 240
 165 0004 0446     		mov	r4, r0
  76:Core/Src/usart.c **** 
  77:Core/Src/usart.c ****   GPIO_InitTypeDef GPIO_InitStruct = {0};
 166              		.loc 1 77 3 is_stmt 1 view .LVU43
 167              		.loc 1 77 20 is_stmt 0 view .LVU44
 168 0006 0021     		movs	r1, #0
 169 0008 3391     		str	r1, [sp, #204]
 170 000a 3491     		str	r1, [sp, #208]
 171 000c 3591     		str	r1, [sp, #212]
 172 000e 3691     		str	r1, [sp, #216]
 173 0010 3791     		str	r1, [sp, #220]
  78:Core/Src/usart.c ****   RCC_PeriphCLKInitTypeDef PeriphClkInitStruct = {0};
 174              		.loc 1 78 3 is_stmt 1 view .LVU45
 175              		.loc 1 78 28 is_stmt 0 view .LVU46
 176 0012 B822     		movs	r2, #184
 177 0014 04A8     		add	r0, sp, #16
 178              	.LVL9:
 179              		.loc 1 78 28 view .LVU47
 180 0016 FFF7FEFF 		bl	memset
 181              	.LVL10:
  79:Core/Src/usart.c ****   if(uartHandle->Instance==UART5)
 182              		.loc 1 79 3 is_stmt 1 view .LVU48
 183              		.loc 1 79 16 is_stmt 0 view .LVU49
 184 001a 2268     		ldr	r2, [r4]
 185              		.loc 1 79 5 view .LVU50
 186 001c 394B     		ldr	r3, .L21
 187 001e 9A42     		cmp	r2, r3
 188 0020 01D0     		beq	.L18
 189              	.L13:
  80:Core/Src/usart.c ****   {
  81:Core/Src/usart.c ****   /* USER CODE BEGIN UART5_MspInit 0 */
  82:Core/Src/usart.c **** 
  83:Core/Src/usart.c ****   /* USER CODE END UART5_MspInit 0 */
  84:Core/Src/usart.c **** 
  85:Core/Src/usart.c ****   /** Initializes the peripherals clock
  86:Core/Src/usart.c ****   */
  87:Core/Src/usart.c ****     PeriphClkInitStruct.PeriphClockSelection = RCC_PERIPHCLK_UART5;
  88:Core/Src/usart.c ****     PeriphClkInitStruct.Usart234578ClockSelection = RCC_USART234578CLKSOURCE_D2PCLK1;
  89:Core/Src/usart.c ****     if (HAL_RCCEx_PeriphCLKConfig(&PeriphClkInitStruct) != HAL_OK)
  90:Core/Src/usart.c ****     {
  91:Core/Src/usart.c ****       Error_Handler();
  92:Core/Src/usart.c ****     }
  93:Core/Src/usart.c **** 
  94:Core/Src/usart.c ****     /* UART5 clock enable */
  95:Core/Src/usart.c ****     __HAL_RCC_UART5_CLK_ENABLE();
ARM GAS  C:\Users\28212\AppData\Local\Temp\ccIMJVdh.s 			page 6


  96:Core/Src/usart.c **** 
  97:Core/Src/usart.c ****     __HAL_RCC_GPIOB_CLK_ENABLE();
  98:Core/Src/usart.c ****     __HAL_RCC_GPIOD_CLK_ENABLE();
  99:Core/Src/usart.c ****     /**UART5 GPIO Configuration
 100:Core/Src/usart.c ****     PB13     ------> UART5_TX
 101:Core/Src/usart.c ****     PD2     ------> UART5_RX
 102:Core/Src/usart.c ****     */
 103:Core/Src/usart.c ****     GPIO_InitStruct.Pin = GPIO_PIN_13;
 104:Core/Src/usart.c ****     GPIO_InitStruct.Mode = GPIO_MODE_AF_PP;
 105:Core/Src/usart.c ****     GPIO_InitStruct.Pull = GPIO_NOPULL;
 106:Core/Src/usart.c ****     GPIO_InitStruct.Speed = GPIO_SPEED_FREQ_LOW;
 107:Core/Src/usart.c ****     GPIO_InitStruct.Alternate = GPIO_AF14_UART5;
 108:Core/Src/usart.c ****     HAL_GPIO_Init(GPIOB, &GPIO_InitStruct);
 109:Core/Src/usart.c **** 
 110:Core/Src/usart.c ****     GPIO_InitStruct.Pin = GPIO_PIN_2;
 111:Core/Src/usart.c ****     GPIO_InitStruct.Mode = GPIO_MODE_AF_PP;
 112:Core/Src/usart.c ****     GPIO_InitStruct.Pull = GPIO_NOPULL;
 113:Core/Src/usart.c ****     GPIO_InitStruct.Speed = GPIO_SPEED_FREQ_VERY_HIGH;
 114:Core/Src/usart.c ****     GPIO_InitStruct.Alternate = GPIO_AF8_UART5;
 115:Core/Src/usart.c ****     HAL_GPIO_Init(GPIOD, &GPIO_InitStruct);
 116:Core/Src/usart.c **** 
 117:Core/Src/usart.c ****     /* UART5 DMA Init */
 118:Core/Src/usart.c ****     /* UART5_RX Init */
 119:Core/Src/usart.c ****     hdma_uart5_rx.Instance = DMA1_Stream2;
 120:Core/Src/usart.c ****     hdma_uart5_rx.Init.Request = DMA_REQUEST_UART5_RX;
 121:Core/Src/usart.c ****     hdma_uart5_rx.Init.Direction = DMA_PERIPH_TO_MEMORY;
 122:Core/Src/usart.c ****     hdma_uart5_rx.Init.PeriphInc = DMA_PINC_DISABLE;
 123:Core/Src/usart.c ****     hdma_uart5_rx.Init.MemInc = DMA_MINC_ENABLE;
 124:Core/Src/usart.c ****     hdma_uart5_rx.Init.PeriphDataAlignment = DMA_PDATAALIGN_BYTE;
 125:Core/Src/usart.c ****     hdma_uart5_rx.Init.MemDataAlignment = DMA_MDATAALIGN_BYTE;
 126:Core/Src/usart.c ****     hdma_uart5_rx.Init.Mode = DMA_NORMAL;
 127:Core/Src/usart.c ****     hdma_uart5_rx.Init.Priority = DMA_PRIORITY_VERY_HIGH;
 128:Core/Src/usart.c ****     hdma_uart5_rx.Init.FIFOMode = DMA_FIFOMODE_DISABLE;
 129:Core/Src/usart.c ****     if (HAL_DMA_Init(&hdma_uart5_rx) != HAL_OK)
 130:Core/Src/usart.c ****     {
 131:Core/Src/usart.c ****       Error_Handler();
 132:Core/Src/usart.c ****     }
 133:Core/Src/usart.c **** 
 134:Core/Src/usart.c ****     __HAL_LINKDMA(uartHandle,hdmarx,hdma_uart5_rx);
 135:Core/Src/usart.c **** 
 136:Core/Src/usart.c ****     /* UART5 interrupt Init */
 137:Core/Src/usart.c ****     HAL_NVIC_SetPriority(UART5_IRQn, 5, 0);
 138:Core/Src/usart.c ****     HAL_NVIC_EnableIRQ(UART5_IRQn);
 139:Core/Src/usart.c ****   /* USER CODE BEGIN UART5_MspInit 1 */
 140:Core/Src/usart.c **** 
 141:Core/Src/usart.c ****   /* USER CODE END UART5_MspInit 1 */
 142:Core/Src/usart.c ****   }
 143:Core/Src/usart.c **** }
 190              		.loc 1 143 1 view .LVU51
 191 0022 38B0     		add	sp, sp, #224
 192              		.cfi_remember_state
 193              		.cfi_def_cfa_offset 16
 194              		@ sp needed
 195 0024 70BD     		pop	{r4, r5, r6, pc}
 196              	.LVL11:
 197              	.L18:
 198              		.cfi_restore_state
ARM GAS  C:\Users\28212\AppData\Local\Temp\ccIMJVdh.s 			page 7


  87:Core/Src/usart.c ****     PeriphClkInitStruct.Usart234578ClockSelection = RCC_USART234578CLKSOURCE_D2PCLK1;
 199              		.loc 1 87 5 is_stmt 1 view .LVU52
  87:Core/Src/usart.c ****     PeriphClkInitStruct.Usart234578ClockSelection = RCC_USART234578CLKSOURCE_D2PCLK1;
 200              		.loc 1 87 46 is_stmt 0 view .LVU53
 201 0026 0222     		movs	r2, #2
 202 0028 0023     		movs	r3, #0
 203 002a CDE90423 		strd	r2, [sp, #16]
  88:Core/Src/usart.c ****     if (HAL_RCCEx_PeriphCLKConfig(&PeriphClkInitStruct) != HAL_OK)
 204              		.loc 1 88 5 is_stmt 1 view .LVU54
  89:Core/Src/usart.c ****     {
 205              		.loc 1 89 5 view .LVU55
  89:Core/Src/usart.c ****     {
 206              		.loc 1 89 9 is_stmt 0 view .LVU56
 207 002e 04A8     		add	r0, sp, #16
 208 0030 FFF7FEFF 		bl	HAL_RCCEx_PeriphCLKConfig
 209              	.LVL12:
  89:Core/Src/usart.c ****     {
 210              		.loc 1 89 8 view .LVU57
 211 0034 0028     		cmp	r0, #0
 212 0036 5FD1     		bne	.L19
 213              	.L15:
  95:Core/Src/usart.c **** 
 214              		.loc 1 95 5 is_stmt 1 view .LVU58
 215              	.LBB2:
  95:Core/Src/usart.c **** 
 216              		.loc 1 95 5 view .LVU59
  95:Core/Src/usart.c **** 
 217              		.loc 1 95 5 view .LVU60
 218 0038 334B     		ldr	r3, .L21+4
 219 003a D3F8E820 		ldr	r2, [r3, #232]
 220 003e 42F48012 		orr	r2, r2, #1048576
 221 0042 C3F8E820 		str	r2, [r3, #232]
  95:Core/Src/usart.c **** 
 222              		.loc 1 95 5 view .LVU61
 223 0046 D3F8E820 		ldr	r2, [r3, #232]
 224 004a 02F48012 		and	r2, r2, #1048576
 225 004e 0192     		str	r2, [sp, #4]
  95:Core/Src/usart.c **** 
 226              		.loc 1 95 5 view .LVU62
 227 0050 019A     		ldr	r2, [sp, #4]
 228              	.LBE2:
  95:Core/Src/usart.c **** 
 229              		.loc 1 95 5 view .LVU63
  97:Core/Src/usart.c ****     __HAL_RCC_GPIOD_CLK_ENABLE();
 230              		.loc 1 97 5 view .LVU64
 231              	.LBB3:
  97:Core/Src/usart.c ****     __HAL_RCC_GPIOD_CLK_ENABLE();
 232              		.loc 1 97 5 view .LVU65
  97:Core/Src/usart.c ****     __HAL_RCC_GPIOD_CLK_ENABLE();
 233              		.loc 1 97 5 view .LVU66
 234 0052 D3F8E020 		ldr	r2, [r3, #224]
 235 0056 42F00202 		orr	r2, r2, #2
 236 005a C3F8E020 		str	r2, [r3, #224]
  97:Core/Src/usart.c ****     __HAL_RCC_GPIOD_CLK_ENABLE();
 237              		.loc 1 97 5 view .LVU67
 238 005e D3F8E020 		ldr	r2, [r3, #224]
 239 0062 02F00202 		and	r2, r2, #2
ARM GAS  C:\Users\28212\AppData\Local\Temp\ccIMJVdh.s 			page 8


 240 0066 0292     		str	r2, [sp, #8]
  97:Core/Src/usart.c ****     __HAL_RCC_GPIOD_CLK_ENABLE();
 241              		.loc 1 97 5 view .LVU68
 242 0068 029A     		ldr	r2, [sp, #8]
 243              	.LBE3:
  97:Core/Src/usart.c ****     __HAL_RCC_GPIOD_CLK_ENABLE();
 244              		.loc 1 97 5 view .LVU69
  98:Core/Src/usart.c ****     /**UART5 GPIO Configuration
 245              		.loc 1 98 5 view .LVU70
 246              	.LBB4:
  98:Core/Src/usart.c ****     /**UART5 GPIO Configuration
 247              		.loc 1 98 5 view .LVU71
  98:Core/Src/usart.c ****     /**UART5 GPIO Configuration
 248              		.loc 1 98 5 view .LVU72
 249 006a D3F8E020 		ldr	r2, [r3, #224]
 250 006e 42F00802 		orr	r2, r2, #8
 251 0072 C3F8E020 		str	r2, [r3, #224]
  98:Core/Src/usart.c ****     /**UART5 GPIO Configuration
 252              		.loc 1 98 5 view .LVU73
 253 0076 D3F8E030 		ldr	r3, [r3, #224]
 254 007a 03F00803 		and	r3, r3, #8
 255 007e 0393     		str	r3, [sp, #12]
  98:Core/Src/usart.c ****     /**UART5 GPIO Configuration
 256              		.loc 1 98 5 view .LVU74
 257 0080 039B     		ldr	r3, [sp, #12]
 258              	.LBE4:
  98:Core/Src/usart.c ****     /**UART5 GPIO Configuration
 259              		.loc 1 98 5 view .LVU75
 103:Core/Src/usart.c ****     GPIO_InitStruct.Mode = GPIO_MODE_AF_PP;
 260              		.loc 1 103 5 view .LVU76
 103:Core/Src/usart.c ****     GPIO_InitStruct.Mode = GPIO_MODE_AF_PP;
 261              		.loc 1 103 25 is_stmt 0 view .LVU77
 262 0082 4FF40053 		mov	r3, #8192
 263 0086 3393     		str	r3, [sp, #204]
 104:Core/Src/usart.c ****     GPIO_InitStruct.Pull = GPIO_NOPULL;
 264              		.loc 1 104 5 is_stmt 1 view .LVU78
 104:Core/Src/usart.c ****     GPIO_InitStruct.Pull = GPIO_NOPULL;
 265              		.loc 1 104 26 is_stmt 0 view .LVU79
 266 0088 0226     		movs	r6, #2
 267 008a 3496     		str	r6, [sp, #208]
 105:Core/Src/usart.c ****     GPIO_InitStruct.Speed = GPIO_SPEED_FREQ_LOW;
 268              		.loc 1 105 5 is_stmt 1 view .LVU80
 105:Core/Src/usart.c ****     GPIO_InitStruct.Speed = GPIO_SPEED_FREQ_LOW;
 269              		.loc 1 105 26 is_stmt 0 view .LVU81
 270 008c 0025     		movs	r5, #0
 271 008e 3595     		str	r5, [sp, #212]
 106:Core/Src/usart.c ****     GPIO_InitStruct.Alternate = GPIO_AF14_UART5;
 272              		.loc 1 106 5 is_stmt 1 view .LVU82
 106:Core/Src/usart.c ****     GPIO_InitStruct.Alternate = GPIO_AF14_UART5;
 273              		.loc 1 106 27 is_stmt 0 view .LVU83
 274 0090 3695     		str	r5, [sp, #216]
 107:Core/Src/usart.c ****     HAL_GPIO_Init(GPIOB, &GPIO_InitStruct);
 275              		.loc 1 107 5 is_stmt 1 view .LVU84
 107:Core/Src/usart.c ****     HAL_GPIO_Init(GPIOB, &GPIO_InitStruct);
 276              		.loc 1 107 31 is_stmt 0 view .LVU85
 277 0092 0E23     		movs	r3, #14
 278 0094 3793     		str	r3, [sp, #220]
ARM GAS  C:\Users\28212\AppData\Local\Temp\ccIMJVdh.s 			page 9


 108:Core/Src/usart.c **** 
 279              		.loc 1 108 5 is_stmt 1 view .LVU86
 280 0096 33A9     		add	r1, sp, #204
 281 0098 1C48     		ldr	r0, .L21+8
 282 009a FFF7FEFF 		bl	HAL_GPIO_Init
 283              	.LVL13:
 110:Core/Src/usart.c ****     GPIO_InitStruct.Mode = GPIO_MODE_AF_PP;
 284              		.loc 1 110 5 view .LVU87
 110:Core/Src/usart.c ****     GPIO_InitStruct.Mode = GPIO_MODE_AF_PP;
 285              		.loc 1 110 25 is_stmt 0 view .LVU88
 286 009e 0423     		movs	r3, #4
 287 00a0 3393     		str	r3, [sp, #204]
 111:Core/Src/usart.c ****     GPIO_InitStruct.Pull = GPIO_NOPULL;
 288              		.loc 1 111 5 is_stmt 1 view .LVU89
 111:Core/Src/usart.c ****     GPIO_InitStruct.Pull = GPIO_NOPULL;
 289              		.loc 1 111 26 is_stmt 0 view .LVU90
 290 00a2 3496     		str	r6, [sp, #208]
 112:Core/Src/usart.c ****     GPIO_InitStruct.Speed = GPIO_SPEED_FREQ_VERY_HIGH;
 291              		.loc 1 112 5 is_stmt 1 view .LVU91
 112:Core/Src/usart.c ****     GPIO_InitStruct.Speed = GPIO_SPEED_FREQ_VERY_HIGH;
 292              		.loc 1 112 26 is_stmt 0 view .LVU92
 293 00a4 3595     		str	r5, [sp, #212]
 113:Core/Src/usart.c ****     GPIO_InitStruct.Alternate = GPIO_AF8_UART5;
 294              		.loc 1 113 5 is_stmt 1 view .LVU93
 113:Core/Src/usart.c ****     GPIO_InitStruct.Alternate = GPIO_AF8_UART5;
 295              		.loc 1 113 27 is_stmt 0 view .LVU94
 296 00a6 0323     		movs	r3, #3
 297 00a8 3693     		str	r3, [sp, #216]
 114:Core/Src/usart.c ****     HAL_GPIO_Init(GPIOD, &GPIO_InitStruct);
 298              		.loc 1 114 5 is_stmt 1 view .LVU95
 114:Core/Src/usart.c ****     HAL_GPIO_Init(GPIOD, &GPIO_InitStruct);
 299              		.loc 1 114 31 is_stmt 0 view .LVU96
 300 00aa 0823     		movs	r3, #8
 301 00ac 3793     		str	r3, [sp, #220]
 115:Core/Src/usart.c **** 
 302              		.loc 1 115 5 is_stmt 1 view .LVU97
 303 00ae 33A9     		add	r1, sp, #204
 304 00b0 1748     		ldr	r0, .L21+12
 305 00b2 FFF7FEFF 		bl	HAL_GPIO_Init
 306              	.LVL14:
 119:Core/Src/usart.c ****     hdma_uart5_rx.Init.Request = DMA_REQUEST_UART5_RX;
 307              		.loc 1 119 5 view .LVU98
 119:Core/Src/usart.c ****     hdma_uart5_rx.Init.Request = DMA_REQUEST_UART5_RX;
 308              		.loc 1 119 28 is_stmt 0 view .LVU99
 309 00b6 1748     		ldr	r0, .L21+16
 310 00b8 174B     		ldr	r3, .L21+20
 311 00ba 0360     		str	r3, [r0]
 120:Core/Src/usart.c ****     hdma_uart5_rx.Init.Direction = DMA_PERIPH_TO_MEMORY;
 312              		.loc 1 120 5 is_stmt 1 view .LVU100
 120:Core/Src/usart.c ****     hdma_uart5_rx.Init.Direction = DMA_PERIPH_TO_MEMORY;
 313              		.loc 1 120 32 is_stmt 0 view .LVU101
 314 00bc 4123     		movs	r3, #65
 315 00be 4360     		str	r3, [r0, #4]
 121:Core/Src/usart.c ****     hdma_uart5_rx.Init.PeriphInc = DMA_PINC_DISABLE;
 316              		.loc 1 121 5 is_stmt 1 view .LVU102
 121:Core/Src/usart.c ****     hdma_uart5_rx.Init.PeriphInc = DMA_PINC_DISABLE;
 317              		.loc 1 121 34 is_stmt 0 view .LVU103
ARM GAS  C:\Users\28212\AppData\Local\Temp\ccIMJVdh.s 			page 10


 318 00c0 8560     		str	r5, [r0, #8]
 122:Core/Src/usart.c ****     hdma_uart5_rx.Init.MemInc = DMA_MINC_ENABLE;
 319              		.loc 1 122 5 is_stmt 1 view .LVU104
 122:Core/Src/usart.c ****     hdma_uart5_rx.Init.MemInc = DMA_MINC_ENABLE;
 320              		.loc 1 122 34 is_stmt 0 view .LVU105
 321 00c2 C560     		str	r5, [r0, #12]
 123:Core/Src/usart.c ****     hdma_uart5_rx.Init.PeriphDataAlignment = DMA_PDATAALIGN_BYTE;
 322              		.loc 1 123 5 is_stmt 1 view .LVU106
 123:Core/Src/usart.c ****     hdma_uart5_rx.Init.PeriphDataAlignment = DMA_PDATAALIGN_BYTE;
 323              		.loc 1 123 31 is_stmt 0 view .LVU107
 324 00c4 4FF48063 		mov	r3, #1024
 325 00c8 0361     		str	r3, [r0, #16]
 124:Core/Src/usart.c ****     hdma_uart5_rx.Init.MemDataAlignment = DMA_MDATAALIGN_BYTE;
 326              		.loc 1 124 5 is_stmt 1 view .LVU108
 124:Core/Src/usart.c ****     hdma_uart5_rx.Init.MemDataAlignment = DMA_MDATAALIGN_BYTE;
 327              		.loc 1 124 44 is_stmt 0 view .LVU109
 328 00ca 4561     		str	r5, [r0, #20]
 125:Core/Src/usart.c ****     hdma_uart5_rx.Init.Mode = DMA_NORMAL;
 329              		.loc 1 125 5 is_stmt 1 view .LVU110
 125:Core/Src/usart.c ****     hdma_uart5_rx.Init.Mode = DMA_NORMAL;
 330              		.loc 1 125 41 is_stmt 0 view .LVU111
 331 00cc 8561     		str	r5, [r0, #24]
 126:Core/Src/usart.c ****     hdma_uart5_rx.Init.Priority = DMA_PRIORITY_VERY_HIGH;
 332              		.loc 1 126 5 is_stmt 1 view .LVU112
 126:Core/Src/usart.c ****     hdma_uart5_rx.Init.Priority = DMA_PRIORITY_VERY_HIGH;
 333              		.loc 1 126 29 is_stmt 0 view .LVU113
 334 00ce C561     		str	r5, [r0, #28]
 127:Core/Src/usart.c ****     hdma_uart5_rx.Init.FIFOMode = DMA_FIFOMODE_DISABLE;
 335              		.loc 1 127 5 is_stmt 1 view .LVU114
 127:Core/Src/usart.c ****     hdma_uart5_rx.Init.FIFOMode = DMA_FIFOMODE_DISABLE;
 336              		.loc 1 127 33 is_stmt 0 view .LVU115
 337 00d0 4FF44033 		mov	r3, #196608
 338 00d4 0362     		str	r3, [r0, #32]
 128:Core/Src/usart.c ****     if (HAL_DMA_Init(&hdma_uart5_rx) != HAL_OK)
 339              		.loc 1 128 5 is_stmt 1 view .LVU116
 128:Core/Src/usart.c ****     if (HAL_DMA_Init(&hdma_uart5_rx) != HAL_OK)
 340              		.loc 1 128 33 is_stmt 0 view .LVU117
 341 00d6 4562     		str	r5, [r0, #36]
 129:Core/Src/usart.c ****     {
 342              		.loc 1 129 5 is_stmt 1 view .LVU118
 129:Core/Src/usart.c ****     {
 343              		.loc 1 129 9 is_stmt 0 view .LVU119
 344 00d8 FFF7FEFF 		bl	HAL_DMA_Init
 345              	.LVL15:
 129:Core/Src/usart.c ****     {
 346              		.loc 1 129 8 view .LVU120
 347 00dc 78B9     		cbnz	r0, .L20
 348              	.L16:
 134:Core/Src/usart.c **** 
 349              		.loc 1 134 5 is_stmt 1 view .LVU121
 134:Core/Src/usart.c **** 
 350              		.loc 1 134 5 view .LVU122
 351 00de 0D4B     		ldr	r3, .L21+16
 352 00e0 C4F88030 		str	r3, [r4, #128]
 134:Core/Src/usart.c **** 
 353              		.loc 1 134 5 view .LVU123
 354 00e4 9C63     		str	r4, [r3, #56]
ARM GAS  C:\Users\28212\AppData\Local\Temp\ccIMJVdh.s 			page 11


 134:Core/Src/usart.c **** 
 355              		.loc 1 134 5 view .LVU124
 137:Core/Src/usart.c ****     HAL_NVIC_EnableIRQ(UART5_IRQn);
 356              		.loc 1 137 5 view .LVU125
 357 00e6 0022     		movs	r2, #0
 358 00e8 0521     		movs	r1, #5
 359 00ea 3520     		movs	r0, #53
 360 00ec FFF7FEFF 		bl	HAL_NVIC_SetPriority
 361              	.LVL16:
 138:Core/Src/usart.c ****   /* USER CODE BEGIN UART5_MspInit 1 */
 362              		.loc 1 138 5 view .LVU126
 363 00f0 3520     		movs	r0, #53
 364 00f2 FFF7FEFF 		bl	HAL_NVIC_EnableIRQ
 365              	.LVL17:
 366              		.loc 1 143 1 is_stmt 0 view .LVU127
 367 00f6 94E7     		b	.L13
 368              	.L19:
  91:Core/Src/usart.c ****     }
 369              		.loc 1 91 7 is_stmt 1 view .LVU128
 370 00f8 FFF7FEFF 		bl	Error_Handler
 371              	.LVL18:
 372 00fc 9CE7     		b	.L15
 373              	.L20:
 131:Core/Src/usart.c ****     }
 374              		.loc 1 131 7 view .LVU129
 375 00fe FFF7FEFF 		bl	Error_Handler
 376              	.LVL19:
 377 0102 ECE7     		b	.L16
 378              	.L22:
 379              		.align	2
 380              	.L21:
 381 0104 00500040 		.word	1073762304
 382 0108 00440258 		.word	1476543488
 383 010c 00040258 		.word	1476527104
 384 0110 000C0258 		.word	1476529152
 385 0114 00000000 		.word	.LANCHOR1
 386 0118 40000240 		.word	1073872960
 387              		.cfi_endproc
 388              	.LFE145:
 390              		.section	.text.HAL_UART_MspDeInit,"ax",%progbits
 391              		.align	1
 392              		.global	HAL_UART_MspDeInit
 393              		.syntax unified
 394              		.thumb
 395              		.thumb_func
 397              	HAL_UART_MspDeInit:
 398              	.LVL20:
 399              	.LFB146:
 144:Core/Src/usart.c **** 
 145:Core/Src/usart.c **** void HAL_UART_MspDeInit(UART_HandleTypeDef* uartHandle)
 146:Core/Src/usart.c **** {
 400              		.loc 1 146 1 view -0
 401              		.cfi_startproc
 402              		@ args = 0, pretend = 0, frame = 0
 403              		@ frame_needed = 0, uses_anonymous_args = 0
 147:Core/Src/usart.c **** 
 148:Core/Src/usart.c ****   if(uartHandle->Instance==UART5)
ARM GAS  C:\Users\28212\AppData\Local\Temp\ccIMJVdh.s 			page 12


 404              		.loc 1 148 3 view .LVU131
 405              		.loc 1 148 16 is_stmt 0 view .LVU132
 406 0000 0268     		ldr	r2, [r0]
 407              		.loc 1 148 5 view .LVU133
 408 0002 0F4B     		ldr	r3, .L30
 409 0004 9A42     		cmp	r2, r3
 410 0006 00D0     		beq	.L29
 411 0008 7047     		bx	lr
 412              	.L29:
 146:Core/Src/usart.c **** 
 413              		.loc 1 146 1 view .LVU134
 414 000a 10B5     		push	{r4, lr}
 415              		.cfi_def_cfa_offset 8
 416              		.cfi_offset 4, -8
 417              		.cfi_offset 14, -4
 418 000c 0446     		mov	r4, r0
 149:Core/Src/usart.c ****   {
 150:Core/Src/usart.c ****   /* USER CODE BEGIN UART5_MspDeInit 0 */
 151:Core/Src/usart.c **** 
 152:Core/Src/usart.c ****   /* USER CODE END UART5_MspDeInit 0 */
 153:Core/Src/usart.c ****     /* Peripheral clock disable */
 154:Core/Src/usart.c ****     __HAL_RCC_UART5_CLK_DISABLE();
 419              		.loc 1 154 5 is_stmt 1 view .LVU135
 420 000e 0D4A     		ldr	r2, .L30+4
 421 0010 D2F8E830 		ldr	r3, [r2, #232]
 422 0014 23F48013 		bic	r3, r3, #1048576
 423 0018 C2F8E830 		str	r3, [r2, #232]
 155:Core/Src/usart.c **** 
 156:Core/Src/usart.c ****     /**UART5 GPIO Configuration
 157:Core/Src/usart.c ****     PB13     ------> UART5_TX
 158:Core/Src/usart.c ****     PD2     ------> UART5_RX
 159:Core/Src/usart.c ****     */
 160:Core/Src/usart.c ****     HAL_GPIO_DeInit(GPIOB, GPIO_PIN_13);
 424              		.loc 1 160 5 view .LVU136
 425 001c 4FF40051 		mov	r1, #8192
 426 0020 0948     		ldr	r0, .L30+8
 427              	.LVL21:
 428              		.loc 1 160 5 is_stmt 0 view .LVU137
 429 0022 FFF7FEFF 		bl	HAL_GPIO_DeInit
 430              	.LVL22:
 161:Core/Src/usart.c **** 
 162:Core/Src/usart.c ****     HAL_GPIO_DeInit(GPIOD, GPIO_PIN_2);
 431              		.loc 1 162 5 is_stmt 1 view .LVU138
 432 0026 0421     		movs	r1, #4
 433 0028 0848     		ldr	r0, .L30+12
 434 002a FFF7FEFF 		bl	HAL_GPIO_DeInit
 435              	.LVL23:
 163:Core/Src/usart.c **** 
 164:Core/Src/usart.c ****     /* UART5 DMA DeInit */
 165:Core/Src/usart.c ****     HAL_DMA_DeInit(uartHandle->hdmarx);
 436              		.loc 1 165 5 view .LVU139
 437 002e D4F88000 		ldr	r0, [r4, #128]
 438 0032 FFF7FEFF 		bl	HAL_DMA_DeInit
 439              	.LVL24:
 166:Core/Src/usart.c **** 
 167:Core/Src/usart.c ****     /* UART5 interrupt Deinit */
 168:Core/Src/usart.c ****     HAL_NVIC_DisableIRQ(UART5_IRQn);
ARM GAS  C:\Users\28212\AppData\Local\Temp\ccIMJVdh.s 			page 13


 440              		.loc 1 168 5 view .LVU140
 441 0036 3520     		movs	r0, #53
 442 0038 FFF7FEFF 		bl	HAL_NVIC_DisableIRQ
 443              	.LVL25:
 169:Core/Src/usart.c ****   /* USER CODE BEGIN UART5_MspDeInit 1 */
 170:Core/Src/usart.c **** 
 171:Core/Src/usart.c ****   /* USER CODE END UART5_MspDeInit 1 */
 172:Core/Src/usart.c ****   }
 173:Core/Src/usart.c **** }
 444              		.loc 1 173 1 is_stmt 0 view .LVU141
 445 003c 10BD     		pop	{r4, pc}
 446              	.LVL26:
 447              	.L31:
 448              		.loc 1 173 1 view .LVU142
 449 003e 00BF     		.align	2
 450              	.L30:
 451 0040 00500040 		.word	1073762304
 452 0044 00440258 		.word	1476543488
 453 0048 00040258 		.word	1476527104
 454 004c 000C0258 		.word	1476529152
 455              		.cfi_endproc
 456              	.LFE146:
 458              		.global	hdma_uart5_rx
 459              		.global	huart5
 460              		.section	.bss.hdma_uart5_rx,"aw",%nobits
 461              		.align	2
 462              		.set	.LANCHOR1,. + 0
 465              	hdma_uart5_rx:
 466 0000 00000000 		.space	120
 466      00000000 
 466      00000000 
 466      00000000 
 466      00000000 
 467              		.section	.bss.huart5,"aw",%nobits
 468              		.align	2
 469              		.set	.LANCHOR0,. + 0
 472              	huart5:
 473 0000 00000000 		.space	148
 473      00000000 
 473      00000000 
 473      00000000 
 473      00000000 
 474              		.text
 475              	.Letext0:
 476              		.file 2 "d:\\gcc-arm-none-eabi-10.3-2021.10\\arm-none-eabi\\include\\machine\\_default_types.h"
 477              		.file 3 "d:\\gcc-arm-none-eabi-10.3-2021.10\\arm-none-eabi\\include\\sys\\_stdint.h"
 478              		.file 4 "Drivers/CMSIS/Device/ST/STM32H7xx/Include/stm32h723xx.h"
 479              		.file 5 "Drivers/STM32H7xx_HAL_Driver/Inc/stm32h7xx_hal_def.h"
 480              		.file 6 "Drivers/STM32H7xx_HAL_Driver/Inc/stm32h7xx_hal_rcc_ex.h"
 481              		.file 7 "Drivers/STM32H7xx_HAL_Driver/Inc/stm32h7xx_hal_gpio.h"
 482              		.file 8 "Drivers/STM32H7xx_HAL_Driver/Inc/stm32h7xx_hal_dma.h"
 483              		.file 9 "Drivers/STM32H7xx_HAL_Driver/Inc/stm32h7xx_hal_uart.h"
 484              		.file 10 "Core/Inc/usart.h"
 485              		.file 11 "Drivers/STM32H7xx_HAL_Driver/Inc/stm32h7xx_hal_cortex.h"
 486              		.file 12 "Core/Inc/main.h"
 487              		.file 13 "Drivers/STM32H7xx_HAL_Driver/Inc/stm32h7xx_hal_uart_ex.h"
 488              		.file 14 "<built-in>"
ARM GAS  C:\Users\28212\AppData\Local\Temp\ccIMJVdh.s 			page 14


ARM GAS  C:\Users\28212\AppData\Local\Temp\ccIMJVdh.s 			page 15


DEFINED SYMBOLS
                            *ABS*:00000000 usart.c
C:\Users\28212\AppData\Local\Temp\ccIMJVdh.s:19     .text.MX_UART5_Init:00000000 $t
C:\Users\28212\AppData\Local\Temp\ccIMJVdh.s:25     .text.MX_UART5_Init:00000000 MX_UART5_Init
C:\Users\28212\AppData\Local\Temp\ccIMJVdh.s:136    .text.MX_UART5_Init:0000006c $d
C:\Users\28212\AppData\Local\Temp\ccIMJVdh.s:143    .text.HAL_UART_MspInit:00000000 $t
C:\Users\28212\AppData\Local\Temp\ccIMJVdh.s:149    .text.HAL_UART_MspInit:00000000 HAL_UART_MspInit
C:\Users\28212\AppData\Local\Temp\ccIMJVdh.s:381    .text.HAL_UART_MspInit:00000104 $d
C:\Users\28212\AppData\Local\Temp\ccIMJVdh.s:391    .text.HAL_UART_MspDeInit:00000000 $t
C:\Users\28212\AppData\Local\Temp\ccIMJVdh.s:397    .text.HAL_UART_MspDeInit:00000000 HAL_UART_MspDeInit
C:\Users\28212\AppData\Local\Temp\ccIMJVdh.s:451    .text.HAL_UART_MspDeInit:00000040 $d
C:\Users\28212\AppData\Local\Temp\ccIMJVdh.s:465    .bss.hdma_uart5_rx:00000000 hdma_uart5_rx
C:\Users\28212\AppData\Local\Temp\ccIMJVdh.s:472    .bss.huart5:00000000 huart5
C:\Users\28212\AppData\Local\Temp\ccIMJVdh.s:461    .bss.hdma_uart5_rx:00000000 $d
C:\Users\28212\AppData\Local\Temp\ccIMJVdh.s:468    .bss.huart5:00000000 $d

UNDEFINED SYMBOLS
HAL_UART_Init
HAL_UARTEx_SetTxFifoThreshold
HAL_UARTEx_SetRxFifoThreshold
HAL_UARTEx_DisableFifoMode
Error_Handler
memset
HAL_RCCEx_PeriphCLKConfig
HAL_GPIO_Init
HAL_DMA_Init
HAL_NVIC_SetPriority
HAL_NVIC_EnableIRQ
HAL_GPIO_DeInit
HAL_DMA_DeInit
HAL_NVIC_DisableIRQ
