ARM GAS  C:\Users\28212\AppData\Local\Temp\ccG13cpe.s 			page 1


   1              		.cpu cortex-m7
   2              		.arch armv7e-m
   3              		.fpu fpv5-d16
   4              		.eabi_attribute 28, 1
   5              		.eabi_attribute 20, 1
   6              		.eabi_attribute 21, 1
   7              		.eabi_attribute 23, 3
   8              		.eabi_attribute 24, 1
   9              		.eabi_attribute 25, 1
  10              		.eabi_attribute 26, 1
  11              		.eabi_attribute 30, 1
  12              		.eabi_attribute 34, 1
  13              		.eabi_attribute 18, 4
  14              		.file	"fdcan.c"
  15              		.text
  16              	.Ltext0:
  17              		.cfi_sections	.debug_frame
  18              		.section	.text.MX_FDCAN1_Init,"ax",%progbits
  19              		.align	1
  20              		.global	MX_FDCAN1_Init
  21              		.syntax unified
  22              		.thumb
  23              		.thumb_func
  25              	MX_FDCAN1_Init:
  26              	.LFB144:
  27              		.file 1 "Core/Src/fdcan.c"
   1:Core/Src/fdcan.c **** /* USER CODE BEGIN Header */
   2:Core/Src/fdcan.c **** /**
   3:Core/Src/fdcan.c ****   ******************************************************************************
   4:Core/Src/fdcan.c ****   * @file    fdcan.c
   5:Core/Src/fdcan.c ****   * @brief   This file provides code for the configuration
   6:Core/Src/fdcan.c ****   *          of the FDCAN instances.
   7:Core/Src/fdcan.c ****   ******************************************************************************
   8:Core/Src/fdcan.c ****   * @attention
   9:Core/Src/fdcan.c ****   *
  10:Core/Src/fdcan.c ****   * Copyright (c) 2024 STMicroelectronics.
  11:Core/Src/fdcan.c ****   * All rights reserved.
  12:Core/Src/fdcan.c ****   *
  13:Core/Src/fdcan.c ****   * This software is licensed under terms that can be found in the LICENSE file
  14:Core/Src/fdcan.c ****   * in the root directory of this software component.
  15:Core/Src/fdcan.c ****   * If no LICENSE file comes with this software, it is provided AS-IS.
  16:Core/Src/fdcan.c ****   *
  17:Core/Src/fdcan.c ****   ******************************************************************************
  18:Core/Src/fdcan.c ****   */
  19:Core/Src/fdcan.c **** /* USER CODE END Header */
  20:Core/Src/fdcan.c **** /* Includes ------------------------------------------------------------------*/
  21:Core/Src/fdcan.c **** #include "fdcan.h"
  22:Core/Src/fdcan.c **** 
  23:Core/Src/fdcan.c **** /* USER CODE BEGIN 0 */
  24:Core/Src/fdcan.c **** 
  25:Core/Src/fdcan.c **** /* USER CODE END 0 */
  26:Core/Src/fdcan.c **** 
  27:Core/Src/fdcan.c **** FDCAN_HandleTypeDef hfdcan1;
  28:Core/Src/fdcan.c **** FDCAN_HandleTypeDef hfdcan2;
  29:Core/Src/fdcan.c **** FDCAN_HandleTypeDef hfdcan3;
  30:Core/Src/fdcan.c **** 
  31:Core/Src/fdcan.c **** /* FDCAN1 init function */
ARM GAS  C:\Users\28212\AppData\Local\Temp\ccG13cpe.s 			page 2


  32:Core/Src/fdcan.c **** void MX_FDCAN1_Init(void)
  33:Core/Src/fdcan.c **** {
  28              		.loc 1 33 1 view -0
  29              		.cfi_startproc
  30              		@ args = 0, pretend = 0, frame = 0
  31              		@ frame_needed = 0, uses_anonymous_args = 0
  32 0000 10B5     		push	{r4, lr}
  33              	.LCFI0:
  34              		.cfi_def_cfa_offset 8
  35              		.cfi_offset 4, -8
  36              		.cfi_offset 14, -4
  34:Core/Src/fdcan.c **** 
  35:Core/Src/fdcan.c ****   /* USER CODE BEGIN FDCAN1_Init 0 */
  36:Core/Src/fdcan.c **** 
  37:Core/Src/fdcan.c ****   /* USER CODE END FDCAN1_Init 0 */
  38:Core/Src/fdcan.c **** 
  39:Core/Src/fdcan.c ****   /* USER CODE BEGIN FDCAN1_Init 1 */
  40:Core/Src/fdcan.c **** 
  41:Core/Src/fdcan.c ****   /* USER CODE END FDCAN1_Init 1 */
  42:Core/Src/fdcan.c ****   hfdcan1.Instance = FDCAN1;
  37              		.loc 1 42 3 view .LVU1
  38              		.loc 1 42 20 is_stmt 0 view .LVU2
  39 0002 1748     		ldr	r0, .L5
  40 0004 174B     		ldr	r3, .L5+4
  41 0006 0360     		str	r3, [r0]
  43:Core/Src/fdcan.c ****   hfdcan1.Init.FrameFormat = FDCAN_FRAME_CLASSIC;
  42              		.loc 1 43 3 is_stmt 1 view .LVU3
  43              		.loc 1 43 28 is_stmt 0 view .LVU4
  44 0008 0023     		movs	r3, #0
  45 000a 8360     		str	r3, [r0, #8]
  44:Core/Src/fdcan.c ****   hfdcan1.Init.Mode = FDCAN_MODE_NORMAL;
  46              		.loc 1 44 3 is_stmt 1 view .LVU5
  47              		.loc 1 44 21 is_stmt 0 view .LVU6
  48 000c C360     		str	r3, [r0, #12]
  45:Core/Src/fdcan.c ****   hfdcan1.Init.AutoRetransmission = DISABLE;
  49              		.loc 1 45 3 is_stmt 1 view .LVU7
  50              		.loc 1 45 35 is_stmt 0 view .LVU8
  51 000e 0374     		strb	r3, [r0, #16]
  46:Core/Src/fdcan.c ****   hfdcan1.Init.TransmitPause = DISABLE;
  52              		.loc 1 46 3 is_stmt 1 view .LVU9
  53              		.loc 1 46 30 is_stmt 0 view .LVU10
  54 0010 4374     		strb	r3, [r0, #17]
  47:Core/Src/fdcan.c ****   hfdcan1.Init.ProtocolException = DISABLE;
  55              		.loc 1 47 3 is_stmt 1 view .LVU11
  56              		.loc 1 47 34 is_stmt 0 view .LVU12
  57 0012 8374     		strb	r3, [r0, #18]
  48:Core/Src/fdcan.c ****   hfdcan1.Init.NominalPrescaler = 1;
  58              		.loc 1 48 3 is_stmt 1 view .LVU13
  59              		.loc 1 48 33 is_stmt 0 view .LVU14
  60 0014 0122     		movs	r2, #1
  61 0016 4261     		str	r2, [r0, #20]
  49:Core/Src/fdcan.c ****   hfdcan1.Init.NominalSyncJumpWidth = 8;
  62              		.loc 1 49 3 is_stmt 1 view .LVU15
  63              		.loc 1 49 37 is_stmt 0 view .LVU16
  64 0018 0821     		movs	r1, #8
  65 001a 8161     		str	r1, [r0, #24]
  50:Core/Src/fdcan.c ****   hfdcan1.Init.NominalTimeSeg1 = 40;
ARM GAS  C:\Users\28212\AppData\Local\Temp\ccG13cpe.s 			page 3


  66              		.loc 1 50 3 is_stmt 1 view .LVU17
  67              		.loc 1 50 32 is_stmt 0 view .LVU18
  68 001c 2821     		movs	r1, #40
  69 001e C161     		str	r1, [r0, #28]
  51:Core/Src/fdcan.c ****   hfdcan1.Init.NominalTimeSeg2 = 43;
  70              		.loc 1 51 3 is_stmt 1 view .LVU19
  71              		.loc 1 51 32 is_stmt 0 view .LVU20
  72 0020 2B21     		movs	r1, #43
  73 0022 0162     		str	r1, [r0, #32]
  52:Core/Src/fdcan.c ****   hfdcan1.Init.DataPrescaler = 1;
  74              		.loc 1 52 3 is_stmt 1 view .LVU21
  75              		.loc 1 52 30 is_stmt 0 view .LVU22
  76 0024 4262     		str	r2, [r0, #36]
  53:Core/Src/fdcan.c ****   hfdcan1.Init.DataSyncJumpWidth = 10;
  77              		.loc 1 53 3 is_stmt 1 view .LVU23
  78              		.loc 1 53 34 is_stmt 0 view .LVU24
  79 0026 0A21     		movs	r1, #10
  80 0028 8162     		str	r1, [r0, #40]
  54:Core/Src/fdcan.c ****   hfdcan1.Init.DataTimeSeg1 = 29;
  81              		.loc 1 54 3 is_stmt 1 view .LVU25
  82              		.loc 1 54 29 is_stmt 0 view .LVU26
  83 002a 1D24     		movs	r4, #29
  84 002c C462     		str	r4, [r0, #44]
  55:Core/Src/fdcan.c ****   hfdcan1.Init.DataTimeSeg2 = 10;
  85              		.loc 1 55 3 is_stmt 1 view .LVU27
  86              		.loc 1 55 29 is_stmt 0 view .LVU28
  87 002e 0163     		str	r1, [r0, #48]
  56:Core/Src/fdcan.c ****   hfdcan1.Init.MessageRAMOffset = 0;
  88              		.loc 1 56 3 is_stmt 1 view .LVU29
  89              		.loc 1 56 33 is_stmt 0 view .LVU30
  90 0030 4363     		str	r3, [r0, #52]
  57:Core/Src/fdcan.c ****   hfdcan1.Init.StdFiltersNbr = 1;
  91              		.loc 1 57 3 is_stmt 1 view .LVU31
  92              		.loc 1 57 30 is_stmt 0 view .LVU32
  93 0032 8263     		str	r2, [r0, #56]
  58:Core/Src/fdcan.c ****   hfdcan1.Init.ExtFiltersNbr = 1;
  94              		.loc 1 58 3 is_stmt 1 view .LVU33
  95              		.loc 1 58 30 is_stmt 0 view .LVU34
  96 0034 C263     		str	r2, [r0, #60]
  59:Core/Src/fdcan.c ****   hfdcan1.Init.RxFifo0ElmtsNbr = 32;
  97              		.loc 1 59 3 is_stmt 1 view .LVU35
  98              		.loc 1 59 32 is_stmt 0 view .LVU36
  99 0036 2021     		movs	r1, #32
 100 0038 0164     		str	r1, [r0, #64]
  60:Core/Src/fdcan.c ****   hfdcan1.Init.RxFifo0ElmtSize = FDCAN_DATA_BYTES_8;
 101              		.loc 1 60 3 is_stmt 1 view .LVU37
 102              		.loc 1 60 32 is_stmt 0 view .LVU38
 103 003a 0422     		movs	r2, #4
 104 003c 4264     		str	r2, [r0, #68]
  61:Core/Src/fdcan.c ****   hfdcan1.Init.RxFifo1ElmtsNbr = 0;
 105              		.loc 1 61 3 is_stmt 1 view .LVU39
 106              		.loc 1 61 32 is_stmt 0 view .LVU40
 107 003e 8364     		str	r3, [r0, #72]
  62:Core/Src/fdcan.c ****   hfdcan1.Init.RxFifo1ElmtSize = FDCAN_DATA_BYTES_8;
 108              		.loc 1 62 3 is_stmt 1 view .LVU41
 109              		.loc 1 62 32 is_stmt 0 view .LVU42
 110 0040 C264     		str	r2, [r0, #76]
ARM GAS  C:\Users\28212\AppData\Local\Temp\ccG13cpe.s 			page 4


  63:Core/Src/fdcan.c ****   hfdcan1.Init.RxBuffersNbr = 0;
 111              		.loc 1 63 3 is_stmt 1 view .LVU43
 112              		.loc 1 63 29 is_stmt 0 view .LVU44
 113 0042 0365     		str	r3, [r0, #80]
  64:Core/Src/fdcan.c ****   hfdcan1.Init.RxBufferSize = FDCAN_DATA_BYTES_8;
 114              		.loc 1 64 3 is_stmt 1 view .LVU45
 115              		.loc 1 64 29 is_stmt 0 view .LVU46
 116 0044 4265     		str	r2, [r0, #84]
  65:Core/Src/fdcan.c ****   hfdcan1.Init.TxEventsNbr = 0;
 117              		.loc 1 65 3 is_stmt 1 view .LVU47
 118              		.loc 1 65 28 is_stmt 0 view .LVU48
 119 0046 8365     		str	r3, [r0, #88]
  66:Core/Src/fdcan.c ****   hfdcan1.Init.TxBuffersNbr = 0;
 120              		.loc 1 66 3 is_stmt 1 view .LVU49
 121              		.loc 1 66 29 is_stmt 0 view .LVU50
 122 0048 C365     		str	r3, [r0, #92]
  67:Core/Src/fdcan.c ****   hfdcan1.Init.TxFifoQueueElmtsNbr = 32;
 123              		.loc 1 67 3 is_stmt 1 view .LVU51
 124              		.loc 1 67 36 is_stmt 0 view .LVU52
 125 004a 0166     		str	r1, [r0, #96]
  68:Core/Src/fdcan.c ****   hfdcan1.Init.TxFifoQueueMode = FDCAN_TX_FIFO_OPERATION;
 126              		.loc 1 68 3 is_stmt 1 view .LVU53
 127              		.loc 1 68 32 is_stmt 0 view .LVU54
 128 004c 4366     		str	r3, [r0, #100]
  69:Core/Src/fdcan.c ****   hfdcan1.Init.TxElmtSize = FDCAN_DATA_BYTES_8;
 129              		.loc 1 69 3 is_stmt 1 view .LVU55
 130              		.loc 1 69 27 is_stmt 0 view .LVU56
 131 004e 8266     		str	r2, [r0, #104]
  70:Core/Src/fdcan.c ****   if (HAL_FDCAN_Init(&hfdcan1) != HAL_OK)
 132              		.loc 1 70 3 is_stmt 1 view .LVU57
 133              		.loc 1 70 7 is_stmt 0 view .LVU58
 134 0050 FFF7FEFF 		bl	HAL_FDCAN_Init
 135              	.LVL0:
 136              		.loc 1 70 6 view .LVU59
 137 0054 00B9     		cbnz	r0, .L4
 138              	.L1:
  71:Core/Src/fdcan.c ****   {
  72:Core/Src/fdcan.c ****     Error_Handler();
  73:Core/Src/fdcan.c ****   }
  74:Core/Src/fdcan.c ****   /* USER CODE BEGIN FDCAN1_Init 2 */
  75:Core/Src/fdcan.c **** 
  76:Core/Src/fdcan.c ****   /* USER CODE END FDCAN1_Init 2 */
  77:Core/Src/fdcan.c **** 
  78:Core/Src/fdcan.c **** }
 139              		.loc 1 78 1 view .LVU60
 140 0056 10BD     		pop	{r4, pc}
 141              	.L4:
  72:Core/Src/fdcan.c ****   }
 142              		.loc 1 72 5 is_stmt 1 view .LVU61
 143 0058 FFF7FEFF 		bl	Error_Handler
 144              	.LVL1:
 145              		.loc 1 78 1 is_stmt 0 view .LVU62
 146 005c FBE7     		b	.L1
 147              	.L6:
 148 005e 00BF     		.align	2
 149              	.L5:
 150 0060 00000000 		.word	.LANCHOR0
ARM GAS  C:\Users\28212\AppData\Local\Temp\ccG13cpe.s 			page 5


 151 0064 00A00040 		.word	1073782784
 152              		.cfi_endproc
 153              	.LFE144:
 155              		.section	.text.MX_FDCAN2_Init,"ax",%progbits
 156              		.align	1
 157              		.global	MX_FDCAN2_Init
 158              		.syntax unified
 159              		.thumb
 160              		.thumb_func
 162              	MX_FDCAN2_Init:
 163              	.LFB145:
  79:Core/Src/fdcan.c **** /* FDCAN2 init function */
  80:Core/Src/fdcan.c **** void MX_FDCAN2_Init(void)
  81:Core/Src/fdcan.c **** {
 164              		.loc 1 81 1 is_stmt 1 view -0
 165              		.cfi_startproc
 166              		@ args = 0, pretend = 0, frame = 0
 167              		@ frame_needed = 0, uses_anonymous_args = 0
 168 0000 10B5     		push	{r4, lr}
 169              	.LCFI1:
 170              		.cfi_def_cfa_offset 8
 171              		.cfi_offset 4, -8
 172              		.cfi_offset 14, -4
  82:Core/Src/fdcan.c **** 
  83:Core/Src/fdcan.c ****   /* USER CODE BEGIN FDCAN2_Init 0 */
  84:Core/Src/fdcan.c **** 
  85:Core/Src/fdcan.c ****   /* USER CODE END FDCAN2_Init 0 */
  86:Core/Src/fdcan.c **** 
  87:Core/Src/fdcan.c ****   /* USER CODE BEGIN FDCAN2_Init 1 */
  88:Core/Src/fdcan.c **** 
  89:Core/Src/fdcan.c ****   /* USER CODE END FDCAN2_Init 1 */
  90:Core/Src/fdcan.c ****   hfdcan2.Instance = FDCAN2;
 173              		.loc 1 90 3 view .LVU64
 174              		.loc 1 90 20 is_stmt 0 view .LVU65
 175 0002 1748     		ldr	r0, .L11
 176 0004 174B     		ldr	r3, .L11+4
 177 0006 0360     		str	r3, [r0]
  91:Core/Src/fdcan.c ****   hfdcan2.Init.FrameFormat = FDCAN_FRAME_CLASSIC;
 178              		.loc 1 91 3 is_stmt 1 view .LVU66
 179              		.loc 1 91 28 is_stmt 0 view .LVU67
 180 0008 0023     		movs	r3, #0
 181 000a 8360     		str	r3, [r0, #8]
  92:Core/Src/fdcan.c ****   hfdcan2.Init.Mode = FDCAN_MODE_NORMAL;
 182              		.loc 1 92 3 is_stmt 1 view .LVU68
 183              		.loc 1 92 21 is_stmt 0 view .LVU69
 184 000c C360     		str	r3, [r0, #12]
  93:Core/Src/fdcan.c ****   hfdcan2.Init.AutoRetransmission = DISABLE;
 185              		.loc 1 93 3 is_stmt 1 view .LVU70
 186              		.loc 1 93 35 is_stmt 0 view .LVU71
 187 000e 0374     		strb	r3, [r0, #16]
  94:Core/Src/fdcan.c ****   hfdcan2.Init.TransmitPause = DISABLE;
 188              		.loc 1 94 3 is_stmt 1 view .LVU72
 189              		.loc 1 94 30 is_stmt 0 view .LVU73
 190 0010 4374     		strb	r3, [r0, #17]
  95:Core/Src/fdcan.c ****   hfdcan2.Init.ProtocolException = DISABLE;
 191              		.loc 1 95 3 is_stmt 1 view .LVU74
 192              		.loc 1 95 34 is_stmt 0 view .LVU75
ARM GAS  C:\Users\28212\AppData\Local\Temp\ccG13cpe.s 			page 6


 193 0012 8374     		strb	r3, [r0, #18]
  96:Core/Src/fdcan.c ****   hfdcan2.Init.NominalPrescaler = 1;
 194              		.loc 1 96 3 is_stmt 1 view .LVU76
 195              		.loc 1 96 33 is_stmt 0 view .LVU77
 196 0014 0122     		movs	r2, #1
 197 0016 4261     		str	r2, [r0, #20]
  97:Core/Src/fdcan.c ****   hfdcan2.Init.NominalSyncJumpWidth = 8;
 198              		.loc 1 97 3 is_stmt 1 view .LVU78
 199              		.loc 1 97 37 is_stmt 0 view .LVU79
 200 0018 0821     		movs	r1, #8
 201 001a 8161     		str	r1, [r0, #24]
  98:Core/Src/fdcan.c ****   hfdcan2.Init.NominalTimeSeg1 = 40;
 202              		.loc 1 98 3 is_stmt 1 view .LVU80
 203              		.loc 1 98 32 is_stmt 0 view .LVU81
 204 001c 2821     		movs	r1, #40
 205 001e C161     		str	r1, [r0, #28]
  99:Core/Src/fdcan.c ****   hfdcan2.Init.NominalTimeSeg2 = 43;
 206              		.loc 1 99 3 is_stmt 1 view .LVU82
 207              		.loc 1 99 32 is_stmt 0 view .LVU83
 208 0020 2B21     		movs	r1, #43
 209 0022 0162     		str	r1, [r0, #32]
 100:Core/Src/fdcan.c ****   hfdcan2.Init.DataPrescaler = 1;
 210              		.loc 1 100 3 is_stmt 1 view .LVU84
 211              		.loc 1 100 30 is_stmt 0 view .LVU85
 212 0024 4262     		str	r2, [r0, #36]
 101:Core/Src/fdcan.c ****   hfdcan2.Init.DataSyncJumpWidth = 10;
 213              		.loc 1 101 3 is_stmt 1 view .LVU86
 214              		.loc 1 101 34 is_stmt 0 view .LVU87
 215 0026 0A21     		movs	r1, #10
 216 0028 8162     		str	r1, [r0, #40]
 102:Core/Src/fdcan.c ****   hfdcan2.Init.DataTimeSeg1 = 29;
 217              		.loc 1 102 3 is_stmt 1 view .LVU88
 218              		.loc 1 102 29 is_stmt 0 view .LVU89
 219 002a 1D24     		movs	r4, #29
 220 002c C462     		str	r4, [r0, #44]
 103:Core/Src/fdcan.c ****   hfdcan2.Init.DataTimeSeg2 = 10;
 221              		.loc 1 103 3 is_stmt 1 view .LVU90
 222              		.loc 1 103 29 is_stmt 0 view .LVU91
 223 002e 0163     		str	r1, [r0, #48]
 104:Core/Src/fdcan.c ****   hfdcan2.Init.MessageRAMOffset = 0;
 224              		.loc 1 104 3 is_stmt 1 view .LVU92
 225              		.loc 1 104 33 is_stmt 0 view .LVU93
 226 0030 4363     		str	r3, [r0, #52]
 105:Core/Src/fdcan.c ****   hfdcan2.Init.StdFiltersNbr = 1;
 227              		.loc 1 105 3 is_stmt 1 view .LVU94
 228              		.loc 1 105 30 is_stmt 0 view .LVU95
 229 0032 8263     		str	r2, [r0, #56]
 106:Core/Src/fdcan.c ****   hfdcan2.Init.ExtFiltersNbr = 1;
 230              		.loc 1 106 3 is_stmt 1 view .LVU96
 231              		.loc 1 106 30 is_stmt 0 view .LVU97
 232 0034 C263     		str	r2, [r0, #60]
 107:Core/Src/fdcan.c ****   hfdcan2.Init.RxFifo0ElmtsNbr = 32;
 233              		.loc 1 107 3 is_stmt 1 view .LVU98
 234              		.loc 1 107 32 is_stmt 0 view .LVU99
 235 0036 2021     		movs	r1, #32
 236 0038 0164     		str	r1, [r0, #64]
 108:Core/Src/fdcan.c ****   hfdcan2.Init.RxFifo0ElmtSize = FDCAN_DATA_BYTES_8;
ARM GAS  C:\Users\28212\AppData\Local\Temp\ccG13cpe.s 			page 7


 237              		.loc 1 108 3 is_stmt 1 view .LVU100
 238              		.loc 1 108 32 is_stmt 0 view .LVU101
 239 003a 0422     		movs	r2, #4
 240 003c 4264     		str	r2, [r0, #68]
 109:Core/Src/fdcan.c ****   hfdcan2.Init.RxFifo1ElmtsNbr = 0;
 241              		.loc 1 109 3 is_stmt 1 view .LVU102
 242              		.loc 1 109 32 is_stmt 0 view .LVU103
 243 003e 8364     		str	r3, [r0, #72]
 110:Core/Src/fdcan.c ****   hfdcan2.Init.RxFifo1ElmtSize = FDCAN_DATA_BYTES_8;
 244              		.loc 1 110 3 is_stmt 1 view .LVU104
 245              		.loc 1 110 32 is_stmt 0 view .LVU105
 246 0040 C264     		str	r2, [r0, #76]
 111:Core/Src/fdcan.c ****   hfdcan2.Init.RxBuffersNbr = 0;
 247              		.loc 1 111 3 is_stmt 1 view .LVU106
 248              		.loc 1 111 29 is_stmt 0 view .LVU107
 249 0042 0365     		str	r3, [r0, #80]
 112:Core/Src/fdcan.c ****   hfdcan2.Init.RxBufferSize = FDCAN_DATA_BYTES_8;
 250              		.loc 1 112 3 is_stmt 1 view .LVU108
 251              		.loc 1 112 29 is_stmt 0 view .LVU109
 252 0044 4265     		str	r2, [r0, #84]
 113:Core/Src/fdcan.c ****   hfdcan2.Init.TxEventsNbr = 0;
 253              		.loc 1 113 3 is_stmt 1 view .LVU110
 254              		.loc 1 113 28 is_stmt 0 view .LVU111
 255 0046 8365     		str	r3, [r0, #88]
 114:Core/Src/fdcan.c ****   hfdcan2.Init.TxBuffersNbr = 0;
 256              		.loc 1 114 3 is_stmt 1 view .LVU112
 257              		.loc 1 114 29 is_stmt 0 view .LVU113
 258 0048 C365     		str	r3, [r0, #92]
 115:Core/Src/fdcan.c ****   hfdcan2.Init.TxFifoQueueElmtsNbr = 32;
 259              		.loc 1 115 3 is_stmt 1 view .LVU114
 260              		.loc 1 115 36 is_stmt 0 view .LVU115
 261 004a 0166     		str	r1, [r0, #96]
 116:Core/Src/fdcan.c ****   hfdcan2.Init.TxFifoQueueMode = FDCAN_TX_FIFO_OPERATION;
 262              		.loc 1 116 3 is_stmt 1 view .LVU116
 263              		.loc 1 116 32 is_stmt 0 view .LVU117
 264 004c 4366     		str	r3, [r0, #100]
 117:Core/Src/fdcan.c ****   hfdcan2.Init.TxElmtSize = FDCAN_DATA_BYTES_8;
 265              		.loc 1 117 3 is_stmt 1 view .LVU118
 266              		.loc 1 117 27 is_stmt 0 view .LVU119
 267 004e 8266     		str	r2, [r0, #104]
 118:Core/Src/fdcan.c ****   if (HAL_FDCAN_Init(&hfdcan2) != HAL_OK)
 268              		.loc 1 118 3 is_stmt 1 view .LVU120
 269              		.loc 1 118 7 is_stmt 0 view .LVU121
 270 0050 FFF7FEFF 		bl	HAL_FDCAN_Init
 271              	.LVL2:
 272              		.loc 1 118 6 view .LVU122
 273 0054 00B9     		cbnz	r0, .L10
 274              	.L7:
 119:Core/Src/fdcan.c ****   {
 120:Core/Src/fdcan.c ****     Error_Handler();
 121:Core/Src/fdcan.c ****   }
 122:Core/Src/fdcan.c ****   /* USER CODE BEGIN FDCAN2_Init 2 */
 123:Core/Src/fdcan.c **** 
 124:Core/Src/fdcan.c ****   /* USER CODE END FDCAN2_Init 2 */
 125:Core/Src/fdcan.c **** 
 126:Core/Src/fdcan.c **** }
 275              		.loc 1 126 1 view .LVU123
ARM GAS  C:\Users\28212\AppData\Local\Temp\ccG13cpe.s 			page 8


 276 0056 10BD     		pop	{r4, pc}
 277              	.L10:
 120:Core/Src/fdcan.c ****   }
 278              		.loc 1 120 5 is_stmt 1 view .LVU124
 279 0058 FFF7FEFF 		bl	Error_Handler
 280              	.LVL3:
 281              		.loc 1 126 1 is_stmt 0 view .LVU125
 282 005c FBE7     		b	.L7
 283              	.L12:
 284 005e 00BF     		.align	2
 285              	.L11:
 286 0060 00000000 		.word	.LANCHOR1
 287 0064 00A40040 		.word	1073783808
 288              		.cfi_endproc
 289              	.LFE145:
 291              		.section	.text.MX_FDCAN3_Init,"ax",%progbits
 292              		.align	1
 293              		.global	MX_FDCAN3_Init
 294              		.syntax unified
 295              		.thumb
 296              		.thumb_func
 298              	MX_FDCAN3_Init:
 299              	.LFB146:
 127:Core/Src/fdcan.c **** /* FDCAN3 init function */
 128:Core/Src/fdcan.c **** void MX_FDCAN3_Init(void)
 129:Core/Src/fdcan.c **** {
 300              		.loc 1 129 1 is_stmt 1 view -0
 301              		.cfi_startproc
 302              		@ args = 0, pretend = 0, frame = 0
 303              		@ frame_needed = 0, uses_anonymous_args = 0
 304 0000 10B5     		push	{r4, lr}
 305              	.LCFI2:
 306              		.cfi_def_cfa_offset 8
 307              		.cfi_offset 4, -8
 308              		.cfi_offset 14, -4
 130:Core/Src/fdcan.c **** 
 131:Core/Src/fdcan.c ****   /* USER CODE BEGIN FDCAN3_Init 0 */
 132:Core/Src/fdcan.c **** 
 133:Core/Src/fdcan.c ****   /* USER CODE END FDCAN3_Init 0 */
 134:Core/Src/fdcan.c **** 
 135:Core/Src/fdcan.c ****   /* USER CODE BEGIN FDCAN3_Init 1 */
 136:Core/Src/fdcan.c **** 
 137:Core/Src/fdcan.c ****   /* USER CODE END FDCAN3_Init 1 */
 138:Core/Src/fdcan.c ****   hfdcan3.Instance = FDCAN3;
 309              		.loc 1 138 3 view .LVU127
 310              		.loc 1 138 20 is_stmt 0 view .LVU128
 311 0002 1748     		ldr	r0, .L17
 312 0004 174B     		ldr	r3, .L17+4
 313 0006 0360     		str	r3, [r0]
 139:Core/Src/fdcan.c ****   hfdcan3.Init.FrameFormat = FDCAN_FRAME_CLASSIC;
 314              		.loc 1 139 3 is_stmt 1 view .LVU129
 315              		.loc 1 139 28 is_stmt 0 view .LVU130
 316 0008 0023     		movs	r3, #0
 317 000a 8360     		str	r3, [r0, #8]
 140:Core/Src/fdcan.c ****   hfdcan3.Init.Mode = FDCAN_MODE_NORMAL;
 318              		.loc 1 140 3 is_stmt 1 view .LVU131
 319              		.loc 1 140 21 is_stmt 0 view .LVU132
ARM GAS  C:\Users\28212\AppData\Local\Temp\ccG13cpe.s 			page 9


 320 000c C360     		str	r3, [r0, #12]
 141:Core/Src/fdcan.c ****   hfdcan3.Init.AutoRetransmission = DISABLE;
 321              		.loc 1 141 3 is_stmt 1 view .LVU133
 322              		.loc 1 141 35 is_stmt 0 view .LVU134
 323 000e 0374     		strb	r3, [r0, #16]
 142:Core/Src/fdcan.c ****   hfdcan3.Init.TransmitPause = DISABLE;
 324              		.loc 1 142 3 is_stmt 1 view .LVU135
 325              		.loc 1 142 30 is_stmt 0 view .LVU136
 326 0010 4374     		strb	r3, [r0, #17]
 143:Core/Src/fdcan.c ****   hfdcan3.Init.ProtocolException = DISABLE;
 327              		.loc 1 143 3 is_stmt 1 view .LVU137
 328              		.loc 1 143 34 is_stmt 0 view .LVU138
 329 0012 8374     		strb	r3, [r0, #18]
 144:Core/Src/fdcan.c ****   hfdcan3.Init.NominalPrescaler = 1;
 330              		.loc 1 144 3 is_stmt 1 view .LVU139
 331              		.loc 1 144 33 is_stmt 0 view .LVU140
 332 0014 0122     		movs	r2, #1
 333 0016 4261     		str	r2, [r0, #20]
 145:Core/Src/fdcan.c ****   hfdcan3.Init.NominalSyncJumpWidth = 8;
 334              		.loc 1 145 3 is_stmt 1 view .LVU141
 335              		.loc 1 145 37 is_stmt 0 view .LVU142
 336 0018 0821     		movs	r1, #8
 337 001a 8161     		str	r1, [r0, #24]
 146:Core/Src/fdcan.c ****   hfdcan3.Init.NominalTimeSeg1 = 40;
 338              		.loc 1 146 3 is_stmt 1 view .LVU143
 339              		.loc 1 146 32 is_stmt 0 view .LVU144
 340 001c 2821     		movs	r1, #40
 341 001e C161     		str	r1, [r0, #28]
 147:Core/Src/fdcan.c ****   hfdcan3.Init.NominalTimeSeg2 = 43;
 342              		.loc 1 147 3 is_stmt 1 view .LVU145
 343              		.loc 1 147 32 is_stmt 0 view .LVU146
 344 0020 2B21     		movs	r1, #43
 345 0022 0162     		str	r1, [r0, #32]
 148:Core/Src/fdcan.c ****   hfdcan3.Init.DataPrescaler = 1;
 346              		.loc 1 148 3 is_stmt 1 view .LVU147
 347              		.loc 1 148 30 is_stmt 0 view .LVU148
 348 0024 4262     		str	r2, [r0, #36]
 149:Core/Src/fdcan.c ****   hfdcan3.Init.DataSyncJumpWidth = 10;
 349              		.loc 1 149 3 is_stmt 1 view .LVU149
 350              		.loc 1 149 34 is_stmt 0 view .LVU150
 351 0026 0A21     		movs	r1, #10
 352 0028 8162     		str	r1, [r0, #40]
 150:Core/Src/fdcan.c ****   hfdcan3.Init.DataTimeSeg1 = 29;
 353              		.loc 1 150 3 is_stmt 1 view .LVU151
 354              		.loc 1 150 29 is_stmt 0 view .LVU152
 355 002a 1D24     		movs	r4, #29
 356 002c C462     		str	r4, [r0, #44]
 151:Core/Src/fdcan.c ****   hfdcan3.Init.DataTimeSeg2 = 10;
 357              		.loc 1 151 3 is_stmt 1 view .LVU153
 358              		.loc 1 151 29 is_stmt 0 view .LVU154
 359 002e 0163     		str	r1, [r0, #48]
 152:Core/Src/fdcan.c ****   hfdcan3.Init.MessageRAMOffset = 0;
 360              		.loc 1 152 3 is_stmt 1 view .LVU155
 361              		.loc 1 152 33 is_stmt 0 view .LVU156
 362 0030 4363     		str	r3, [r0, #52]
 153:Core/Src/fdcan.c ****   hfdcan3.Init.StdFiltersNbr = 1;
 363              		.loc 1 153 3 is_stmt 1 view .LVU157
ARM GAS  C:\Users\28212\AppData\Local\Temp\ccG13cpe.s 			page 10


 364              		.loc 1 153 30 is_stmt 0 view .LVU158
 365 0032 8263     		str	r2, [r0, #56]
 154:Core/Src/fdcan.c ****   hfdcan3.Init.ExtFiltersNbr = 1;
 366              		.loc 1 154 3 is_stmt 1 view .LVU159
 367              		.loc 1 154 30 is_stmt 0 view .LVU160
 368 0034 C263     		str	r2, [r0, #60]
 155:Core/Src/fdcan.c ****   hfdcan3.Init.RxFifo0ElmtsNbr = 32;
 369              		.loc 1 155 3 is_stmt 1 view .LVU161
 370              		.loc 1 155 32 is_stmt 0 view .LVU162
 371 0036 2021     		movs	r1, #32
 372 0038 0164     		str	r1, [r0, #64]
 156:Core/Src/fdcan.c ****   hfdcan3.Init.RxFifo0ElmtSize = FDCAN_DATA_BYTES_8;
 373              		.loc 1 156 3 is_stmt 1 view .LVU163
 374              		.loc 1 156 32 is_stmt 0 view .LVU164
 375 003a 0422     		movs	r2, #4
 376 003c 4264     		str	r2, [r0, #68]
 157:Core/Src/fdcan.c ****   hfdcan3.Init.RxFifo1ElmtsNbr = 0;
 377              		.loc 1 157 3 is_stmt 1 view .LVU165
 378              		.loc 1 157 32 is_stmt 0 view .LVU166
 379 003e 8364     		str	r3, [r0, #72]
 158:Core/Src/fdcan.c ****   hfdcan3.Init.RxFifo1ElmtSize = FDCAN_DATA_BYTES_8;
 380              		.loc 1 158 3 is_stmt 1 view .LVU167
 381              		.loc 1 158 32 is_stmt 0 view .LVU168
 382 0040 C264     		str	r2, [r0, #76]
 159:Core/Src/fdcan.c ****   hfdcan3.Init.RxBuffersNbr = 0;
 383              		.loc 1 159 3 is_stmt 1 view .LVU169
 384              		.loc 1 159 29 is_stmt 0 view .LVU170
 385 0042 0365     		str	r3, [r0, #80]
 160:Core/Src/fdcan.c ****   hfdcan3.Init.RxBufferSize = FDCAN_DATA_BYTES_8;
 386              		.loc 1 160 3 is_stmt 1 view .LVU171
 387              		.loc 1 160 29 is_stmt 0 view .LVU172
 388 0044 4265     		str	r2, [r0, #84]
 161:Core/Src/fdcan.c ****   hfdcan3.Init.TxEventsNbr = 0;
 389              		.loc 1 161 3 is_stmt 1 view .LVU173
 390              		.loc 1 161 28 is_stmt 0 view .LVU174
 391 0046 8365     		str	r3, [r0, #88]
 162:Core/Src/fdcan.c ****   hfdcan3.Init.TxBuffersNbr = 0;
 392              		.loc 1 162 3 is_stmt 1 view .LVU175
 393              		.loc 1 162 29 is_stmt 0 view .LVU176
 394 0048 C365     		str	r3, [r0, #92]
 163:Core/Src/fdcan.c ****   hfdcan3.Init.TxFifoQueueElmtsNbr = 32;
 395              		.loc 1 163 3 is_stmt 1 view .LVU177
 396              		.loc 1 163 36 is_stmt 0 view .LVU178
 397 004a 0166     		str	r1, [r0, #96]
 164:Core/Src/fdcan.c ****   hfdcan3.Init.TxFifoQueueMode = FDCAN_TX_FIFO_OPERATION;
 398              		.loc 1 164 3 is_stmt 1 view .LVU179
 399              		.loc 1 164 32 is_stmt 0 view .LVU180
 400 004c 4366     		str	r3, [r0, #100]
 165:Core/Src/fdcan.c ****   hfdcan3.Init.TxElmtSize = FDCAN_DATA_BYTES_8;
 401              		.loc 1 165 3 is_stmt 1 view .LVU181
 402              		.loc 1 165 27 is_stmt 0 view .LVU182
 403 004e 8266     		str	r2, [r0, #104]
 166:Core/Src/fdcan.c ****   if (HAL_FDCAN_Init(&hfdcan3) != HAL_OK)
 404              		.loc 1 166 3 is_stmt 1 view .LVU183
 405              		.loc 1 166 7 is_stmt 0 view .LVU184
 406 0050 FFF7FEFF 		bl	HAL_FDCAN_Init
 407              	.LVL4:
ARM GAS  C:\Users\28212\AppData\Local\Temp\ccG13cpe.s 			page 11


 408              		.loc 1 166 6 view .LVU185
 409 0054 00B9     		cbnz	r0, .L16
 410              	.L13:
 167:Core/Src/fdcan.c ****   {
 168:Core/Src/fdcan.c ****     Error_Handler();
 169:Core/Src/fdcan.c ****   }
 170:Core/Src/fdcan.c ****   /* USER CODE BEGIN FDCAN3_Init 2 */
 171:Core/Src/fdcan.c **** 
 172:Core/Src/fdcan.c ****   /* USER CODE END FDCAN3_Init 2 */
 173:Core/Src/fdcan.c **** 
 174:Core/Src/fdcan.c **** }
 411              		.loc 1 174 1 view .LVU186
 412 0056 10BD     		pop	{r4, pc}
 413              	.L16:
 168:Core/Src/fdcan.c ****   }
 414              		.loc 1 168 5 is_stmt 1 view .LVU187
 415 0058 FFF7FEFF 		bl	Error_Handler
 416              	.LVL5:
 417              		.loc 1 174 1 is_stmt 0 view .LVU188
 418 005c FBE7     		b	.L13
 419              	.L18:
 420 005e 00BF     		.align	2
 421              	.L17:
 422 0060 00000000 		.word	.LANCHOR2
 423 0064 00D40040 		.word	1073796096
 424              		.cfi_endproc
 425              	.LFE146:
 427              		.section	.text.HAL_FDCAN_MspInit,"ax",%progbits
 428              		.align	1
 429              		.global	HAL_FDCAN_MspInit
 430              		.syntax unified
 431              		.thumb
 432              		.thumb_func
 434              	HAL_FDCAN_MspInit:
 435              	.LVL6:
 436              	.LFB147:
 175:Core/Src/fdcan.c **** 
 176:Core/Src/fdcan.c **** static uint32_t HAL_RCC_FDCAN_CLK_ENABLED=0;
 177:Core/Src/fdcan.c **** 
 178:Core/Src/fdcan.c **** void HAL_FDCAN_MspInit(FDCAN_HandleTypeDef* fdcanHandle)
 179:Core/Src/fdcan.c **** {
 437              		.loc 1 179 1 is_stmt 1 view -0
 438              		.cfi_startproc
 439              		@ args = 0, pretend = 0, frame = 232
 440              		@ frame_needed = 0, uses_anonymous_args = 0
 441              		.loc 1 179 1 is_stmt 0 view .LVU190
 442 0000 30B5     		push	{r4, r5, lr}
 443              	.LCFI3:
 444              		.cfi_def_cfa_offset 12
 445              		.cfi_offset 4, -12
 446              		.cfi_offset 5, -8
 447              		.cfi_offset 14, -4
 448 0002 BBB0     		sub	sp, sp, #236
 449              	.LCFI4:
 450              		.cfi_def_cfa_offset 248
 451 0004 0446     		mov	r4, r0
 180:Core/Src/fdcan.c **** 
ARM GAS  C:\Users\28212\AppData\Local\Temp\ccG13cpe.s 			page 12


 181:Core/Src/fdcan.c ****   GPIO_InitTypeDef GPIO_InitStruct = {0};
 452              		.loc 1 181 3 is_stmt 1 view .LVU191
 453              		.loc 1 181 20 is_stmt 0 view .LVU192
 454 0006 0021     		movs	r1, #0
 455 0008 3591     		str	r1, [sp, #212]
 456 000a 3691     		str	r1, [sp, #216]
 457 000c 3791     		str	r1, [sp, #220]
 458 000e 3891     		str	r1, [sp, #224]
 459 0010 3991     		str	r1, [sp, #228]
 182:Core/Src/fdcan.c ****   RCC_PeriphCLKInitTypeDef PeriphClkInitStruct = {0};
 460              		.loc 1 182 3 is_stmt 1 view .LVU193
 461              		.loc 1 182 28 is_stmt 0 view .LVU194
 462 0012 B822     		movs	r2, #184
 463 0014 06A8     		add	r0, sp, #24
 464              	.LVL7:
 465              		.loc 1 182 28 view .LVU195
 466 0016 FFF7FEFF 		bl	memset
 467              	.LVL8:
 183:Core/Src/fdcan.c ****   if(fdcanHandle->Instance==FDCAN1)
 468              		.loc 1 183 3 is_stmt 1 view .LVU196
 469              		.loc 1 183 17 is_stmt 0 view .LVU197
 470 001a 2368     		ldr	r3, [r4]
 471              		.loc 1 183 5 view .LVU198
 472 001c 774A     		ldr	r2, .L39
 473 001e 9342     		cmp	r3, r2
 474 0020 08D0     		beq	.L30
 184:Core/Src/fdcan.c ****   {
 185:Core/Src/fdcan.c ****   /* USER CODE BEGIN FDCAN1_MspInit 0 */
 186:Core/Src/fdcan.c **** 
 187:Core/Src/fdcan.c ****   /* USER CODE END FDCAN1_MspInit 0 */
 188:Core/Src/fdcan.c **** 
 189:Core/Src/fdcan.c ****   /** Initializes the peripherals clock
 190:Core/Src/fdcan.c ****   */
 191:Core/Src/fdcan.c ****     PeriphClkInitStruct.PeriphClockSelection = RCC_PERIPHCLK_FDCAN;
 192:Core/Src/fdcan.c ****     PeriphClkInitStruct.FdcanClockSelection = RCC_FDCANCLKSOURCE_PLL;
 193:Core/Src/fdcan.c ****     if (HAL_RCCEx_PeriphCLKConfig(&PeriphClkInitStruct) != HAL_OK)
 194:Core/Src/fdcan.c ****     {
 195:Core/Src/fdcan.c ****       Error_Handler();
 196:Core/Src/fdcan.c ****     }
 197:Core/Src/fdcan.c **** 
 198:Core/Src/fdcan.c ****     /* FDCAN1 clock enable */
 199:Core/Src/fdcan.c ****     HAL_RCC_FDCAN_CLK_ENABLED++;
 200:Core/Src/fdcan.c ****     if(HAL_RCC_FDCAN_CLK_ENABLED==1){
 201:Core/Src/fdcan.c ****       __HAL_RCC_FDCAN_CLK_ENABLE();
 202:Core/Src/fdcan.c ****     }
 203:Core/Src/fdcan.c **** 
 204:Core/Src/fdcan.c ****     __HAL_RCC_GPIOD_CLK_ENABLE();
 205:Core/Src/fdcan.c ****     /**FDCAN1 GPIO Configuration
 206:Core/Src/fdcan.c ****     PD0     ------> FDCAN1_RX
 207:Core/Src/fdcan.c ****     PD1     ------> FDCAN1_TX
 208:Core/Src/fdcan.c ****     */
 209:Core/Src/fdcan.c ****     GPIO_InitStruct.Pin = GPIO_PIN_0|GPIO_PIN_1;
 210:Core/Src/fdcan.c ****     GPIO_InitStruct.Mode = GPIO_MODE_AF_PP;
 211:Core/Src/fdcan.c ****     GPIO_InitStruct.Pull = GPIO_NOPULL;
 212:Core/Src/fdcan.c ****     GPIO_InitStruct.Speed = GPIO_SPEED_FREQ_LOW;
 213:Core/Src/fdcan.c ****     GPIO_InitStruct.Alternate = GPIO_AF9_FDCAN1;
 214:Core/Src/fdcan.c ****     HAL_GPIO_Init(GPIOD, &GPIO_InitStruct);
ARM GAS  C:\Users\28212\AppData\Local\Temp\ccG13cpe.s 			page 13


 215:Core/Src/fdcan.c **** 
 216:Core/Src/fdcan.c ****     /* FDCAN1 interrupt Init */
 217:Core/Src/fdcan.c ****     HAL_NVIC_SetPriority(FDCAN1_IT0_IRQn, 5, 0);
 218:Core/Src/fdcan.c ****     HAL_NVIC_EnableIRQ(FDCAN1_IT0_IRQn);
 219:Core/Src/fdcan.c ****   /* USER CODE BEGIN FDCAN1_MspInit 1 */
 220:Core/Src/fdcan.c **** 
 221:Core/Src/fdcan.c ****   /* USER CODE END FDCAN1_MspInit 1 */
 222:Core/Src/fdcan.c ****   }
 223:Core/Src/fdcan.c ****   else if(fdcanHandle->Instance==FDCAN2)
 475              		.loc 1 223 8 is_stmt 1 view .LVU199
 476              		.loc 1 223 10 is_stmt 0 view .LVU200
 477 0022 774A     		ldr	r2, .L39+4
 478 0024 9342     		cmp	r3, r2
 479 0026 4BD0     		beq	.L31
 224:Core/Src/fdcan.c ****   {
 225:Core/Src/fdcan.c ****   /* USER CODE BEGIN FDCAN2_MspInit 0 */
 226:Core/Src/fdcan.c **** 
 227:Core/Src/fdcan.c ****   /* USER CODE END FDCAN2_MspInit 0 */
 228:Core/Src/fdcan.c **** 
 229:Core/Src/fdcan.c ****   /** Initializes the peripherals clock
 230:Core/Src/fdcan.c ****   */
 231:Core/Src/fdcan.c ****     PeriphClkInitStruct.PeriphClockSelection = RCC_PERIPHCLK_FDCAN;
 232:Core/Src/fdcan.c ****     PeriphClkInitStruct.FdcanClockSelection = RCC_FDCANCLKSOURCE_PLL;
 233:Core/Src/fdcan.c ****     if (HAL_RCCEx_PeriphCLKConfig(&PeriphClkInitStruct) != HAL_OK)
 234:Core/Src/fdcan.c ****     {
 235:Core/Src/fdcan.c ****       Error_Handler();
 236:Core/Src/fdcan.c ****     }
 237:Core/Src/fdcan.c **** 
 238:Core/Src/fdcan.c ****     /* FDCAN2 clock enable */
 239:Core/Src/fdcan.c ****     HAL_RCC_FDCAN_CLK_ENABLED++;
 240:Core/Src/fdcan.c ****     if(HAL_RCC_FDCAN_CLK_ENABLED==1){
 241:Core/Src/fdcan.c ****       __HAL_RCC_FDCAN_CLK_ENABLE();
 242:Core/Src/fdcan.c ****     }
 243:Core/Src/fdcan.c **** 
 244:Core/Src/fdcan.c ****     __HAL_RCC_GPIOB_CLK_ENABLE();
 245:Core/Src/fdcan.c ****     /**FDCAN2 GPIO Configuration
 246:Core/Src/fdcan.c ****     PB5     ------> FDCAN2_RX
 247:Core/Src/fdcan.c ****     PB6     ------> FDCAN2_TX
 248:Core/Src/fdcan.c ****     */
 249:Core/Src/fdcan.c ****     GPIO_InitStruct.Pin = GPIO_PIN_5|GPIO_PIN_6;
 250:Core/Src/fdcan.c ****     GPIO_InitStruct.Mode = GPIO_MODE_AF_PP;
 251:Core/Src/fdcan.c ****     GPIO_InitStruct.Pull = GPIO_NOPULL;
 252:Core/Src/fdcan.c ****     GPIO_InitStruct.Speed = GPIO_SPEED_FREQ_LOW;
 253:Core/Src/fdcan.c ****     GPIO_InitStruct.Alternate = GPIO_AF9_FDCAN2;
 254:Core/Src/fdcan.c ****     HAL_GPIO_Init(GPIOB, &GPIO_InitStruct);
 255:Core/Src/fdcan.c **** 
 256:Core/Src/fdcan.c ****     /* FDCAN2 interrupt Init */
 257:Core/Src/fdcan.c ****     HAL_NVIC_SetPriority(FDCAN2_IT0_IRQn, 5, 0);
 258:Core/Src/fdcan.c ****     HAL_NVIC_EnableIRQ(FDCAN2_IT0_IRQn);
 259:Core/Src/fdcan.c ****     HAL_NVIC_SetPriority(FDCAN2_IT1_IRQn, 5, 0);
 260:Core/Src/fdcan.c ****     HAL_NVIC_EnableIRQ(FDCAN2_IT1_IRQn);
 261:Core/Src/fdcan.c ****   /* USER CODE BEGIN FDCAN2_MspInit 1 */
 262:Core/Src/fdcan.c **** 
 263:Core/Src/fdcan.c ****   /* USER CODE END FDCAN2_MspInit 1 */
 264:Core/Src/fdcan.c ****   }
 265:Core/Src/fdcan.c ****   else if(fdcanHandle->Instance==FDCAN3)
 480              		.loc 1 265 8 is_stmt 1 view .LVU201
ARM GAS  C:\Users\28212\AppData\Local\Temp\ccG13cpe.s 			page 14


 481              		.loc 1 265 10 is_stmt 0 view .LVU202
 482 0028 764A     		ldr	r2, .L39+8
 483 002a 9342     		cmp	r3, r2
 484 002c 00F09680 		beq	.L32
 485              	.LVL9:
 486              	.L19:
 266:Core/Src/fdcan.c ****   {
 267:Core/Src/fdcan.c ****   /* USER CODE BEGIN FDCAN3_MspInit 0 */
 268:Core/Src/fdcan.c **** 
 269:Core/Src/fdcan.c ****   /* USER CODE END FDCAN3_MspInit 0 */
 270:Core/Src/fdcan.c **** 
 271:Core/Src/fdcan.c ****   /** Initializes the peripherals clock
 272:Core/Src/fdcan.c ****   */
 273:Core/Src/fdcan.c ****     PeriphClkInitStruct.PeriphClockSelection = RCC_PERIPHCLK_FDCAN;
 274:Core/Src/fdcan.c ****     PeriphClkInitStruct.FdcanClockSelection = RCC_FDCANCLKSOURCE_PLL;
 275:Core/Src/fdcan.c ****     if (HAL_RCCEx_PeriphCLKConfig(&PeriphClkInitStruct) != HAL_OK)
 276:Core/Src/fdcan.c ****     {
 277:Core/Src/fdcan.c ****       Error_Handler();
 278:Core/Src/fdcan.c ****     }
 279:Core/Src/fdcan.c **** 
 280:Core/Src/fdcan.c ****     /* FDCAN3 clock enable */
 281:Core/Src/fdcan.c ****     HAL_RCC_FDCAN_CLK_ENABLED++;
 282:Core/Src/fdcan.c ****     if(HAL_RCC_FDCAN_CLK_ENABLED==1){
 283:Core/Src/fdcan.c ****       __HAL_RCC_FDCAN_CLK_ENABLE();
 284:Core/Src/fdcan.c ****     }
 285:Core/Src/fdcan.c **** 
 286:Core/Src/fdcan.c ****     __HAL_RCC_GPIOD_CLK_ENABLE();
 287:Core/Src/fdcan.c ****     /**FDCAN3 GPIO Configuration
 288:Core/Src/fdcan.c ****     PD12     ------> FDCAN3_RX
 289:Core/Src/fdcan.c ****     PD13     ------> FDCAN3_TX
 290:Core/Src/fdcan.c ****     */
 291:Core/Src/fdcan.c ****     GPIO_InitStruct.Pin = GPIO_PIN_12|GPIO_PIN_13;
 292:Core/Src/fdcan.c ****     GPIO_InitStruct.Mode = GPIO_MODE_AF_PP;
 293:Core/Src/fdcan.c ****     GPIO_InitStruct.Pull = GPIO_NOPULL;
 294:Core/Src/fdcan.c ****     GPIO_InitStruct.Speed = GPIO_SPEED_FREQ_LOW;
 295:Core/Src/fdcan.c ****     GPIO_InitStruct.Alternate = GPIO_AF5_FDCAN3;
 296:Core/Src/fdcan.c ****     HAL_GPIO_Init(GPIOD, &GPIO_InitStruct);
 297:Core/Src/fdcan.c **** 
 298:Core/Src/fdcan.c ****     /* FDCAN3 interrupt Init */
 299:Core/Src/fdcan.c ****     HAL_NVIC_SetPriority(FDCAN3_IT0_IRQn, 5, 0);
 300:Core/Src/fdcan.c ****     HAL_NVIC_EnableIRQ(FDCAN3_IT0_IRQn);
 301:Core/Src/fdcan.c ****     HAL_NVIC_SetPriority(FDCAN3_IT1_IRQn, 5, 0);
 302:Core/Src/fdcan.c ****     HAL_NVIC_EnableIRQ(FDCAN3_IT1_IRQn);
 303:Core/Src/fdcan.c ****   /* USER CODE BEGIN FDCAN3_MspInit 1 */
 304:Core/Src/fdcan.c **** 
 305:Core/Src/fdcan.c ****   /* USER CODE END FDCAN3_MspInit 1 */
 306:Core/Src/fdcan.c ****   }
 307:Core/Src/fdcan.c **** }
 487              		.loc 1 307 1 view .LVU203
 488 0030 3BB0     		add	sp, sp, #236
 489              	.LCFI5:
 490              		.cfi_remember_state
 491              		.cfi_def_cfa_offset 12
 492              		@ sp needed
 493 0032 30BD     		pop	{r4, r5, pc}
 494              	.LVL10:
 495              	.L30:
ARM GAS  C:\Users\28212\AppData\Local\Temp\ccG13cpe.s 			page 15


 496              	.LCFI6:
 497              		.cfi_restore_state
 191:Core/Src/fdcan.c ****     PeriphClkInitStruct.FdcanClockSelection = RCC_FDCANCLKSOURCE_PLL;
 498              		.loc 1 191 5 is_stmt 1 view .LVU204
 191:Core/Src/fdcan.c ****     PeriphClkInitStruct.FdcanClockSelection = RCC_FDCANCLKSOURCE_PLL;
 499              		.loc 1 191 46 is_stmt 0 view .LVU205
 500 0034 4FF40042 		mov	r2, #32768
 501 0038 0023     		movs	r3, #0
 502 003a CDE90623 		strd	r2, [sp, #24]
 192:Core/Src/fdcan.c ****     if (HAL_RCCEx_PeriphCLKConfig(&PeriphClkInitStruct) != HAL_OK)
 503              		.loc 1 192 5 is_stmt 1 view .LVU206
 192:Core/Src/fdcan.c ****     if (HAL_RCCEx_PeriphCLKConfig(&PeriphClkInitStruct) != HAL_OK)
 504              		.loc 1 192 45 is_stmt 0 view .LVU207
 505 003e 4FF08053 		mov	r3, #268435456
 506 0042 2193     		str	r3, [sp, #132]
 193:Core/Src/fdcan.c ****     {
 507              		.loc 1 193 5 is_stmt 1 view .LVU208
 193:Core/Src/fdcan.c ****     {
 508              		.loc 1 193 9 is_stmt 0 view .LVU209
 509 0044 06A8     		add	r0, sp, #24
 510 0046 FFF7FEFF 		bl	HAL_RCCEx_PeriphCLKConfig
 511              	.LVL11:
 193:Core/Src/fdcan.c ****     {
 512              		.loc 1 193 8 view .LVU210
 513 004a 40BB     		cbnz	r0, .L33
 514              	.L21:
 199:Core/Src/fdcan.c ****     if(HAL_RCC_FDCAN_CLK_ENABLED==1){
 515              		.loc 1 199 5 is_stmt 1 view .LVU211
 199:Core/Src/fdcan.c ****     if(HAL_RCC_FDCAN_CLK_ENABLED==1){
 516              		.loc 1 199 30 is_stmt 0 view .LVU212
 517 004c 6E4A     		ldr	r2, .L39+12
 518 004e 1368     		ldr	r3, [r2]
 519 0050 0133     		adds	r3, r3, #1
 520 0052 1360     		str	r3, [r2]
 200:Core/Src/fdcan.c ****       __HAL_RCC_FDCAN_CLK_ENABLE();
 521              		.loc 1 200 5 is_stmt 1 view .LVU213
 200:Core/Src/fdcan.c ****       __HAL_RCC_FDCAN_CLK_ENABLE();
 522              		.loc 1 200 7 is_stmt 0 view .LVU214
 523 0054 012B     		cmp	r3, #1
 524 0056 25D0     		beq	.L34
 525              	.L22:
 201:Core/Src/fdcan.c ****     }
 526              		.loc 1 201 7 is_stmt 1 discriminator 1 view .LVU215
 204:Core/Src/fdcan.c ****     /**FDCAN1 GPIO Configuration
 527              		.loc 1 204 5 discriminator 1 view .LVU216
 528              	.LBB2:
 204:Core/Src/fdcan.c ****     /**FDCAN1 GPIO Configuration
 529              		.loc 1 204 5 discriminator 1 view .LVU217
 204:Core/Src/fdcan.c ****     /**FDCAN1 GPIO Configuration
 530              		.loc 1 204 5 discriminator 1 view .LVU218
 531 0058 6C4B     		ldr	r3, .L39+16
 532 005a D3F8E020 		ldr	r2, [r3, #224]
 533 005e 42F00802 		orr	r2, r2, #8
 534 0062 C3F8E020 		str	r2, [r3, #224]
 204:Core/Src/fdcan.c ****     /**FDCAN1 GPIO Configuration
 535              		.loc 1 204 5 discriminator 1 view .LVU219
 536 0066 D3F8E030 		ldr	r3, [r3, #224]
ARM GAS  C:\Users\28212\AppData\Local\Temp\ccG13cpe.s 			page 16


 537 006a 03F00803 		and	r3, r3, #8
 538 006e 0193     		str	r3, [sp, #4]
 204:Core/Src/fdcan.c ****     /**FDCAN1 GPIO Configuration
 539              		.loc 1 204 5 discriminator 1 view .LVU220
 540 0070 019B     		ldr	r3, [sp, #4]
 541              	.LBE2:
 204:Core/Src/fdcan.c ****     /**FDCAN1 GPIO Configuration
 542              		.loc 1 204 5 discriminator 1 view .LVU221
 209:Core/Src/fdcan.c ****     GPIO_InitStruct.Mode = GPIO_MODE_AF_PP;
 543              		.loc 1 209 5 discriminator 1 view .LVU222
 209:Core/Src/fdcan.c ****     GPIO_InitStruct.Mode = GPIO_MODE_AF_PP;
 544              		.loc 1 209 25 is_stmt 0 discriminator 1 view .LVU223
 545 0072 0323     		movs	r3, #3
 546 0074 3593     		str	r3, [sp, #212]
 210:Core/Src/fdcan.c ****     GPIO_InitStruct.Pull = GPIO_NOPULL;
 547              		.loc 1 210 5 is_stmt 1 discriminator 1 view .LVU224
 210:Core/Src/fdcan.c ****     GPIO_InitStruct.Pull = GPIO_NOPULL;
 548              		.loc 1 210 26 is_stmt 0 discriminator 1 view .LVU225
 549 0076 0223     		movs	r3, #2
 550 0078 3693     		str	r3, [sp, #216]
 211:Core/Src/fdcan.c ****     GPIO_InitStruct.Speed = GPIO_SPEED_FREQ_LOW;
 551              		.loc 1 211 5 is_stmt 1 discriminator 1 view .LVU226
 211:Core/Src/fdcan.c ****     GPIO_InitStruct.Speed = GPIO_SPEED_FREQ_LOW;
 552              		.loc 1 211 26 is_stmt 0 discriminator 1 view .LVU227
 553 007a 0024     		movs	r4, #0
 554              	.LVL12:
 211:Core/Src/fdcan.c ****     GPIO_InitStruct.Speed = GPIO_SPEED_FREQ_LOW;
 555              		.loc 1 211 26 discriminator 1 view .LVU228
 556 007c 3794     		str	r4, [sp, #220]
 212:Core/Src/fdcan.c ****     GPIO_InitStruct.Alternate = GPIO_AF9_FDCAN1;
 557              		.loc 1 212 5 is_stmt 1 discriminator 1 view .LVU229
 212:Core/Src/fdcan.c ****     GPIO_InitStruct.Alternate = GPIO_AF9_FDCAN1;
 558              		.loc 1 212 27 is_stmt 0 discriminator 1 view .LVU230
 559 007e 3894     		str	r4, [sp, #224]
 213:Core/Src/fdcan.c ****     HAL_GPIO_Init(GPIOD, &GPIO_InitStruct);
 560              		.loc 1 213 5 is_stmt 1 discriminator 1 view .LVU231
 213:Core/Src/fdcan.c ****     HAL_GPIO_Init(GPIOD, &GPIO_InitStruct);
 561              		.loc 1 213 31 is_stmt 0 discriminator 1 view .LVU232
 562 0080 0923     		movs	r3, #9
 563 0082 3993     		str	r3, [sp, #228]
 214:Core/Src/fdcan.c **** 
 564              		.loc 1 214 5 is_stmt 1 discriminator 1 view .LVU233
 565 0084 35A9     		add	r1, sp, #212
 566 0086 6248     		ldr	r0, .L39+20
 567 0088 FFF7FEFF 		bl	HAL_GPIO_Init
 568              	.LVL13:
 217:Core/Src/fdcan.c ****     HAL_NVIC_EnableIRQ(FDCAN1_IT0_IRQn);
 569              		.loc 1 217 5 discriminator 1 view .LVU234
 570 008c 2246     		mov	r2, r4
 571 008e 0521     		movs	r1, #5
 572 0090 1320     		movs	r0, #19
 573 0092 FFF7FEFF 		bl	HAL_NVIC_SetPriority
 574              	.LVL14:
 218:Core/Src/fdcan.c ****   /* USER CODE BEGIN FDCAN1_MspInit 1 */
 575              		.loc 1 218 5 discriminator 1 view .LVU235
 576 0096 1320     		movs	r0, #19
 577 0098 FFF7FEFF 		bl	HAL_NVIC_EnableIRQ
ARM GAS  C:\Users\28212\AppData\Local\Temp\ccG13cpe.s 			page 17


 578              	.LVL15:
 579 009c C8E7     		b	.L19
 580              	.LVL16:
 581              	.L33:
 195:Core/Src/fdcan.c ****     }
 582              		.loc 1 195 7 view .LVU236
 583 009e FFF7FEFF 		bl	Error_Handler
 584              	.LVL17:
 585 00a2 D3E7     		b	.L21
 586              	.L34:
 201:Core/Src/fdcan.c ****     }
 587              		.loc 1 201 7 view .LVU237
 588              	.LBB3:
 201:Core/Src/fdcan.c ****     }
 589              		.loc 1 201 7 view .LVU238
 201:Core/Src/fdcan.c ****     }
 590              		.loc 1 201 7 view .LVU239
 591 00a4 594B     		ldr	r3, .L39+16
 592 00a6 D3F8EC20 		ldr	r2, [r3, #236]
 593 00aa 42F48072 		orr	r2, r2, #256
 594 00ae C3F8EC20 		str	r2, [r3, #236]
 201:Core/Src/fdcan.c ****     }
 595              		.loc 1 201 7 view .LVU240
 596 00b2 D3F8EC30 		ldr	r3, [r3, #236]
 597 00b6 03F48073 		and	r3, r3, #256
 598 00ba 0093     		str	r3, [sp]
 201:Core/Src/fdcan.c ****     }
 599              		.loc 1 201 7 view .LVU241
 600 00bc 009B     		ldr	r3, [sp]
 601 00be CBE7     		b	.L22
 602              	.L31:
 603              	.LBE3:
 231:Core/Src/fdcan.c ****     PeriphClkInitStruct.FdcanClockSelection = RCC_FDCANCLKSOURCE_PLL;
 604              		.loc 1 231 5 view .LVU242
 231:Core/Src/fdcan.c ****     PeriphClkInitStruct.FdcanClockSelection = RCC_FDCANCLKSOURCE_PLL;
 605              		.loc 1 231 46 is_stmt 0 view .LVU243
 606 00c0 4FF40042 		mov	r2, #32768
 607 00c4 0023     		movs	r3, #0
 608 00c6 CDE90623 		strd	r2, [sp, #24]
 232:Core/Src/fdcan.c ****     if (HAL_RCCEx_PeriphCLKConfig(&PeriphClkInitStruct) != HAL_OK)
 609              		.loc 1 232 5 is_stmt 1 view .LVU244
 232:Core/Src/fdcan.c ****     if (HAL_RCCEx_PeriphCLKConfig(&PeriphClkInitStruct) != HAL_OK)
 610              		.loc 1 232 45 is_stmt 0 view .LVU245
 611 00ca 4FF08053 		mov	r3, #268435456
 612 00ce 2193     		str	r3, [sp, #132]
 233:Core/Src/fdcan.c ****     {
 613              		.loc 1 233 5 is_stmt 1 view .LVU246
 233:Core/Src/fdcan.c ****     {
 614              		.loc 1 233 9 is_stmt 0 view .LVU247
 615 00d0 06A8     		add	r0, sp, #24
 616 00d2 FFF7FEFF 		bl	HAL_RCCEx_PeriphCLKConfig
 617              	.LVL18:
 233:Core/Src/fdcan.c ****     {
 618              		.loc 1 233 8 view .LVU248
 619 00d6 80BB     		cbnz	r0, .L35
 620              	.L25:
 239:Core/Src/fdcan.c ****     if(HAL_RCC_FDCAN_CLK_ENABLED==1){
ARM GAS  C:\Users\28212\AppData\Local\Temp\ccG13cpe.s 			page 18


 621              		.loc 1 239 5 is_stmt 1 view .LVU249
 239:Core/Src/fdcan.c ****     if(HAL_RCC_FDCAN_CLK_ENABLED==1){
 622              		.loc 1 239 30 is_stmt 0 view .LVU250
 623 00d8 4B4A     		ldr	r2, .L39+12
 624 00da 1368     		ldr	r3, [r2]
 625 00dc 0133     		adds	r3, r3, #1
 626 00de 1360     		str	r3, [r2]
 240:Core/Src/fdcan.c ****       __HAL_RCC_FDCAN_CLK_ENABLE();
 627              		.loc 1 240 5 is_stmt 1 view .LVU251
 240:Core/Src/fdcan.c ****       __HAL_RCC_FDCAN_CLK_ENABLE();
 628              		.loc 1 240 7 is_stmt 0 view .LVU252
 629 00e0 012B     		cmp	r3, #1
 630 00e2 2DD0     		beq	.L36
 631              	.L26:
 241:Core/Src/fdcan.c ****     }
 632              		.loc 1 241 7 is_stmt 1 discriminator 1 view .LVU253
 244:Core/Src/fdcan.c ****     /**FDCAN2 GPIO Configuration
 633              		.loc 1 244 5 discriminator 1 view .LVU254
 634              	.LBB4:
 244:Core/Src/fdcan.c ****     /**FDCAN2 GPIO Configuration
 635              		.loc 1 244 5 discriminator 1 view .LVU255
 244:Core/Src/fdcan.c ****     /**FDCAN2 GPIO Configuration
 636              		.loc 1 244 5 discriminator 1 view .LVU256
 637 00e4 494B     		ldr	r3, .L39+16
 638 00e6 D3F8E020 		ldr	r2, [r3, #224]
 639 00ea 42F00202 		orr	r2, r2, #2
 640 00ee C3F8E020 		str	r2, [r3, #224]
 244:Core/Src/fdcan.c ****     /**FDCAN2 GPIO Configuration
 641              		.loc 1 244 5 discriminator 1 view .LVU257
 642 00f2 D3F8E030 		ldr	r3, [r3, #224]
 643 00f6 03F00203 		and	r3, r3, #2
 644 00fa 0393     		str	r3, [sp, #12]
 244:Core/Src/fdcan.c ****     /**FDCAN2 GPIO Configuration
 645              		.loc 1 244 5 discriminator 1 view .LVU258
 646 00fc 039B     		ldr	r3, [sp, #12]
 647              	.LBE4:
 244:Core/Src/fdcan.c ****     /**FDCAN2 GPIO Configuration
 648              		.loc 1 244 5 discriminator 1 view .LVU259
 249:Core/Src/fdcan.c ****     GPIO_InitStruct.Mode = GPIO_MODE_AF_PP;
 649              		.loc 1 249 5 discriminator 1 view .LVU260
 249:Core/Src/fdcan.c ****     GPIO_InitStruct.Mode = GPIO_MODE_AF_PP;
 650              		.loc 1 249 25 is_stmt 0 discriminator 1 view .LVU261
 651 00fe 6023     		movs	r3, #96
 652 0100 3593     		str	r3, [sp, #212]
 250:Core/Src/fdcan.c ****     GPIO_InitStruct.Pull = GPIO_NOPULL;
 653              		.loc 1 250 5 is_stmt 1 discriminator 1 view .LVU262
 250:Core/Src/fdcan.c ****     GPIO_InitStruct.Pull = GPIO_NOPULL;
 654              		.loc 1 250 26 is_stmt 0 discriminator 1 view .LVU263
 655 0102 0223     		movs	r3, #2
 656 0104 3693     		str	r3, [sp, #216]
 251:Core/Src/fdcan.c ****     GPIO_InitStruct.Speed = GPIO_SPEED_FREQ_LOW;
 657              		.loc 1 251 5 is_stmt 1 discriminator 1 view .LVU264
 251:Core/Src/fdcan.c ****     GPIO_InitStruct.Speed = GPIO_SPEED_FREQ_LOW;
 658              		.loc 1 251 26 is_stmt 0 discriminator 1 view .LVU265
 659 0106 0024     		movs	r4, #0
 660              	.LVL19:
 251:Core/Src/fdcan.c ****     GPIO_InitStruct.Speed = GPIO_SPEED_FREQ_LOW;
ARM GAS  C:\Users\28212\AppData\Local\Temp\ccG13cpe.s 			page 19


 661              		.loc 1 251 26 discriminator 1 view .LVU266
 662 0108 3794     		str	r4, [sp, #220]
 252:Core/Src/fdcan.c ****     GPIO_InitStruct.Alternate = GPIO_AF9_FDCAN2;
 663              		.loc 1 252 5 is_stmt 1 discriminator 1 view .LVU267
 252:Core/Src/fdcan.c ****     GPIO_InitStruct.Alternate = GPIO_AF9_FDCAN2;
 664              		.loc 1 252 27 is_stmt 0 discriminator 1 view .LVU268
 665 010a 3894     		str	r4, [sp, #224]
 253:Core/Src/fdcan.c ****     HAL_GPIO_Init(GPIOB, &GPIO_InitStruct);
 666              		.loc 1 253 5 is_stmt 1 discriminator 1 view .LVU269
 253:Core/Src/fdcan.c ****     HAL_GPIO_Init(GPIOB, &GPIO_InitStruct);
 667              		.loc 1 253 31 is_stmt 0 discriminator 1 view .LVU270
 668 010c 0923     		movs	r3, #9
 669 010e 3993     		str	r3, [sp, #228]
 254:Core/Src/fdcan.c **** 
 670              		.loc 1 254 5 is_stmt 1 discriminator 1 view .LVU271
 671 0110 35A9     		add	r1, sp, #212
 672 0112 4048     		ldr	r0, .L39+24
 673 0114 FFF7FEFF 		bl	HAL_GPIO_Init
 674              	.LVL20:
 257:Core/Src/fdcan.c ****     HAL_NVIC_EnableIRQ(FDCAN2_IT0_IRQn);
 675              		.loc 1 257 5 discriminator 1 view .LVU272
 676 0118 2246     		mov	r2, r4
 677 011a 0521     		movs	r1, #5
 678 011c 1420     		movs	r0, #20
 679 011e FFF7FEFF 		bl	HAL_NVIC_SetPriority
 680              	.LVL21:
 258:Core/Src/fdcan.c ****     HAL_NVIC_SetPriority(FDCAN2_IT1_IRQn, 5, 0);
 681              		.loc 1 258 5 discriminator 1 view .LVU273
 682 0122 1420     		movs	r0, #20
 683 0124 FFF7FEFF 		bl	HAL_NVIC_EnableIRQ
 684              	.LVL22:
 259:Core/Src/fdcan.c ****     HAL_NVIC_EnableIRQ(FDCAN2_IT1_IRQn);
 685              		.loc 1 259 5 discriminator 1 view .LVU274
 686 0128 2246     		mov	r2, r4
 687 012a 0521     		movs	r1, #5
 688 012c 1620     		movs	r0, #22
 689 012e FFF7FEFF 		bl	HAL_NVIC_SetPriority
 690              	.LVL23:
 260:Core/Src/fdcan.c ****   /* USER CODE BEGIN FDCAN2_MspInit 1 */
 691              		.loc 1 260 5 discriminator 1 view .LVU275
 692 0132 1620     		movs	r0, #22
 693 0134 FFF7FEFF 		bl	HAL_NVIC_EnableIRQ
 694              	.LVL24:
 695 0138 7AE7     		b	.L19
 696              	.LVL25:
 697              	.L35:
 235:Core/Src/fdcan.c ****     }
 698              		.loc 1 235 7 view .LVU276
 699 013a FFF7FEFF 		bl	Error_Handler
 700              	.LVL26:
 701 013e CBE7     		b	.L25
 702              	.L36:
 241:Core/Src/fdcan.c ****     }
 703              		.loc 1 241 7 view .LVU277
 704              	.LBB5:
 241:Core/Src/fdcan.c ****     }
 705              		.loc 1 241 7 view .LVU278
ARM GAS  C:\Users\28212\AppData\Local\Temp\ccG13cpe.s 			page 20


 241:Core/Src/fdcan.c ****     }
 706              		.loc 1 241 7 view .LVU279
 707 0140 324B     		ldr	r3, .L39+16
 708 0142 D3F8EC20 		ldr	r2, [r3, #236]
 709 0146 42F48072 		orr	r2, r2, #256
 710 014a C3F8EC20 		str	r2, [r3, #236]
 241:Core/Src/fdcan.c ****     }
 711              		.loc 1 241 7 view .LVU280
 712 014e D3F8EC30 		ldr	r3, [r3, #236]
 713 0152 03F48073 		and	r3, r3, #256
 714 0156 0293     		str	r3, [sp, #8]
 241:Core/Src/fdcan.c ****     }
 715              		.loc 1 241 7 view .LVU281
 716 0158 029B     		ldr	r3, [sp, #8]
 717 015a C3E7     		b	.L26
 718              	.L32:
 719              	.LBE5:
 273:Core/Src/fdcan.c ****     PeriphClkInitStruct.FdcanClockSelection = RCC_FDCANCLKSOURCE_PLL;
 720              		.loc 1 273 5 view .LVU282
 273:Core/Src/fdcan.c ****     PeriphClkInitStruct.FdcanClockSelection = RCC_FDCANCLKSOURCE_PLL;
 721              		.loc 1 273 46 is_stmt 0 view .LVU283
 722 015c 4FF40042 		mov	r2, #32768
 723 0160 0023     		movs	r3, #0
 724 0162 CDE90623 		strd	r2, [sp, #24]
 274:Core/Src/fdcan.c ****     if (HAL_RCCEx_PeriphCLKConfig(&PeriphClkInitStruct) != HAL_OK)
 725              		.loc 1 274 5 is_stmt 1 view .LVU284
 274:Core/Src/fdcan.c ****     if (HAL_RCCEx_PeriphCLKConfig(&PeriphClkInitStruct) != HAL_OK)
 726              		.loc 1 274 45 is_stmt 0 view .LVU285
 727 0166 4FF08053 		mov	r3, #268435456
 728 016a 2193     		str	r3, [sp, #132]
 275:Core/Src/fdcan.c ****     {
 729              		.loc 1 275 5 is_stmt 1 view .LVU286
 275:Core/Src/fdcan.c ****     {
 730              		.loc 1 275 9 is_stmt 0 view .LVU287
 731 016c 06A8     		add	r0, sp, #24
 732 016e FFF7FEFF 		bl	HAL_RCCEx_PeriphCLKConfig
 733              	.LVL27:
 275:Core/Src/fdcan.c ****     {
 734              		.loc 1 275 8 view .LVU288
 735 0172 88BB     		cbnz	r0, .L37
 736              	.L27:
 281:Core/Src/fdcan.c ****     if(HAL_RCC_FDCAN_CLK_ENABLED==1){
 737              		.loc 1 281 5 is_stmt 1 view .LVU289
 281:Core/Src/fdcan.c ****     if(HAL_RCC_FDCAN_CLK_ENABLED==1){
 738              		.loc 1 281 30 is_stmt 0 view .LVU290
 739 0174 244A     		ldr	r2, .L39+12
 740 0176 1368     		ldr	r3, [r2]
 741 0178 0133     		adds	r3, r3, #1
 742 017a 1360     		str	r3, [r2]
 282:Core/Src/fdcan.c ****       __HAL_RCC_FDCAN_CLK_ENABLE();
 743              		.loc 1 282 5 is_stmt 1 view .LVU291
 282:Core/Src/fdcan.c ****       __HAL_RCC_FDCAN_CLK_ENABLE();
 744              		.loc 1 282 7 is_stmt 0 view .LVU292
 745 017c 012B     		cmp	r3, #1
 746 017e 2ED0     		beq	.L38
 747              	.L28:
 283:Core/Src/fdcan.c ****     }
ARM GAS  C:\Users\28212\AppData\Local\Temp\ccG13cpe.s 			page 21


 748              		.loc 1 283 7 is_stmt 1 discriminator 1 view .LVU293
 286:Core/Src/fdcan.c ****     /**FDCAN3 GPIO Configuration
 749              		.loc 1 286 5 discriminator 1 view .LVU294
 750              	.LBB6:
 286:Core/Src/fdcan.c ****     /**FDCAN3 GPIO Configuration
 751              		.loc 1 286 5 discriminator 1 view .LVU295
 286:Core/Src/fdcan.c ****     /**FDCAN3 GPIO Configuration
 752              		.loc 1 286 5 discriminator 1 view .LVU296
 753 0180 224B     		ldr	r3, .L39+16
 754 0182 D3F8E020 		ldr	r2, [r3, #224]
 755 0186 42F00802 		orr	r2, r2, #8
 756 018a C3F8E020 		str	r2, [r3, #224]
 286:Core/Src/fdcan.c ****     /**FDCAN3 GPIO Configuration
 757              		.loc 1 286 5 discriminator 1 view .LVU297
 758 018e D3F8E030 		ldr	r3, [r3, #224]
 759 0192 03F00803 		and	r3, r3, #8
 760 0196 0593     		str	r3, [sp, #20]
 286:Core/Src/fdcan.c ****     /**FDCAN3 GPIO Configuration
 761              		.loc 1 286 5 discriminator 1 view .LVU298
 762 0198 059B     		ldr	r3, [sp, #20]
 763              	.LBE6:
 286:Core/Src/fdcan.c ****     /**FDCAN3 GPIO Configuration
 764              		.loc 1 286 5 discriminator 1 view .LVU299
 291:Core/Src/fdcan.c ****     GPIO_InitStruct.Mode = GPIO_MODE_AF_PP;
 765              		.loc 1 291 5 discriminator 1 view .LVU300
 291:Core/Src/fdcan.c ****     GPIO_InitStruct.Mode = GPIO_MODE_AF_PP;
 766              		.loc 1 291 25 is_stmt 0 discriminator 1 view .LVU301
 767 019a 4FF44053 		mov	r3, #12288
 768 019e 3593     		str	r3, [sp, #212]
 292:Core/Src/fdcan.c ****     GPIO_InitStruct.Pull = GPIO_NOPULL;
 769              		.loc 1 292 5 is_stmt 1 discriminator 1 view .LVU302
 292:Core/Src/fdcan.c ****     GPIO_InitStruct.Pull = GPIO_NOPULL;
 770              		.loc 1 292 26 is_stmt 0 discriminator 1 view .LVU303
 771 01a0 0223     		movs	r3, #2
 772 01a2 3693     		str	r3, [sp, #216]
 293:Core/Src/fdcan.c ****     GPIO_InitStruct.Speed = GPIO_SPEED_FREQ_LOW;
 773              		.loc 1 293 5 is_stmt 1 discriminator 1 view .LVU304
 293:Core/Src/fdcan.c ****     GPIO_InitStruct.Speed = GPIO_SPEED_FREQ_LOW;
 774              		.loc 1 293 26 is_stmt 0 discriminator 1 view .LVU305
 775 01a4 0024     		movs	r4, #0
 776              	.LVL28:
 293:Core/Src/fdcan.c ****     GPIO_InitStruct.Speed = GPIO_SPEED_FREQ_LOW;
 777              		.loc 1 293 26 discriminator 1 view .LVU306
 778 01a6 3794     		str	r4, [sp, #220]
 294:Core/Src/fdcan.c ****     GPIO_InitStruct.Alternate = GPIO_AF5_FDCAN3;
 779              		.loc 1 294 5 is_stmt 1 discriminator 1 view .LVU307
 294:Core/Src/fdcan.c ****     GPIO_InitStruct.Alternate = GPIO_AF5_FDCAN3;
 780              		.loc 1 294 27 is_stmt 0 discriminator 1 view .LVU308
 781 01a8 3894     		str	r4, [sp, #224]
 295:Core/Src/fdcan.c ****     HAL_GPIO_Init(GPIOD, &GPIO_InitStruct);
 782              		.loc 1 295 5 is_stmt 1 discriminator 1 view .LVU309
 295:Core/Src/fdcan.c ****     HAL_GPIO_Init(GPIOD, &GPIO_InitStruct);
 783              		.loc 1 295 31 is_stmt 0 discriminator 1 view .LVU310
 784 01aa 0525     		movs	r5, #5
 785 01ac 3995     		str	r5, [sp, #228]
 296:Core/Src/fdcan.c **** 
 786              		.loc 1 296 5 is_stmt 1 discriminator 1 view .LVU311
ARM GAS  C:\Users\28212\AppData\Local\Temp\ccG13cpe.s 			page 22


 787 01ae 35A9     		add	r1, sp, #212
 788 01b0 1748     		ldr	r0, .L39+20
 789 01b2 FFF7FEFF 		bl	HAL_GPIO_Init
 790              	.LVL29:
 299:Core/Src/fdcan.c ****     HAL_NVIC_EnableIRQ(FDCAN3_IT0_IRQn);
 791              		.loc 1 299 5 discriminator 1 view .LVU312
 792 01b6 2246     		mov	r2, r4
 793 01b8 2946     		mov	r1, r5
 794 01ba 9F20     		movs	r0, #159
 795 01bc FFF7FEFF 		bl	HAL_NVIC_SetPriority
 796              	.LVL30:
 300:Core/Src/fdcan.c ****     HAL_NVIC_SetPriority(FDCAN3_IT1_IRQn, 5, 0);
 797              		.loc 1 300 5 discriminator 1 view .LVU313
 798 01c0 9F20     		movs	r0, #159
 799 01c2 FFF7FEFF 		bl	HAL_NVIC_EnableIRQ
 800              	.LVL31:
 301:Core/Src/fdcan.c ****     HAL_NVIC_EnableIRQ(FDCAN3_IT1_IRQn);
 801              		.loc 1 301 5 discriminator 1 view .LVU314
 802 01c6 2246     		mov	r2, r4
 803 01c8 2946     		mov	r1, r5
 804 01ca A020     		movs	r0, #160
 805 01cc FFF7FEFF 		bl	HAL_NVIC_SetPriority
 806              	.LVL32:
 302:Core/Src/fdcan.c ****   /* USER CODE BEGIN FDCAN3_MspInit 1 */
 807              		.loc 1 302 5 discriminator 1 view .LVU315
 808 01d0 A020     		movs	r0, #160
 809 01d2 FFF7FEFF 		bl	HAL_NVIC_EnableIRQ
 810              	.LVL33:
 811              		.loc 1 307 1 is_stmt 0 discriminator 1 view .LVU316
 812 01d6 2BE7     		b	.L19
 813              	.LVL34:
 814              	.L37:
 277:Core/Src/fdcan.c ****     }
 815              		.loc 1 277 7 is_stmt 1 view .LVU317
 816 01d8 FFF7FEFF 		bl	Error_Handler
 817              	.LVL35:
 818 01dc CAE7     		b	.L27
 819              	.L38:
 283:Core/Src/fdcan.c ****     }
 820              		.loc 1 283 7 view .LVU318
 821              	.LBB7:
 283:Core/Src/fdcan.c ****     }
 822              		.loc 1 283 7 view .LVU319
 283:Core/Src/fdcan.c ****     }
 823              		.loc 1 283 7 view .LVU320
 824 01de 0B4B     		ldr	r3, .L39+16
 825 01e0 D3F8EC20 		ldr	r2, [r3, #236]
 826 01e4 42F48072 		orr	r2, r2, #256
 827 01e8 C3F8EC20 		str	r2, [r3, #236]
 283:Core/Src/fdcan.c ****     }
 828              		.loc 1 283 7 view .LVU321
 829 01ec D3F8EC30 		ldr	r3, [r3, #236]
 830 01f0 03F48073 		and	r3, r3, #256
 831 01f4 0493     		str	r3, [sp, #16]
 283:Core/Src/fdcan.c ****     }
 832              		.loc 1 283 7 view .LVU322
 833 01f6 049B     		ldr	r3, [sp, #16]
ARM GAS  C:\Users\28212\AppData\Local\Temp\ccG13cpe.s 			page 23


 834 01f8 C2E7     		b	.L28
 835              	.L40:
 836 01fa 00BF     		.align	2
 837              	.L39:
 838 01fc 00A00040 		.word	1073782784
 839 0200 00A40040 		.word	1073783808
 840 0204 00D40040 		.word	1073796096
 841 0208 00000000 		.word	.LANCHOR3
 842 020c 00440258 		.word	1476543488
 843 0210 000C0258 		.word	1476529152
 844 0214 00040258 		.word	1476527104
 845              	.LBE7:
 846              		.cfi_endproc
 847              	.LFE147:
 849              		.section	.text.HAL_FDCAN_MspDeInit,"ax",%progbits
 850              		.align	1
 851              		.global	HAL_FDCAN_MspDeInit
 852              		.syntax unified
 853              		.thumb
 854              		.thumb_func
 856              	HAL_FDCAN_MspDeInit:
 857              	.LVL36:
 858              	.LFB148:
 308:Core/Src/fdcan.c **** 
 309:Core/Src/fdcan.c **** void HAL_FDCAN_MspDeInit(FDCAN_HandleTypeDef* fdcanHandle)
 310:Core/Src/fdcan.c **** {
 859              		.loc 1 310 1 view -0
 860              		.cfi_startproc
 861              		@ args = 0, pretend = 0, frame = 0
 862              		@ frame_needed = 0, uses_anonymous_args = 0
 863              		.loc 1 310 1 is_stmt 0 view .LVU324
 864 0000 08B5     		push	{r3, lr}
 865              	.LCFI7:
 866              		.cfi_def_cfa_offset 8
 867              		.cfi_offset 3, -8
 868              		.cfi_offset 14, -4
 311:Core/Src/fdcan.c **** 
 312:Core/Src/fdcan.c ****   if(fdcanHandle->Instance==FDCAN1)
 869              		.loc 1 312 3 is_stmt 1 view .LVU325
 870              		.loc 1 312 17 is_stmt 0 view .LVU326
 871 0002 0368     		ldr	r3, [r0]
 872              		.loc 1 312 5 view .LVU327
 873 0004 264A     		ldr	r2, .L52
 874 0006 9342     		cmp	r3, r2
 875 0008 06D0     		beq	.L49
 313:Core/Src/fdcan.c ****   {
 314:Core/Src/fdcan.c ****   /* USER CODE BEGIN FDCAN1_MspDeInit 0 */
 315:Core/Src/fdcan.c **** 
 316:Core/Src/fdcan.c ****   /* USER CODE END FDCAN1_MspDeInit 0 */
 317:Core/Src/fdcan.c ****     /* Peripheral clock disable */
 318:Core/Src/fdcan.c ****     HAL_RCC_FDCAN_CLK_ENABLED--;
 319:Core/Src/fdcan.c ****     if(HAL_RCC_FDCAN_CLK_ENABLED==0){
 320:Core/Src/fdcan.c ****       __HAL_RCC_FDCAN_CLK_DISABLE();
 321:Core/Src/fdcan.c ****     }
 322:Core/Src/fdcan.c **** 
 323:Core/Src/fdcan.c ****     /**FDCAN1 GPIO Configuration
 324:Core/Src/fdcan.c ****     PD0     ------> FDCAN1_RX
ARM GAS  C:\Users\28212\AppData\Local\Temp\ccG13cpe.s 			page 24


 325:Core/Src/fdcan.c ****     PD1     ------> FDCAN1_TX
 326:Core/Src/fdcan.c ****     */
 327:Core/Src/fdcan.c ****     HAL_GPIO_DeInit(GPIOD, GPIO_PIN_0|GPIO_PIN_1);
 328:Core/Src/fdcan.c **** 
 329:Core/Src/fdcan.c ****     /* FDCAN1 interrupt Deinit */
 330:Core/Src/fdcan.c ****     HAL_NVIC_DisableIRQ(FDCAN1_IT0_IRQn);
 331:Core/Src/fdcan.c ****   /* USER CODE BEGIN FDCAN1_MspDeInit 1 */
 332:Core/Src/fdcan.c **** 
 333:Core/Src/fdcan.c ****   /* USER CODE END FDCAN1_MspDeInit 1 */
 334:Core/Src/fdcan.c ****   }
 335:Core/Src/fdcan.c ****   else if(fdcanHandle->Instance==FDCAN2)
 876              		.loc 1 335 8 is_stmt 1 view .LVU328
 877              		.loc 1 335 10 is_stmt 0 view .LVU329
 878 000a 264A     		ldr	r2, .L52+4
 879 000c 9342     		cmp	r3, r2
 880 000e 17D0     		beq	.L50
 336:Core/Src/fdcan.c ****   {
 337:Core/Src/fdcan.c ****   /* USER CODE BEGIN FDCAN2_MspDeInit 0 */
 338:Core/Src/fdcan.c **** 
 339:Core/Src/fdcan.c ****   /* USER CODE END FDCAN2_MspDeInit 0 */
 340:Core/Src/fdcan.c ****     /* Peripheral clock disable */
 341:Core/Src/fdcan.c ****     HAL_RCC_FDCAN_CLK_ENABLED--;
 342:Core/Src/fdcan.c ****     if(HAL_RCC_FDCAN_CLK_ENABLED==0){
 343:Core/Src/fdcan.c ****       __HAL_RCC_FDCAN_CLK_DISABLE();
 344:Core/Src/fdcan.c ****     }
 345:Core/Src/fdcan.c **** 
 346:Core/Src/fdcan.c ****     /**FDCAN2 GPIO Configuration
 347:Core/Src/fdcan.c ****     PB5     ------> FDCAN2_RX
 348:Core/Src/fdcan.c ****     PB6     ------> FDCAN2_TX
 349:Core/Src/fdcan.c ****     */
 350:Core/Src/fdcan.c ****     HAL_GPIO_DeInit(GPIOB, GPIO_PIN_5|GPIO_PIN_6);
 351:Core/Src/fdcan.c **** 
 352:Core/Src/fdcan.c ****     /* FDCAN2 interrupt Deinit */
 353:Core/Src/fdcan.c ****     HAL_NVIC_DisableIRQ(FDCAN2_IT0_IRQn);
 354:Core/Src/fdcan.c ****     HAL_NVIC_DisableIRQ(FDCAN2_IT1_IRQn);
 355:Core/Src/fdcan.c ****   /* USER CODE BEGIN FDCAN2_MspDeInit 1 */
 356:Core/Src/fdcan.c **** 
 357:Core/Src/fdcan.c ****   /* USER CODE END FDCAN2_MspDeInit 1 */
 358:Core/Src/fdcan.c ****   }
 359:Core/Src/fdcan.c ****   else if(fdcanHandle->Instance==FDCAN3)
 881              		.loc 1 359 8 is_stmt 1 view .LVU330
 882              		.loc 1 359 10 is_stmt 0 view .LVU331
 883 0010 254A     		ldr	r2, .L52+8
 884 0012 9342     		cmp	r3, r2
 885 0014 2BD0     		beq	.L51
 886              	.LVL37:
 887              	.L41:
 360:Core/Src/fdcan.c ****   {
 361:Core/Src/fdcan.c ****   /* USER CODE BEGIN FDCAN3_MspDeInit 0 */
 362:Core/Src/fdcan.c **** 
 363:Core/Src/fdcan.c ****   /* USER CODE END FDCAN3_MspDeInit 0 */
 364:Core/Src/fdcan.c ****     /* Peripheral clock disable */
 365:Core/Src/fdcan.c ****     HAL_RCC_FDCAN_CLK_ENABLED--;
 366:Core/Src/fdcan.c ****     if(HAL_RCC_FDCAN_CLK_ENABLED==0){
 367:Core/Src/fdcan.c ****       __HAL_RCC_FDCAN_CLK_DISABLE();
 368:Core/Src/fdcan.c ****     }
 369:Core/Src/fdcan.c **** 
ARM GAS  C:\Users\28212\AppData\Local\Temp\ccG13cpe.s 			page 25


 370:Core/Src/fdcan.c ****     /**FDCAN3 GPIO Configuration
 371:Core/Src/fdcan.c ****     PD12     ------> FDCAN3_RX
 372:Core/Src/fdcan.c ****     PD13     ------> FDCAN3_TX
 373:Core/Src/fdcan.c ****     */
 374:Core/Src/fdcan.c ****     HAL_GPIO_DeInit(GPIOD, GPIO_PIN_12|GPIO_PIN_13);
 375:Core/Src/fdcan.c **** 
 376:Core/Src/fdcan.c ****     /* FDCAN3 interrupt Deinit */
 377:Core/Src/fdcan.c ****     HAL_NVIC_DisableIRQ(FDCAN3_IT0_IRQn);
 378:Core/Src/fdcan.c ****     HAL_NVIC_DisableIRQ(FDCAN3_IT1_IRQn);
 379:Core/Src/fdcan.c ****   /* USER CODE BEGIN FDCAN3_MspDeInit 1 */
 380:Core/Src/fdcan.c **** 
 381:Core/Src/fdcan.c ****   /* USER CODE END FDCAN3_MspDeInit 1 */
 382:Core/Src/fdcan.c ****   }
 383:Core/Src/fdcan.c **** }
 888              		.loc 1 383 1 view .LVU332
 889 0016 08BD     		pop	{r3, pc}
 890              	.LVL38:
 891              	.L49:
 318:Core/Src/fdcan.c ****     if(HAL_RCC_FDCAN_CLK_ENABLED==0){
 892              		.loc 1 318 5 is_stmt 1 view .LVU333
 318:Core/Src/fdcan.c ****     if(HAL_RCC_FDCAN_CLK_ENABLED==0){
 893              		.loc 1 318 30 is_stmt 0 view .LVU334
 894 0018 244A     		ldr	r2, .L52+12
 895 001a 1368     		ldr	r3, [r2]
 896 001c 013B     		subs	r3, r3, #1
 897 001e 1360     		str	r3, [r2]
 319:Core/Src/fdcan.c ****       __HAL_RCC_FDCAN_CLK_DISABLE();
 898              		.loc 1 319 5 is_stmt 1 view .LVU335
 319:Core/Src/fdcan.c ****       __HAL_RCC_FDCAN_CLK_DISABLE();
 899              		.loc 1 319 7 is_stmt 0 view .LVU336
 900 0020 33B9     		cbnz	r3, .L43
 320:Core/Src/fdcan.c ****     }
 901              		.loc 1 320 7 is_stmt 1 view .LVU337
 902 0022 234A     		ldr	r2, .L52+16
 903 0024 D2F8EC30 		ldr	r3, [r2, #236]
 904 0028 23F48073 		bic	r3, r3, #256
 905 002c C2F8EC30 		str	r3, [r2, #236]
 906              	.L43:
 327:Core/Src/fdcan.c **** 
 907              		.loc 1 327 5 view .LVU338
 908 0030 0321     		movs	r1, #3
 909 0032 2048     		ldr	r0, .L52+20
 910              	.LVL39:
 327:Core/Src/fdcan.c **** 
 911              		.loc 1 327 5 is_stmt 0 view .LVU339
 912 0034 FFF7FEFF 		bl	HAL_GPIO_DeInit
 913              	.LVL40:
 330:Core/Src/fdcan.c ****   /* USER CODE BEGIN FDCAN1_MspDeInit 1 */
 914              		.loc 1 330 5 is_stmt 1 view .LVU340
 915 0038 1320     		movs	r0, #19
 916 003a FFF7FEFF 		bl	HAL_NVIC_DisableIRQ
 917              	.LVL41:
 918 003e EAE7     		b	.L41
 919              	.LVL42:
 920              	.L50:
 341:Core/Src/fdcan.c ****     if(HAL_RCC_FDCAN_CLK_ENABLED==0){
 921              		.loc 1 341 5 view .LVU341
ARM GAS  C:\Users\28212\AppData\Local\Temp\ccG13cpe.s 			page 26


 341:Core/Src/fdcan.c ****     if(HAL_RCC_FDCAN_CLK_ENABLED==0){
 922              		.loc 1 341 30 is_stmt 0 view .LVU342
 923 0040 1A4A     		ldr	r2, .L52+12
 924 0042 1368     		ldr	r3, [r2]
 925 0044 013B     		subs	r3, r3, #1
 926 0046 1360     		str	r3, [r2]
 342:Core/Src/fdcan.c ****       __HAL_RCC_FDCAN_CLK_DISABLE();
 927              		.loc 1 342 5 is_stmt 1 view .LVU343
 342:Core/Src/fdcan.c ****       __HAL_RCC_FDCAN_CLK_DISABLE();
 928              		.loc 1 342 7 is_stmt 0 view .LVU344
 929 0048 33B9     		cbnz	r3, .L46
 343:Core/Src/fdcan.c ****     }
 930              		.loc 1 343 7 is_stmt 1 view .LVU345
 931 004a 194A     		ldr	r2, .L52+16
 932 004c D2F8EC30 		ldr	r3, [r2, #236]
 933 0050 23F48073 		bic	r3, r3, #256
 934 0054 C2F8EC30 		str	r3, [r2, #236]
 935              	.L46:
 350:Core/Src/fdcan.c **** 
 936              		.loc 1 350 5 view .LVU346
 937 0058 6021     		movs	r1, #96
 938 005a 1748     		ldr	r0, .L52+24
 939              	.LVL43:
 350:Core/Src/fdcan.c **** 
 940              		.loc 1 350 5 is_stmt 0 view .LVU347
 941 005c FFF7FEFF 		bl	HAL_GPIO_DeInit
 942              	.LVL44:
 353:Core/Src/fdcan.c ****     HAL_NVIC_DisableIRQ(FDCAN2_IT1_IRQn);
 943              		.loc 1 353 5 is_stmt 1 view .LVU348
 944 0060 1420     		movs	r0, #20
 945 0062 FFF7FEFF 		bl	HAL_NVIC_DisableIRQ
 946              	.LVL45:
 354:Core/Src/fdcan.c ****   /* USER CODE BEGIN FDCAN2_MspDeInit 1 */
 947              		.loc 1 354 5 view .LVU349
 948 0066 1620     		movs	r0, #22
 949 0068 FFF7FEFF 		bl	HAL_NVIC_DisableIRQ
 950              	.LVL46:
 951 006c D3E7     		b	.L41
 952              	.LVL47:
 953              	.L51:
 365:Core/Src/fdcan.c ****     if(HAL_RCC_FDCAN_CLK_ENABLED==0){
 954              		.loc 1 365 5 view .LVU350
 365:Core/Src/fdcan.c ****     if(HAL_RCC_FDCAN_CLK_ENABLED==0){
 955              		.loc 1 365 30 is_stmt 0 view .LVU351
 956 006e 0F4A     		ldr	r2, .L52+12
 957 0070 1368     		ldr	r3, [r2]
 958 0072 013B     		subs	r3, r3, #1
 959 0074 1360     		str	r3, [r2]
 366:Core/Src/fdcan.c ****       __HAL_RCC_FDCAN_CLK_DISABLE();
 960              		.loc 1 366 5 is_stmt 1 view .LVU352
 366:Core/Src/fdcan.c ****       __HAL_RCC_FDCAN_CLK_DISABLE();
 961              		.loc 1 366 7 is_stmt 0 view .LVU353
 962 0076 33B9     		cbnz	r3, .L47
 367:Core/Src/fdcan.c ****     }
 963              		.loc 1 367 7 is_stmt 1 view .LVU354
 964 0078 0D4A     		ldr	r2, .L52+16
 965 007a D2F8EC30 		ldr	r3, [r2, #236]
ARM GAS  C:\Users\28212\AppData\Local\Temp\ccG13cpe.s 			page 27


 966 007e 23F48073 		bic	r3, r3, #256
 967 0082 C2F8EC30 		str	r3, [r2, #236]
 968              	.L47:
 374:Core/Src/fdcan.c **** 
 969              		.loc 1 374 5 view .LVU355
 970 0086 4FF44051 		mov	r1, #12288
 971 008a 0A48     		ldr	r0, .L52+20
 972              	.LVL48:
 374:Core/Src/fdcan.c **** 
 973              		.loc 1 374 5 is_stmt 0 view .LVU356
 974 008c FFF7FEFF 		bl	HAL_GPIO_DeInit
 975              	.LVL49:
 377:Core/Src/fdcan.c ****     HAL_NVIC_DisableIRQ(FDCAN3_IT1_IRQn);
 976              		.loc 1 377 5 is_stmt 1 view .LVU357
 977 0090 9F20     		movs	r0, #159
 978 0092 FFF7FEFF 		bl	HAL_NVIC_DisableIRQ
 979              	.LVL50:
 378:Core/Src/fdcan.c ****   /* USER CODE BEGIN FDCAN3_MspDeInit 1 */
 980              		.loc 1 378 5 view .LVU358
 981 0096 A020     		movs	r0, #160
 982 0098 FFF7FEFF 		bl	HAL_NVIC_DisableIRQ
 983              	.LVL51:
 984              		.loc 1 383 1 is_stmt 0 view .LVU359
 985 009c BBE7     		b	.L41
 986              	.L53:
 987 009e 00BF     		.align	2
 988              	.L52:
 989 00a0 00A00040 		.word	1073782784
 990 00a4 00A40040 		.word	1073783808
 991 00a8 00D40040 		.word	1073796096
 992 00ac 00000000 		.word	.LANCHOR3
 993 00b0 00440258 		.word	1476543488
 994 00b4 000C0258 		.word	1476529152
 995 00b8 00040258 		.word	1476527104
 996              		.cfi_endproc
 997              	.LFE148:
 999              		.global	hfdcan3
 1000              		.global	hfdcan2
 1001              		.global	hfdcan1
 1002              		.section	.bss.HAL_RCC_FDCAN_CLK_ENABLED,"aw",%nobits
 1003              		.align	2
 1004              		.set	.LANCHOR3,. + 0
 1007              	HAL_RCC_FDCAN_CLK_ENABLED:
 1008 0000 00000000 		.space	4
 1009              		.section	.bss.hfdcan1,"aw",%nobits
 1010              		.align	2
 1011              		.set	.LANCHOR0,. + 0
 1014              	hfdcan1:
 1015 0000 00000000 		.space	160
 1015      00000000 
 1015      00000000 
 1015      00000000 
 1015      00000000 
 1016              		.section	.bss.hfdcan2,"aw",%nobits
 1017              		.align	2
 1018              		.set	.LANCHOR1,. + 0
 1021              	hfdcan2:
ARM GAS  C:\Users\28212\AppData\Local\Temp\ccG13cpe.s 			page 28


 1022 0000 00000000 		.space	160
 1022      00000000 
 1022      00000000 
 1022      00000000 
 1022      00000000 
 1023              		.section	.bss.hfdcan3,"aw",%nobits
 1024              		.align	2
 1025              		.set	.LANCHOR2,. + 0
 1028              	hfdcan3:
 1029 0000 00000000 		.space	160
 1029      00000000 
 1029      00000000 
 1029      00000000 
 1029      00000000 
 1030              		.text
 1031              	.Letext0:
 1032              		.file 2 "d:\\gcc-arm-none-eabi-10.3-2021.10\\arm-none-eabi\\include\\machine\\_default_types.h"
 1033              		.file 3 "d:\\gcc-arm-none-eabi-10.3-2021.10\\arm-none-eabi\\include\\sys\\_stdint.h"
 1034              		.file 4 "Drivers/CMSIS/Device/ST/STM32H7xx/Include/stm32h723xx.h"
 1035              		.file 5 "Drivers/CMSIS/Device/ST/STM32H7xx/Include/stm32h7xx.h"
 1036              		.file 6 "Drivers/STM32H7xx_HAL_Driver/Inc/stm32h7xx_hal_def.h"
 1037              		.file 7 "Drivers/STM32H7xx_HAL_Driver/Inc/stm32h7xx_hal_rcc_ex.h"
 1038              		.file 8 "Drivers/STM32H7xx_HAL_Driver/Inc/stm32h7xx_hal_gpio.h"
 1039              		.file 9 "Drivers/STM32H7xx_HAL_Driver/Inc/stm32h7xx_hal_fdcan.h"
 1040              		.file 10 "Core/Inc/fdcan.h"
 1041              		.file 11 "Drivers/STM32H7xx_HAL_Driver/Inc/stm32h7xx_hal_cortex.h"
 1042              		.file 12 "Core/Inc/main.h"
 1043              		.file 13 "<built-in>"
ARM GAS  C:\Users\28212\AppData\Local\Temp\ccG13cpe.s 			page 29


DEFINED SYMBOLS
                            *ABS*:00000000 fdcan.c
C:\Users\28212\AppData\Local\Temp\ccG13cpe.s:19     .text.MX_FDCAN1_Init:00000000 $t
C:\Users\28212\AppData\Local\Temp\ccG13cpe.s:25     .text.MX_FDCAN1_Init:00000000 MX_FDCAN1_Init
C:\Users\28212\AppData\Local\Temp\ccG13cpe.s:150    .text.MX_FDCAN1_Init:00000060 $d
C:\Users\28212\AppData\Local\Temp\ccG13cpe.s:156    .text.MX_FDCAN2_Init:00000000 $t
C:\Users\28212\AppData\Local\Temp\ccG13cpe.s:162    .text.MX_FDCAN2_Init:00000000 MX_FDCAN2_Init
C:\Users\28212\AppData\Local\Temp\ccG13cpe.s:286    .text.MX_FDCAN2_Init:00000060 $d
C:\Users\28212\AppData\Local\Temp\ccG13cpe.s:292    .text.MX_FDCAN3_Init:00000000 $t
C:\Users\28212\AppData\Local\Temp\ccG13cpe.s:298    .text.MX_FDCAN3_Init:00000000 MX_FDCAN3_Init
C:\Users\28212\AppData\Local\Temp\ccG13cpe.s:422    .text.MX_FDCAN3_Init:00000060 $d
C:\Users\28212\AppData\Local\Temp\ccG13cpe.s:428    .text.HAL_FDCAN_MspInit:00000000 $t
C:\Users\28212\AppData\Local\Temp\ccG13cpe.s:434    .text.HAL_FDCAN_MspInit:00000000 HAL_FDCAN_MspInit
C:\Users\28212\AppData\Local\Temp\ccG13cpe.s:838    .text.HAL_FDCAN_MspInit:000001fc $d
C:\Users\28212\AppData\Local\Temp\ccG13cpe.s:850    .text.HAL_FDCAN_MspDeInit:00000000 $t
C:\Users\28212\AppData\Local\Temp\ccG13cpe.s:856    .text.HAL_FDCAN_MspDeInit:00000000 HAL_FDCAN_MspDeInit
C:\Users\28212\AppData\Local\Temp\ccG13cpe.s:989    .text.HAL_FDCAN_MspDeInit:000000a0 $d
C:\Users\28212\AppData\Local\Temp\ccG13cpe.s:1028   .bss.hfdcan3:00000000 hfdcan3
C:\Users\28212\AppData\Local\Temp\ccG13cpe.s:1021   .bss.hfdcan2:00000000 hfdcan2
C:\Users\28212\AppData\Local\Temp\ccG13cpe.s:1014   .bss.hfdcan1:00000000 hfdcan1
C:\Users\28212\AppData\Local\Temp\ccG13cpe.s:1003   .bss.HAL_RCC_FDCAN_CLK_ENABLED:00000000 $d
C:\Users\28212\AppData\Local\Temp\ccG13cpe.s:1007   .bss.HAL_RCC_FDCAN_CLK_ENABLED:00000000 HAL_RCC_FDCAN_CLK_ENABLED
C:\Users\28212\AppData\Local\Temp\ccG13cpe.s:1010   .bss.hfdcan1:00000000 $d
C:\Users\28212\AppData\Local\Temp\ccG13cpe.s:1017   .bss.hfdcan2:00000000 $d
C:\Users\28212\AppData\Local\Temp\ccG13cpe.s:1024   .bss.hfdcan3:00000000 $d

UNDEFINED SYMBOLS
HAL_FDCAN_Init
Error_Handler
memset
HAL_RCCEx_PeriphCLKConfig
HAL_GPIO_Init
HAL_NVIC_SetPriority
HAL_NVIC_EnableIRQ
HAL_GPIO_DeInit
HAL_NVIC_DisableIRQ
