ARM GAS  C:\Users\28212\AppData\Local\Temp\ccATiZ0O.s 			page 1


   1              		.cpu cortex-m7
   2              		.arch armv7e-m
   3              		.fpu fpv5-d16
   4              		.eabi_attribute 28, 1
   5              		.eabi_attribute 20, 1
   6              		.eabi_attribute 21, 1
   7              		.eabi_attribute 23, 3
   8              		.eabi_attribute 24, 1
   9              		.eabi_attribute 25, 1
  10              		.eabi_attribute 26, 1
  11              		.eabi_attribute 30, 1
  12              		.eabi_attribute 34, 1
  13              		.eabi_attribute 18, 4
  14              		.file	"stm32h7xx_hal_spi_ex.c"
  15              		.text
  16              	.Ltext0:
  17              		.cfi_sections	.debug_frame
  18              		.section	.text.HAL_SPIEx_FlushRxFifo,"ax",%progbits
  19              		.align	1
  20              		.global	HAL_SPIEx_FlushRxFifo
  21              		.syntax unified
  22              		.thumb
  23              		.thumb_func
  25              	HAL_SPIEx_FlushRxFifo:
  26              	.LVL0:
  27              	.LFB144:
  28              		.file 1 "Drivers/STM32H7xx_HAL_Driver/Src/stm32h7xx_hal_spi_ex.c"
   1:Drivers/STM32H7xx_HAL_Driver/Src/stm32h7xx_hal_spi_ex.c **** /**
   2:Drivers/STM32H7xx_HAL_Driver/Src/stm32h7xx_hal_spi_ex.c ****   ******************************************************************************
   3:Drivers/STM32H7xx_HAL_Driver/Src/stm32h7xx_hal_spi_ex.c ****   * @file    stm32h7xx_hal_spi_ex.c
   4:Drivers/STM32H7xx_HAL_Driver/Src/stm32h7xx_hal_spi_ex.c ****   * @author  MCD Application Team
   5:Drivers/STM32H7xx_HAL_Driver/Src/stm32h7xx_hal_spi_ex.c ****   * @brief   Extended SPI HAL module driver.
   6:Drivers/STM32H7xx_HAL_Driver/Src/stm32h7xx_hal_spi_ex.c ****   *          This file provides firmware functions to manage the following
   7:Drivers/STM32H7xx_HAL_Driver/Src/stm32h7xx_hal_spi_ex.c ****   *          SPI peripheral extended functionalities :
   8:Drivers/STM32H7xx_HAL_Driver/Src/stm32h7xx_hal_spi_ex.c ****   *           + IO operation functions
   9:Drivers/STM32H7xx_HAL_Driver/Src/stm32h7xx_hal_spi_ex.c ****   *           + Peripheral Control functions
  10:Drivers/STM32H7xx_HAL_Driver/Src/stm32h7xx_hal_spi_ex.c ****   *
  11:Drivers/STM32H7xx_HAL_Driver/Src/stm32h7xx_hal_spi_ex.c ****   ******************************************************************************
  12:Drivers/STM32H7xx_HAL_Driver/Src/stm32h7xx_hal_spi_ex.c ****   * @attention
  13:Drivers/STM32H7xx_HAL_Driver/Src/stm32h7xx_hal_spi_ex.c ****   *
  14:Drivers/STM32H7xx_HAL_Driver/Src/stm32h7xx_hal_spi_ex.c ****   * Copyright (c) 2017 STMicroelectronics.
  15:Drivers/STM32H7xx_HAL_Driver/Src/stm32h7xx_hal_spi_ex.c ****   * All rights reserved.
  16:Drivers/STM32H7xx_HAL_Driver/Src/stm32h7xx_hal_spi_ex.c ****   *
  17:Drivers/STM32H7xx_HAL_Driver/Src/stm32h7xx_hal_spi_ex.c ****   * This software is licensed under terms that can be found in the LICENSE file
  18:Drivers/STM32H7xx_HAL_Driver/Src/stm32h7xx_hal_spi_ex.c ****   * in the root directory of this software component.
  19:Drivers/STM32H7xx_HAL_Driver/Src/stm32h7xx_hal_spi_ex.c ****   * If no LICENSE file comes with this software, it is provided AS-IS.
  20:Drivers/STM32H7xx_HAL_Driver/Src/stm32h7xx_hal_spi_ex.c ****   *
  21:Drivers/STM32H7xx_HAL_Driver/Src/stm32h7xx_hal_spi_ex.c ****   ******************************************************************************
  22:Drivers/STM32H7xx_HAL_Driver/Src/stm32h7xx_hal_spi_ex.c ****   */
  23:Drivers/STM32H7xx_HAL_Driver/Src/stm32h7xx_hal_spi_ex.c **** 
  24:Drivers/STM32H7xx_HAL_Driver/Src/stm32h7xx_hal_spi_ex.c **** /* Includes ------------------------------------------------------------------*/
  25:Drivers/STM32H7xx_HAL_Driver/Src/stm32h7xx_hal_spi_ex.c **** #include "stm32h7xx_hal.h"
  26:Drivers/STM32H7xx_HAL_Driver/Src/stm32h7xx_hal_spi_ex.c **** 
  27:Drivers/STM32H7xx_HAL_Driver/Src/stm32h7xx_hal_spi_ex.c **** /** @addtogroup STM32H7xx_HAL_Driver
  28:Drivers/STM32H7xx_HAL_Driver/Src/stm32h7xx_hal_spi_ex.c ****   * @{
  29:Drivers/STM32H7xx_HAL_Driver/Src/stm32h7xx_hal_spi_ex.c ****   */
  30:Drivers/STM32H7xx_HAL_Driver/Src/stm32h7xx_hal_spi_ex.c **** 
ARM GAS  C:\Users\28212\AppData\Local\Temp\ccATiZ0O.s 			page 2


  31:Drivers/STM32H7xx_HAL_Driver/Src/stm32h7xx_hal_spi_ex.c **** /** @defgroup SPIEx SPIEx
  32:Drivers/STM32H7xx_HAL_Driver/Src/stm32h7xx_hal_spi_ex.c ****   * @brief SPI Extended HAL module driver
  33:Drivers/STM32H7xx_HAL_Driver/Src/stm32h7xx_hal_spi_ex.c ****   * @{
  34:Drivers/STM32H7xx_HAL_Driver/Src/stm32h7xx_hal_spi_ex.c ****   */
  35:Drivers/STM32H7xx_HAL_Driver/Src/stm32h7xx_hal_spi_ex.c **** #ifdef HAL_SPI_MODULE_ENABLED
  36:Drivers/STM32H7xx_HAL_Driver/Src/stm32h7xx_hal_spi_ex.c **** 
  37:Drivers/STM32H7xx_HAL_Driver/Src/stm32h7xx_hal_spi_ex.c **** /* Private typedef -----------------------------------------------------------*/
  38:Drivers/STM32H7xx_HAL_Driver/Src/stm32h7xx_hal_spi_ex.c **** /* Private defines -----------------------------------------------------------*/
  39:Drivers/STM32H7xx_HAL_Driver/Src/stm32h7xx_hal_spi_ex.c **** /* Private macros ------------------------------------------------------------*/
  40:Drivers/STM32H7xx_HAL_Driver/Src/stm32h7xx_hal_spi_ex.c **** /* Private variables ---------------------------------------------------------*/
  41:Drivers/STM32H7xx_HAL_Driver/Src/stm32h7xx_hal_spi_ex.c **** /* Private function prototypes -----------------------------------------------*/
  42:Drivers/STM32H7xx_HAL_Driver/Src/stm32h7xx_hal_spi_ex.c **** /* Exported functions --------------------------------------------------------*/
  43:Drivers/STM32H7xx_HAL_Driver/Src/stm32h7xx_hal_spi_ex.c **** 
  44:Drivers/STM32H7xx_HAL_Driver/Src/stm32h7xx_hal_spi_ex.c **** /** @defgroup SPIEx_Exported_Functions SPIEx Exported Functions
  45:Drivers/STM32H7xx_HAL_Driver/Src/stm32h7xx_hal_spi_ex.c ****   * @{
  46:Drivers/STM32H7xx_HAL_Driver/Src/stm32h7xx_hal_spi_ex.c ****   */
  47:Drivers/STM32H7xx_HAL_Driver/Src/stm32h7xx_hal_spi_ex.c **** 
  48:Drivers/STM32H7xx_HAL_Driver/Src/stm32h7xx_hal_spi_ex.c **** /** @defgroup SPIEx_Exported_Functions_Group1 IO operation functions
  49:Drivers/STM32H7xx_HAL_Driver/Src/stm32h7xx_hal_spi_ex.c ****   *  @brief   Data transfers functions
  50:Drivers/STM32H7xx_HAL_Driver/Src/stm32h7xx_hal_spi_ex.c ****   *
  51:Drivers/STM32H7xx_HAL_Driver/Src/stm32h7xx_hal_spi_ex.c **** @verbatim
  52:Drivers/STM32H7xx_HAL_Driver/Src/stm32h7xx_hal_spi_ex.c ****   ==============================================================================
  53:Drivers/STM32H7xx_HAL_Driver/Src/stm32h7xx_hal_spi_ex.c ****                       ##### IO operation functions #####
  54:Drivers/STM32H7xx_HAL_Driver/Src/stm32h7xx_hal_spi_ex.c ****  ===============================================================================
  55:Drivers/STM32H7xx_HAL_Driver/Src/stm32h7xx_hal_spi_ex.c ****  [..]
  56:Drivers/STM32H7xx_HAL_Driver/Src/stm32h7xx_hal_spi_ex.c ****     This subsection provides a set of extended functions to manage the SPI
  57:Drivers/STM32H7xx_HAL_Driver/Src/stm32h7xx_hal_spi_ex.c ****     data transfers.
  58:Drivers/STM32H7xx_HAL_Driver/Src/stm32h7xx_hal_spi_ex.c **** 
  59:Drivers/STM32H7xx_HAL_Driver/Src/stm32h7xx_hal_spi_ex.c ****     (#) SPIEx function:
  60:Drivers/STM32H7xx_HAL_Driver/Src/stm32h7xx_hal_spi_ex.c ****         (++) HAL_SPIEx_FlushRxFifo()
  61:Drivers/STM32H7xx_HAL_Driver/Src/stm32h7xx_hal_spi_ex.c ****         (++) HAL_SPIEx_FlushRxFifo()
  62:Drivers/STM32H7xx_HAL_Driver/Src/stm32h7xx_hal_spi_ex.c ****         (++) HAL_SPIEx_EnableLockConfiguration()
  63:Drivers/STM32H7xx_HAL_Driver/Src/stm32h7xx_hal_spi_ex.c ****         (++) HAL_SPIEx_ConfigureUnderrun()
  64:Drivers/STM32H7xx_HAL_Driver/Src/stm32h7xx_hal_spi_ex.c **** 
  65:Drivers/STM32H7xx_HAL_Driver/Src/stm32h7xx_hal_spi_ex.c **** @endverbatim
  66:Drivers/STM32H7xx_HAL_Driver/Src/stm32h7xx_hal_spi_ex.c ****   * @{
  67:Drivers/STM32H7xx_HAL_Driver/Src/stm32h7xx_hal_spi_ex.c ****   */
  68:Drivers/STM32H7xx_HAL_Driver/Src/stm32h7xx_hal_spi_ex.c **** 
  69:Drivers/STM32H7xx_HAL_Driver/Src/stm32h7xx_hal_spi_ex.c **** /**
  70:Drivers/STM32H7xx_HAL_Driver/Src/stm32h7xx_hal_spi_ex.c ****   * @brief Flush the RX fifo.
  71:Drivers/STM32H7xx_HAL_Driver/Src/stm32h7xx_hal_spi_ex.c ****   * @param  hspi: pointer to a SPI_HandleTypeDef structure that contains
  72:Drivers/STM32H7xx_HAL_Driver/Src/stm32h7xx_hal_spi_ex.c ****   *               the configuration information for the specified SPI module.
  73:Drivers/STM32H7xx_HAL_Driver/Src/stm32h7xx_hal_spi_ex.c ****   * @retval HAL status
  74:Drivers/STM32H7xx_HAL_Driver/Src/stm32h7xx_hal_spi_ex.c ****   */
  75:Drivers/STM32H7xx_HAL_Driver/Src/stm32h7xx_hal_spi_ex.c **** HAL_StatusTypeDef HAL_SPIEx_FlushRxFifo(const SPI_HandleTypeDef *hspi)
  76:Drivers/STM32H7xx_HAL_Driver/Src/stm32h7xx_hal_spi_ex.c **** {
  29              		.loc 1 76 1 view -0
  30              		.cfi_startproc
  31              		@ args = 0, pretend = 0, frame = 8
  32              		@ frame_needed = 0, uses_anonymous_args = 0
  33              		@ link register save eliminated.
  34              		.loc 1 76 1 is_stmt 0 view .LVU1
  35 0000 10B4     		push	{r4}
  36              		.cfi_def_cfa_offset 4
  37              		.cfi_offset 4, -4
  38 0002 83B0     		sub	sp, sp, #12
  39              		.cfi_def_cfa_offset 16
ARM GAS  C:\Users\28212\AppData\Local\Temp\ccATiZ0O.s 			page 3


  77:Drivers/STM32H7xx_HAL_Driver/Src/stm32h7xx_hal_spi_ex.c ****   uint8_t  count  = 0;
  40              		.loc 1 77 3 is_stmt 1 view .LVU2
  41              	.LVL1:
  78:Drivers/STM32H7xx_HAL_Driver/Src/stm32h7xx_hal_spi_ex.c ****   uint32_t itflag = hspi->Instance->SR;
  42              		.loc 1 78 3 view .LVU3
  43              		.loc 1 78 25 is_stmt 0 view .LVU4
  44 0004 0268     		ldr	r2, [r0]
  45              		.loc 1 78 12 view .LVU5
  46 0006 5469     		ldr	r4, [r2, #20]
  47              	.LVL2:
  79:Drivers/STM32H7xx_HAL_Driver/Src/stm32h7xx_hal_spi_ex.c ****   __IO uint32_t tmpreg;
  48              		.loc 1 79 3 is_stmt 1 view .LVU6
  80:Drivers/STM32H7xx_HAL_Driver/Src/stm32h7xx_hal_spi_ex.c **** 
  81:Drivers/STM32H7xx_HAL_Driver/Src/stm32h7xx_hal_spi_ex.c ****   while (((hspi->Instance->SR & SPI_FLAG_FRLVL) !=  SPI_RX_FIFO_0PACKET) || ((itflag & SPI_FLAG_RXW
  49              		.loc 1 81 3 view .LVU7
  77:Drivers/STM32H7xx_HAL_Driver/Src/stm32h7xx_hal_spi_ex.c ****   uint32_t itflag = hspi->Instance->SR;
  50              		.loc 1 77 12 is_stmt 0 view .LVU8
  51 0008 0023     		movs	r3, #0
  52              		.loc 1 81 9 view .LVU9
  53 000a 01E0     		b	.L2
  54              	.LVL3:
  55              	.L3:
  82:Drivers/STM32H7xx_HAL_Driver/Src/stm32h7xx_hal_spi_ex.c ****   {
  83:Drivers/STM32H7xx_HAL_Driver/Src/stm32h7xx_hal_spi_ex.c ****     count += (uint8_t)4UL;
  84:Drivers/STM32H7xx_HAL_Driver/Src/stm32h7xx_hal_spi_ex.c ****     tmpreg = hspi->Instance->RXDR;
  85:Drivers/STM32H7xx_HAL_Driver/Src/stm32h7xx_hal_spi_ex.c ****     UNUSED(tmpreg); /* To avoid GCC warning */
  86:Drivers/STM32H7xx_HAL_Driver/Src/stm32h7xx_hal_spi_ex.c **** 
  87:Drivers/STM32H7xx_HAL_Driver/Src/stm32h7xx_hal_spi_ex.c ****     if (IS_SPI_HIGHEND_INSTANCE(hspi->Instance))
  88:Drivers/STM32H7xx_HAL_Driver/Src/stm32h7xx_hal_spi_ex.c ****     {
  89:Drivers/STM32H7xx_HAL_Driver/Src/stm32h7xx_hal_spi_ex.c ****       if (count > SPI_HIGHEND_FIFO_SIZE)
  56              		.loc 1 89 7 is_stmt 1 view .LVU10
  57              		.loc 1 89 10 is_stmt 0 view .LVU11
  58 000c 102B     		cmp	r3, #16
  59 000e 1BD8     		bhi	.L10
  60              	.LVL4:
  61              	.L2:
  81:Drivers/STM32H7xx_HAL_Driver/Src/stm32h7xx_hal_spi_ex.c ****   {
  62              		.loc 1 81 9 is_stmt 1 view .LVU12
  81:Drivers/STM32H7xx_HAL_Driver/Src/stm32h7xx_hal_spi_ex.c ****   {
  63              		.loc 1 81 26 is_stmt 0 view .LVU13
  64 0010 5169     		ldr	r1, [r2, #20]
  81:Drivers/STM32H7xx_HAL_Driver/Src/stm32h7xx_hal_spi_ex.c ****   {
  65              		.loc 1 81 9 view .LVU14
  66 0012 11F4C04F 		tst	r1, #24576
  67 0016 02D1     		bne	.L6
  81:Drivers/STM32H7xx_HAL_Driver/Src/stm32h7xx_hal_spi_ex.c ****   {
  68              		.loc 1 81 74 discriminator 1 view .LVU15
  69 0018 14F4004F 		tst	r4, #32768
  70 001c 12D0     		beq	.L11
  71              	.L6:
  83:Drivers/STM32H7xx_HAL_Driver/Src/stm32h7xx_hal_spi_ex.c ****     tmpreg = hspi->Instance->RXDR;
  72              		.loc 1 83 5 is_stmt 1 view .LVU16
  83:Drivers/STM32H7xx_HAL_Driver/Src/stm32h7xx_hal_spi_ex.c ****     tmpreg = hspi->Instance->RXDR;
  73              		.loc 1 83 11 is_stmt 0 view .LVU17
  74 001e 0433     		adds	r3, r3, #4
  75              	.LVL5:
  83:Drivers/STM32H7xx_HAL_Driver/Src/stm32h7xx_hal_spi_ex.c ****     tmpreg = hspi->Instance->RXDR;
ARM GAS  C:\Users\28212\AppData\Local\Temp\ccATiZ0O.s 			page 4


  76              		.loc 1 83 11 view .LVU18
  77 0020 DBB2     		uxtb	r3, r3
  78              	.LVL6:
  84:Drivers/STM32H7xx_HAL_Driver/Src/stm32h7xx_hal_spi_ex.c ****     UNUSED(tmpreg); /* To avoid GCC warning */
  79              		.loc 1 84 5 is_stmt 1 view .LVU19
  84:Drivers/STM32H7xx_HAL_Driver/Src/stm32h7xx_hal_spi_ex.c ****     UNUSED(tmpreg); /* To avoid GCC warning */
  80              		.loc 1 84 28 is_stmt 0 view .LVU20
  81 0022 116B     		ldr	r1, [r2, #48]
  84:Drivers/STM32H7xx_HAL_Driver/Src/stm32h7xx_hal_spi_ex.c ****     UNUSED(tmpreg); /* To avoid GCC warning */
  82              		.loc 1 84 12 view .LVU21
  83 0024 0191     		str	r1, [sp, #4]
  85:Drivers/STM32H7xx_HAL_Driver/Src/stm32h7xx_hal_spi_ex.c **** 
  84              		.loc 1 85 5 is_stmt 1 view .LVU22
  85 0026 0199     		ldr	r1, [sp, #4]
  87:Drivers/STM32H7xx_HAL_Driver/Src/stm32h7xx_hal_spi_ex.c ****     {
  86              		.loc 1 87 5 view .LVU23
  87:Drivers/STM32H7xx_HAL_Driver/Src/stm32h7xx_hal_spi_ex.c ****     {
  87              		.loc 1 87 8 is_stmt 0 view .LVU24
  88 0028 0A48     		ldr	r0, .L12
  89 002a 0B49     		ldr	r1, .L12+4
  90 002c 8A42     		cmp	r2, r1
  91 002e 18BF     		it	ne
  92 0030 8242     		cmpne	r2, r0
  93 0032 EBD0     		beq	.L3
  87:Drivers/STM32H7xx_HAL_Driver/Src/stm32h7xx_hal_spi_ex.c ****     {
  94              		.loc 1 87 9 discriminator 1 view .LVU25
  95 0034 01F58061 		add	r1, r1, #1024
  96 0038 8A42     		cmp	r2, r1
  97 003a E7D0     		beq	.L3
  90:Drivers/STM32H7xx_HAL_Driver/Src/stm32h7xx_hal_spi_ex.c ****       {
  91:Drivers/STM32H7xx_HAL_Driver/Src/stm32h7xx_hal_spi_ex.c ****         return HAL_TIMEOUT;
  92:Drivers/STM32H7xx_HAL_Driver/Src/stm32h7xx_hal_spi_ex.c ****       }
  93:Drivers/STM32H7xx_HAL_Driver/Src/stm32h7xx_hal_spi_ex.c ****     }
  94:Drivers/STM32H7xx_HAL_Driver/Src/stm32h7xx_hal_spi_ex.c ****     else
  95:Drivers/STM32H7xx_HAL_Driver/Src/stm32h7xx_hal_spi_ex.c ****     {
  96:Drivers/STM32H7xx_HAL_Driver/Src/stm32h7xx_hal_spi_ex.c ****       if (count > SPI_LOWEND_FIFO_SIZE)
  98              		.loc 1 96 7 is_stmt 1 view .LVU26
  99              		.loc 1 96 10 is_stmt 0 view .LVU27
 100 003c 082B     		cmp	r3, #8
 101 003e E7D9     		bls	.L2
  97:Drivers/STM32H7xx_HAL_Driver/Src/stm32h7xx_hal_spi_ex.c ****       {
  98:Drivers/STM32H7xx_HAL_Driver/Src/stm32h7xx_hal_spi_ex.c ****         return HAL_TIMEOUT;
 102              		.loc 1 98 16 view .LVU28
 103 0040 0320     		movs	r0, #3
 104 0042 02E0     		b	.L5
 105              	.L11:
  99:Drivers/STM32H7xx_HAL_Driver/Src/stm32h7xx_hal_spi_ex.c ****       }
 100:Drivers/STM32H7xx_HAL_Driver/Src/stm32h7xx_hal_spi_ex.c ****     }
 101:Drivers/STM32H7xx_HAL_Driver/Src/stm32h7xx_hal_spi_ex.c ****   }
 102:Drivers/STM32H7xx_HAL_Driver/Src/stm32h7xx_hal_spi_ex.c ****   return HAL_OK;
 106              		.loc 1 102 10 view .LVU29
 107 0044 0020     		movs	r0, #0
 108 0046 00E0     		b	.L5
 109              	.L10:
  91:Drivers/STM32H7xx_HAL_Driver/Src/stm32h7xx_hal_spi_ex.c ****       }
 110              		.loc 1 91 16 view .LVU30
 111 0048 0320     		movs	r0, #3
ARM GAS  C:\Users\28212\AppData\Local\Temp\ccATiZ0O.s 			page 5


 112              	.L5:
 103:Drivers/STM32H7xx_HAL_Driver/Src/stm32h7xx_hal_spi_ex.c **** }
 113              		.loc 1 103 1 view .LVU31
 114 004a 03B0     		add	sp, sp, #12
 115              		.cfi_def_cfa_offset 4
 116              		@ sp needed
 117 004c 5DF8044B 		ldr	r4, [sp], #4
 118              		.cfi_restore 4
 119              		.cfi_def_cfa_offset 0
 120              	.LVL7:
 121              		.loc 1 103 1 view .LVU32
 122 0050 7047     		bx	lr
 123              	.L13:
 124 0052 00BF     		.align	2
 125              	.L12:
 126 0054 00300140 		.word	1073819648
 127 0058 00380040 		.word	1073756160
 128              		.cfi_endproc
 129              	.LFE144:
 131              		.section	.text.HAL_SPIEx_EnableLockConfiguration,"ax",%progbits
 132              		.align	1
 133              		.global	HAL_SPIEx_EnableLockConfiguration
 134              		.syntax unified
 135              		.thumb
 136              		.thumb_func
 138              	HAL_SPIEx_EnableLockConfiguration:
 139              	.LVL8:
 140              	.LFB145:
 104:Drivers/STM32H7xx_HAL_Driver/Src/stm32h7xx_hal_spi_ex.c **** 
 105:Drivers/STM32H7xx_HAL_Driver/Src/stm32h7xx_hal_spi_ex.c **** 
 106:Drivers/STM32H7xx_HAL_Driver/Src/stm32h7xx_hal_spi_ex.c **** /**
 107:Drivers/STM32H7xx_HAL_Driver/Src/stm32h7xx_hal_spi_ex.c ****   * @brief  Enable the Lock for the AF configuration of associated IOs
 108:Drivers/STM32H7xx_HAL_Driver/Src/stm32h7xx_hal_spi_ex.c ****   *         and write protect the Content of Configuration register 2
 109:Drivers/STM32H7xx_HAL_Driver/Src/stm32h7xx_hal_spi_ex.c ****   *         when SPI is enabled
 110:Drivers/STM32H7xx_HAL_Driver/Src/stm32h7xx_hal_spi_ex.c ****   * @param  hspi: pointer to a SPI_HandleTypeDef structure that contains
 111:Drivers/STM32H7xx_HAL_Driver/Src/stm32h7xx_hal_spi_ex.c ****   *               the configuration information for SPI module.
 112:Drivers/STM32H7xx_HAL_Driver/Src/stm32h7xx_hal_spi_ex.c ****   * @retval None
 113:Drivers/STM32H7xx_HAL_Driver/Src/stm32h7xx_hal_spi_ex.c ****   */
 114:Drivers/STM32H7xx_HAL_Driver/Src/stm32h7xx_hal_spi_ex.c **** HAL_StatusTypeDef HAL_SPIEx_EnableLockConfiguration(SPI_HandleTypeDef *hspi)
 115:Drivers/STM32H7xx_HAL_Driver/Src/stm32h7xx_hal_spi_ex.c **** {
 141              		.loc 1 115 1 is_stmt 1 view -0
 142              		.cfi_startproc
 143              		@ args = 0, pretend = 0, frame = 0
 144              		@ frame_needed = 0, uses_anonymous_args = 0
 145              		@ link register save eliminated.
 116:Drivers/STM32H7xx_HAL_Driver/Src/stm32h7xx_hal_spi_ex.c ****   HAL_StatusTypeDef errorcode = HAL_OK;
 146              		.loc 1 116 3 view .LVU34
 117:Drivers/STM32H7xx_HAL_Driver/Src/stm32h7xx_hal_spi_ex.c **** 
 118:Drivers/STM32H7xx_HAL_Driver/Src/stm32h7xx_hal_spi_ex.c ****   /* Process Locked */
 119:Drivers/STM32H7xx_HAL_Driver/Src/stm32h7xx_hal_spi_ex.c ****   __HAL_LOCK(hspi);
 147              		.loc 1 119 3 view .LVU35
 148              		.loc 1 119 3 view .LVU36
 149 0000 90F88030 		ldrb	r3, [r0, #128]	@ zero_extendqisi2
 150 0004 012B     		cmp	r3, #1
 151 0006 2FD0     		beq	.L19
 152              		.loc 1 119 3 discriminator 2 view .LVU37
 153 0008 0123     		movs	r3, #1
ARM GAS  C:\Users\28212\AppData\Local\Temp\ccATiZ0O.s 			page 6


 154 000a 80F88030 		strb	r3, [r0, #128]
 155              		.loc 1 119 3 discriminator 2 view .LVU38
 120:Drivers/STM32H7xx_HAL_Driver/Src/stm32h7xx_hal_spi_ex.c **** 
 121:Drivers/STM32H7xx_HAL_Driver/Src/stm32h7xx_hal_spi_ex.c ****   if (hspi->State != HAL_SPI_STATE_READY)
 156              		.loc 1 121 3 discriminator 2 view .LVU39
 157              		.loc 1 121 11 is_stmt 0 discriminator 2 view .LVU40
 158 000e 90F88130 		ldrb	r3, [r0, #129]	@ zero_extendqisi2
 159 0012 DBB2     		uxtb	r3, r3
 160              		.loc 1 121 6 discriminator 2 view .LVU41
 161 0014 012B     		cmp	r3, #1
 162 0016 10D1     		bne	.L20
 122:Drivers/STM32H7xx_HAL_Driver/Src/stm32h7xx_hal_spi_ex.c ****   {
 123:Drivers/STM32H7xx_HAL_Driver/Src/stm32h7xx_hal_spi_ex.c ****     errorcode = HAL_BUSY;
 124:Drivers/STM32H7xx_HAL_Driver/Src/stm32h7xx_hal_spi_ex.c ****     hspi->State = HAL_SPI_STATE_READY;
 125:Drivers/STM32H7xx_HAL_Driver/Src/stm32h7xx_hal_spi_ex.c ****     /* Process Unlocked */
 126:Drivers/STM32H7xx_HAL_Driver/Src/stm32h7xx_hal_spi_ex.c ****     __HAL_UNLOCK(hspi);
 127:Drivers/STM32H7xx_HAL_Driver/Src/stm32h7xx_hal_spi_ex.c ****     return errorcode;
 128:Drivers/STM32H7xx_HAL_Driver/Src/stm32h7xx_hal_spi_ex.c ****   }
 129:Drivers/STM32H7xx_HAL_Driver/Src/stm32h7xx_hal_spi_ex.c **** 
 130:Drivers/STM32H7xx_HAL_Driver/Src/stm32h7xx_hal_spi_ex.c ****   /* Check if the SPI is disabled to edit IOLOCK bit */
 131:Drivers/STM32H7xx_HAL_Driver/Src/stm32h7xx_hal_spi_ex.c ****   if ((hspi->Instance->CR1 & SPI_CR1_SPE) != SPI_CR1_SPE)
 163              		.loc 1 131 3 is_stmt 1 view .LVU42
 164              		.loc 1 131 12 is_stmt 0 view .LVU43
 165 0018 0368     		ldr	r3, [r0]
 166              		.loc 1 131 22 view .LVU44
 167 001a 1A68     		ldr	r2, [r3]
 168              		.loc 1 131 6 view .LVU45
 169 001c 12F0010F 		tst	r2, #1
 170 0020 13D1     		bne	.L17
 132:Drivers/STM32H7xx_HAL_Driver/Src/stm32h7xx_hal_spi_ex.c ****   {
 133:Drivers/STM32H7xx_HAL_Driver/Src/stm32h7xx_hal_spi_ex.c ****     SET_BIT(hspi->Instance->CR1, SPI_CR1_IOLOCK);
 171              		.loc 1 133 5 is_stmt 1 view .LVU46
 172 0022 1A68     		ldr	r2, [r3]
 173 0024 42F48032 		orr	r2, r2, #65536
 174 0028 1A60     		str	r2, [r3]
 175              	.L18:
 134:Drivers/STM32H7xx_HAL_Driver/Src/stm32h7xx_hal_spi_ex.c ****   }
 135:Drivers/STM32H7xx_HAL_Driver/Src/stm32h7xx_hal_spi_ex.c ****   else
 136:Drivers/STM32H7xx_HAL_Driver/Src/stm32h7xx_hal_spi_ex.c ****   {
 137:Drivers/STM32H7xx_HAL_Driver/Src/stm32h7xx_hal_spi_ex.c ****     /* Disable SPI peripheral */
 138:Drivers/STM32H7xx_HAL_Driver/Src/stm32h7xx_hal_spi_ex.c ****     __HAL_SPI_DISABLE(hspi);
 139:Drivers/STM32H7xx_HAL_Driver/Src/stm32h7xx_hal_spi_ex.c **** 
 140:Drivers/STM32H7xx_HAL_Driver/Src/stm32h7xx_hal_spi_ex.c ****     SET_BIT(hspi->Instance->CR1, SPI_CR1_IOLOCK);
 141:Drivers/STM32H7xx_HAL_Driver/Src/stm32h7xx_hal_spi_ex.c **** 
 142:Drivers/STM32H7xx_HAL_Driver/Src/stm32h7xx_hal_spi_ex.c ****     /* Enable SPI peripheral */
 143:Drivers/STM32H7xx_HAL_Driver/Src/stm32h7xx_hal_spi_ex.c ****     __HAL_SPI_ENABLE(hspi);
 144:Drivers/STM32H7xx_HAL_Driver/Src/stm32h7xx_hal_spi_ex.c ****   }
 145:Drivers/STM32H7xx_HAL_Driver/Src/stm32h7xx_hal_spi_ex.c **** 
 146:Drivers/STM32H7xx_HAL_Driver/Src/stm32h7xx_hal_spi_ex.c ****   hspi->State = HAL_SPI_STATE_READY;
 176              		.loc 1 146 3 view .LVU47
 177              		.loc 1 146 15 is_stmt 0 view .LVU48
 178 002a 0123     		movs	r3, #1
 179 002c 80F88130 		strb	r3, [r0, #129]
 147:Drivers/STM32H7xx_HAL_Driver/Src/stm32h7xx_hal_spi_ex.c ****   /* Process Unlocked */
 148:Drivers/STM32H7xx_HAL_Driver/Src/stm32h7xx_hal_spi_ex.c ****   __HAL_UNLOCK(hspi);
 180              		.loc 1 148 3 is_stmt 1 view .LVU49
 181              		.loc 1 148 3 view .LVU50
ARM GAS  C:\Users\28212\AppData\Local\Temp\ccATiZ0O.s 			page 7


 182 0030 0023     		movs	r3, #0
 183 0032 80F88030 		strb	r3, [r0, #128]
 184              		.loc 1 148 3 view .LVU51
 149:Drivers/STM32H7xx_HAL_Driver/Src/stm32h7xx_hal_spi_ex.c ****   return errorcode;
 185              		.loc 1 149 3 view .LVU52
 186              		.loc 1 149 10 is_stmt 0 view .LVU53
 187 0036 1846     		mov	r0, r3
 188              	.LVL9:
 189              		.loc 1 149 10 view .LVU54
 190 0038 7047     		bx	lr
 191              	.LVL10:
 192              	.L20:
 123:Drivers/STM32H7xx_HAL_Driver/Src/stm32h7xx_hal_spi_ex.c ****     hspi->State = HAL_SPI_STATE_READY;
 193              		.loc 1 123 5 is_stmt 1 view .LVU55
 124:Drivers/STM32H7xx_HAL_Driver/Src/stm32h7xx_hal_spi_ex.c ****     /* Process Unlocked */
 194              		.loc 1 124 5 view .LVU56
 124:Drivers/STM32H7xx_HAL_Driver/Src/stm32h7xx_hal_spi_ex.c ****     /* Process Unlocked */
 195              		.loc 1 124 17 is_stmt 0 view .LVU57
 196 003a 0123     		movs	r3, #1
 197 003c 80F88130 		strb	r3, [r0, #129]
 126:Drivers/STM32H7xx_HAL_Driver/Src/stm32h7xx_hal_spi_ex.c ****     return errorcode;
 198              		.loc 1 126 5 is_stmt 1 view .LVU58
 126:Drivers/STM32H7xx_HAL_Driver/Src/stm32h7xx_hal_spi_ex.c ****     return errorcode;
 199              		.loc 1 126 5 view .LVU59
 200 0040 0023     		movs	r3, #0
 201 0042 80F88030 		strb	r3, [r0, #128]
 126:Drivers/STM32H7xx_HAL_Driver/Src/stm32h7xx_hal_spi_ex.c ****     return errorcode;
 202              		.loc 1 126 5 view .LVU60
 127:Drivers/STM32H7xx_HAL_Driver/Src/stm32h7xx_hal_spi_ex.c ****   }
 203              		.loc 1 127 5 view .LVU61
 127:Drivers/STM32H7xx_HAL_Driver/Src/stm32h7xx_hal_spi_ex.c ****   }
 204              		.loc 1 127 12 is_stmt 0 view .LVU62
 205 0046 0220     		movs	r0, #2
 206              	.LVL11:
 127:Drivers/STM32H7xx_HAL_Driver/Src/stm32h7xx_hal_spi_ex.c ****   }
 207              		.loc 1 127 12 view .LVU63
 208 0048 7047     		bx	lr
 209              	.LVL12:
 210              	.L17:
 138:Drivers/STM32H7xx_HAL_Driver/Src/stm32h7xx_hal_spi_ex.c **** 
 211              		.loc 1 138 5 is_stmt 1 view .LVU64
 212 004a 1A68     		ldr	r2, [r3]
 213 004c 22F00102 		bic	r2, r2, #1
 214 0050 1A60     		str	r2, [r3]
 140:Drivers/STM32H7xx_HAL_Driver/Src/stm32h7xx_hal_spi_ex.c **** 
 215              		.loc 1 140 5 view .LVU65
 216 0052 0268     		ldr	r2, [r0]
 217 0054 1368     		ldr	r3, [r2]
 218 0056 43F48033 		orr	r3, r3, #65536
 219 005a 1360     		str	r3, [r2]
 143:Drivers/STM32H7xx_HAL_Driver/Src/stm32h7xx_hal_spi_ex.c ****   }
 220              		.loc 1 143 5 view .LVU66
 221 005c 0268     		ldr	r2, [r0]
 222 005e 1368     		ldr	r3, [r2]
 223 0060 43F00103 		orr	r3, r3, #1
 224 0064 1360     		str	r3, [r2]
 225 0066 E0E7     		b	.L18
ARM GAS  C:\Users\28212\AppData\Local\Temp\ccATiZ0O.s 			page 8


 226              	.L19:
 119:Drivers/STM32H7xx_HAL_Driver/Src/stm32h7xx_hal_spi_ex.c **** 
 227              		.loc 1 119 3 is_stmt 0 view .LVU67
 228 0068 0220     		movs	r0, #2
 229              	.LVL13:
 150:Drivers/STM32H7xx_HAL_Driver/Src/stm32h7xx_hal_spi_ex.c **** }
 230              		.loc 1 150 1 view .LVU68
 231 006a 7047     		bx	lr
 232              		.cfi_endproc
 233              	.LFE145:
 235              		.section	.text.HAL_SPIEx_ConfigureUnderrun,"ax",%progbits
 236              		.align	1
 237              		.global	HAL_SPIEx_ConfigureUnderrun
 238              		.syntax unified
 239              		.thumb
 240              		.thumb_func
 242              	HAL_SPIEx_ConfigureUnderrun:
 243              	.LVL14:
 244              	.LFB146:
 151:Drivers/STM32H7xx_HAL_Driver/Src/stm32h7xx_hal_spi_ex.c **** 
 152:Drivers/STM32H7xx_HAL_Driver/Src/stm32h7xx_hal_spi_ex.c **** /**
 153:Drivers/STM32H7xx_HAL_Driver/Src/stm32h7xx_hal_spi_ex.c ****   * @brief  Configure the UNDERRUN condition and behavior of slave transmitter.
 154:Drivers/STM32H7xx_HAL_Driver/Src/stm32h7xx_hal_spi_ex.c ****   * @param  hspi: pointer to a SPI_HandleTypeDef structure that contains
 155:Drivers/STM32H7xx_HAL_Driver/Src/stm32h7xx_hal_spi_ex.c ****   *               the configuration information for SPI module.
 156:Drivers/STM32H7xx_HAL_Driver/Src/stm32h7xx_hal_spi_ex.c ****   * @param  UnderrunDetection : Detection of underrun condition at slave transmitter
 157:Drivers/STM32H7xx_HAL_Driver/Src/stm32h7xx_hal_spi_ex.c ****   *                             This parameter can be a value of @ref SPI_Underrun_Detection.
 158:Drivers/STM32H7xx_HAL_Driver/Src/stm32h7xx_hal_spi_ex.c ****   * @param  UnderrunBehaviour : Behavior of slave transmitter at underrun condition
 159:Drivers/STM32H7xx_HAL_Driver/Src/stm32h7xx_hal_spi_ex.c ****   *                             This parameter can be a value of @ref SPI_Underrun_Behaviour.
 160:Drivers/STM32H7xx_HAL_Driver/Src/stm32h7xx_hal_spi_ex.c ****   * @retval None
 161:Drivers/STM32H7xx_HAL_Driver/Src/stm32h7xx_hal_spi_ex.c ****   */
 162:Drivers/STM32H7xx_HAL_Driver/Src/stm32h7xx_hal_spi_ex.c **** HAL_StatusTypeDef HAL_SPIEx_ConfigureUnderrun(SPI_HandleTypeDef *hspi, uint32_t UnderrunDetection,
 163:Drivers/STM32H7xx_HAL_Driver/Src/stm32h7xx_hal_spi_ex.c ****                                               uint32_t UnderrunBehaviour)
 164:Drivers/STM32H7xx_HAL_Driver/Src/stm32h7xx_hal_spi_ex.c **** {
 245              		.loc 1 164 1 is_stmt 1 view -0
 246              		.cfi_startproc
 247              		@ args = 0, pretend = 0, frame = 0
 248              		@ frame_needed = 0, uses_anonymous_args = 0
 249              		@ link register save eliminated.
 165:Drivers/STM32H7xx_HAL_Driver/Src/stm32h7xx_hal_spi_ex.c ****   HAL_StatusTypeDef errorcode = HAL_OK;
 250              		.loc 1 165 3 view .LVU70
 166:Drivers/STM32H7xx_HAL_Driver/Src/stm32h7xx_hal_spi_ex.c **** 
 167:Drivers/STM32H7xx_HAL_Driver/Src/stm32h7xx_hal_spi_ex.c ****   /* Process Locked */
 168:Drivers/STM32H7xx_HAL_Driver/Src/stm32h7xx_hal_spi_ex.c ****   __HAL_LOCK(hspi);
 251              		.loc 1 168 3 view .LVU71
 252              		.loc 1 168 3 view .LVU72
 253 0000 90F88030 		ldrb	r3, [r0, #128]	@ zero_extendqisi2
 254 0004 012B     		cmp	r3, #1
 255 0006 43D0     		beq	.L27
 256              		.loc 1 168 3 discriminator 2 view .LVU73
 257 0008 0123     		movs	r3, #1
 258 000a 80F88030 		strb	r3, [r0, #128]
 259              		.loc 1 168 3 discriminator 2 view .LVU74
 169:Drivers/STM32H7xx_HAL_Driver/Src/stm32h7xx_hal_spi_ex.c **** 
 170:Drivers/STM32H7xx_HAL_Driver/Src/stm32h7xx_hal_spi_ex.c ****   /* Check State and Insure that Underrun configuration is managed only by Salve */
 171:Drivers/STM32H7xx_HAL_Driver/Src/stm32h7xx_hal_spi_ex.c ****   if ((hspi->State != HAL_SPI_STATE_READY) || (hspi->Init.Mode != SPI_MODE_SLAVE))
 260              		.loc 1 171 3 discriminator 2 view .LVU75
 261              		.loc 1 171 12 is_stmt 0 discriminator 2 view .LVU76
ARM GAS  C:\Users\28212\AppData\Local\Temp\ccATiZ0O.s 			page 9


 262 000e 90F88130 		ldrb	r3, [r0, #129]	@ zero_extendqisi2
 263 0012 DBB2     		uxtb	r3, r3
 264              		.loc 1 171 6 discriminator 2 view .LVU77
 265 0014 012B     		cmp	r3, #1
 266 0016 1DD1     		bne	.L23
 267              		.loc 1 171 58 discriminator 1 view .LVU78
 268 0018 4368     		ldr	r3, [r0, #4]
 269              		.loc 1 171 44 discriminator 1 view .LVU79
 270 001a DBB9     		cbnz	r3, .L23
 164:Drivers/STM32H7xx_HAL_Driver/Src/stm32h7xx_hal_spi_ex.c ****   HAL_StatusTypeDef errorcode = HAL_OK;
 271              		.loc 1 164 1 view .LVU80
 272 001c 10B4     		push	{r4}
 273              		.cfi_def_cfa_offset 4
 274              		.cfi_offset 4, -4
 172:Drivers/STM32H7xx_HAL_Driver/Src/stm32h7xx_hal_spi_ex.c ****   {
 173:Drivers/STM32H7xx_HAL_Driver/Src/stm32h7xx_hal_spi_ex.c ****     errorcode = HAL_BUSY;
 174:Drivers/STM32H7xx_HAL_Driver/Src/stm32h7xx_hal_spi_ex.c ****     hspi->State = HAL_SPI_STATE_READY;
 175:Drivers/STM32H7xx_HAL_Driver/Src/stm32h7xx_hal_spi_ex.c ****     /* Process Unlocked */
 176:Drivers/STM32H7xx_HAL_Driver/Src/stm32h7xx_hal_spi_ex.c ****     __HAL_UNLOCK(hspi);
 177:Drivers/STM32H7xx_HAL_Driver/Src/stm32h7xx_hal_spi_ex.c ****     return errorcode;
 178:Drivers/STM32H7xx_HAL_Driver/Src/stm32h7xx_hal_spi_ex.c ****   }
 179:Drivers/STM32H7xx_HAL_Driver/Src/stm32h7xx_hal_spi_ex.c **** 
 180:Drivers/STM32H7xx_HAL_Driver/Src/stm32h7xx_hal_spi_ex.c ****   /* Check the parameters */
 181:Drivers/STM32H7xx_HAL_Driver/Src/stm32h7xx_hal_spi_ex.c ****   assert_param(IS_SPI_UNDERRUN_DETECTION(UnderrunDetection));
 275              		.loc 1 181 3 is_stmt 1 view .LVU81
 182:Drivers/STM32H7xx_HAL_Driver/Src/stm32h7xx_hal_spi_ex.c ****   assert_param(IS_SPI_UNDERRUN_BEHAVIOUR(UnderrunBehaviour));
 276              		.loc 1 182 3 view .LVU82
 183:Drivers/STM32H7xx_HAL_Driver/Src/stm32h7xx_hal_spi_ex.c **** 
 184:Drivers/STM32H7xx_HAL_Driver/Src/stm32h7xx_hal_spi_ex.c ****   /* Check if the SPI is disabled to edit CFG1 register */
 185:Drivers/STM32H7xx_HAL_Driver/Src/stm32h7xx_hal_spi_ex.c ****   if ((hspi->Instance->CR1 & SPI_CR1_SPE) != SPI_CR1_SPE)
 277              		.loc 1 185 3 view .LVU83
 278              		.loc 1 185 12 is_stmt 0 view .LVU84
 279 001e 0368     		ldr	r3, [r0]
 280              		.loc 1 185 22 view .LVU85
 281 0020 1C68     		ldr	r4, [r3]
 282              		.loc 1 185 6 view .LVU86
 283 0022 14F0010F 		tst	r4, #1
 284 0026 1DD1     		bne	.L25
 186:Drivers/STM32H7xx_HAL_Driver/Src/stm32h7xx_hal_spi_ex.c ****   {
 187:Drivers/STM32H7xx_HAL_Driver/Src/stm32h7xx_hal_spi_ex.c ****     /* Configure Underrun fields */
 188:Drivers/STM32H7xx_HAL_Driver/Src/stm32h7xx_hal_spi_ex.c ****     MODIFY_REG(hspi->Instance->CFG1, SPI_CFG1_UDRDET, UnderrunDetection);
 285              		.loc 1 188 5 is_stmt 1 view .LVU87
 286 0028 9C68     		ldr	r4, [r3, #8]
 287 002a 24F4C05C 		bic	ip, r4, #6144
 288 002e 4CEA0101 		orr	r1, ip, r1
 289              	.LVL15:
 290              		.loc 1 188 5 is_stmt 0 view .LVU88
 291 0032 9960     		str	r1, [r3, #8]
 189:Drivers/STM32H7xx_HAL_Driver/Src/stm32h7xx_hal_spi_ex.c ****     MODIFY_REG(hspi->Instance->CFG1, SPI_CFG1_UDRCFG, UnderrunBehaviour);
 292              		.loc 1 189 5 is_stmt 1 view .LVU89
 293 0034 0168     		ldr	r1, [r0]
 294 0036 8B68     		ldr	r3, [r1, #8]
 295 0038 23F4C063 		bic	r3, r3, #1536
 296 003c 1A43     		orrs	r2, r2, r3
 297              	.LVL16:
 298              		.loc 1 189 5 is_stmt 0 view .LVU90
 299 003e 8A60     		str	r2, [r1, #8]
ARM GAS  C:\Users\28212\AppData\Local\Temp\ccATiZ0O.s 			page 10


 300              	.L26:
 190:Drivers/STM32H7xx_HAL_Driver/Src/stm32h7xx_hal_spi_ex.c ****   }
 191:Drivers/STM32H7xx_HAL_Driver/Src/stm32h7xx_hal_spi_ex.c ****   else
 192:Drivers/STM32H7xx_HAL_Driver/Src/stm32h7xx_hal_spi_ex.c ****   {
 193:Drivers/STM32H7xx_HAL_Driver/Src/stm32h7xx_hal_spi_ex.c ****     /* Disable SPI peripheral */
 194:Drivers/STM32H7xx_HAL_Driver/Src/stm32h7xx_hal_spi_ex.c ****     __HAL_SPI_DISABLE(hspi);
 195:Drivers/STM32H7xx_HAL_Driver/Src/stm32h7xx_hal_spi_ex.c **** 
 196:Drivers/STM32H7xx_HAL_Driver/Src/stm32h7xx_hal_spi_ex.c ****     /* Configure Underrun fields */
 197:Drivers/STM32H7xx_HAL_Driver/Src/stm32h7xx_hal_spi_ex.c ****     MODIFY_REG(hspi->Instance->CFG1, SPI_CFG1_UDRDET, UnderrunDetection);
 198:Drivers/STM32H7xx_HAL_Driver/Src/stm32h7xx_hal_spi_ex.c ****     MODIFY_REG(hspi->Instance->CFG1, SPI_CFG1_UDRCFG, UnderrunBehaviour);
 199:Drivers/STM32H7xx_HAL_Driver/Src/stm32h7xx_hal_spi_ex.c **** 
 200:Drivers/STM32H7xx_HAL_Driver/Src/stm32h7xx_hal_spi_ex.c ****     /* Enable SPI peripheral */
 201:Drivers/STM32H7xx_HAL_Driver/Src/stm32h7xx_hal_spi_ex.c ****     __HAL_SPI_ENABLE(hspi);
 202:Drivers/STM32H7xx_HAL_Driver/Src/stm32h7xx_hal_spi_ex.c ****   }
 203:Drivers/STM32H7xx_HAL_Driver/Src/stm32h7xx_hal_spi_ex.c **** 
 204:Drivers/STM32H7xx_HAL_Driver/Src/stm32h7xx_hal_spi_ex.c **** 
 205:Drivers/STM32H7xx_HAL_Driver/Src/stm32h7xx_hal_spi_ex.c ****   hspi->State = HAL_SPI_STATE_READY;
 301              		.loc 1 205 3 is_stmt 1 view .LVU91
 302              		.loc 1 205 15 is_stmt 0 view .LVU92
 303 0040 0123     		movs	r3, #1
 304 0042 80F88130 		strb	r3, [r0, #129]
 206:Drivers/STM32H7xx_HAL_Driver/Src/stm32h7xx_hal_spi_ex.c ****   /* Process Unlocked */
 207:Drivers/STM32H7xx_HAL_Driver/Src/stm32h7xx_hal_spi_ex.c ****   __HAL_UNLOCK(hspi);
 305              		.loc 1 207 3 is_stmt 1 view .LVU93
 306              		.loc 1 207 3 view .LVU94
 307 0046 0023     		movs	r3, #0
 308 0048 80F88030 		strb	r3, [r0, #128]
 309              		.loc 1 207 3 view .LVU95
 208:Drivers/STM32H7xx_HAL_Driver/Src/stm32h7xx_hal_spi_ex.c ****   return errorcode;
 310              		.loc 1 208 3 view .LVU96
 311              		.loc 1 208 10 is_stmt 0 view .LVU97
 312 004c 1846     		mov	r0, r3
 313              	.LVL17:
 209:Drivers/STM32H7xx_HAL_Driver/Src/stm32h7xx_hal_spi_ex.c **** }
 314              		.loc 1 209 1 view .LVU98
 315 004e 5DF8044B 		ldr	r4, [sp], #4
 316              		.cfi_restore 4
 317              		.cfi_def_cfa_offset 0
 318 0052 7047     		bx	lr
 319              	.LVL18:
 320              	.L23:
 173:Drivers/STM32H7xx_HAL_Driver/Src/stm32h7xx_hal_spi_ex.c ****     hspi->State = HAL_SPI_STATE_READY;
 321              		.loc 1 173 5 is_stmt 1 view .LVU99
 174:Drivers/STM32H7xx_HAL_Driver/Src/stm32h7xx_hal_spi_ex.c ****     /* Process Unlocked */
 322              		.loc 1 174 5 view .LVU100
 174:Drivers/STM32H7xx_HAL_Driver/Src/stm32h7xx_hal_spi_ex.c ****     /* Process Unlocked */
 323              		.loc 1 174 17 is_stmt 0 view .LVU101
 324 0054 0123     		movs	r3, #1
 325 0056 80F88130 		strb	r3, [r0, #129]
 176:Drivers/STM32H7xx_HAL_Driver/Src/stm32h7xx_hal_spi_ex.c ****     return errorcode;
 326              		.loc 1 176 5 is_stmt 1 view .LVU102
 176:Drivers/STM32H7xx_HAL_Driver/Src/stm32h7xx_hal_spi_ex.c ****     return errorcode;
 327              		.loc 1 176 5 view .LVU103
 328 005a 0023     		movs	r3, #0
 329 005c 80F88030 		strb	r3, [r0, #128]
 176:Drivers/STM32H7xx_HAL_Driver/Src/stm32h7xx_hal_spi_ex.c ****     return errorcode;
 330              		.loc 1 176 5 view .LVU104
ARM GAS  C:\Users\28212\AppData\Local\Temp\ccATiZ0O.s 			page 11


 177:Drivers/STM32H7xx_HAL_Driver/Src/stm32h7xx_hal_spi_ex.c ****   }
 331              		.loc 1 177 5 view .LVU105
 177:Drivers/STM32H7xx_HAL_Driver/Src/stm32h7xx_hal_spi_ex.c ****   }
 332              		.loc 1 177 12 is_stmt 0 view .LVU106
 333 0060 0220     		movs	r0, #2
 334              	.LVL19:
 177:Drivers/STM32H7xx_HAL_Driver/Src/stm32h7xx_hal_spi_ex.c ****   }
 335              		.loc 1 177 12 view .LVU107
 336 0062 7047     		bx	lr
 337              	.LVL20:
 338              	.L25:
 339              		.cfi_def_cfa_offset 4
 340              		.cfi_offset 4, -4
 194:Drivers/STM32H7xx_HAL_Driver/Src/stm32h7xx_hal_spi_ex.c **** 
 341              		.loc 1 194 5 is_stmt 1 view .LVU108
 342 0064 1C68     		ldr	r4, [r3]
 343 0066 24F00104 		bic	r4, r4, #1
 344 006a 1C60     		str	r4, [r3]
 197:Drivers/STM32H7xx_HAL_Driver/Src/stm32h7xx_hal_spi_ex.c ****     MODIFY_REG(hspi->Instance->CFG1, SPI_CFG1_UDRCFG, UnderrunBehaviour);
 345              		.loc 1 197 5 view .LVU109
 346 006c 0468     		ldr	r4, [r0]
 347 006e A368     		ldr	r3, [r4, #8]
 348 0070 23F4C053 		bic	r3, r3, #6144
 349 0074 1943     		orrs	r1, r1, r3
 350              	.LVL21:
 197:Drivers/STM32H7xx_HAL_Driver/Src/stm32h7xx_hal_spi_ex.c ****     MODIFY_REG(hspi->Instance->CFG1, SPI_CFG1_UDRCFG, UnderrunBehaviour);
 351              		.loc 1 197 5 is_stmt 0 view .LVU110
 352 0076 A160     		str	r1, [r4, #8]
 198:Drivers/STM32H7xx_HAL_Driver/Src/stm32h7xx_hal_spi_ex.c **** 
 353              		.loc 1 198 5 is_stmt 1 view .LVU111
 354 0078 0168     		ldr	r1, [r0]
 355 007a 8B68     		ldr	r3, [r1, #8]
 356 007c 23F4C063 		bic	r3, r3, #1536
 357 0080 1A43     		orrs	r2, r2, r3
 358              	.LVL22:
 198:Drivers/STM32H7xx_HAL_Driver/Src/stm32h7xx_hal_spi_ex.c **** 
 359              		.loc 1 198 5 is_stmt 0 view .LVU112
 360 0082 8A60     		str	r2, [r1, #8]
 201:Drivers/STM32H7xx_HAL_Driver/Src/stm32h7xx_hal_spi_ex.c ****   }
 361              		.loc 1 201 5 is_stmt 1 view .LVU113
 362 0084 0268     		ldr	r2, [r0]
 363 0086 1368     		ldr	r3, [r2]
 364 0088 43F00103 		orr	r3, r3, #1
 365 008c 1360     		str	r3, [r2]
 366 008e D7E7     		b	.L26
 367              	.LVL23:
 368              	.L27:
 369              		.cfi_def_cfa_offset 0
 370              		.cfi_restore 4
 168:Drivers/STM32H7xx_HAL_Driver/Src/stm32h7xx_hal_spi_ex.c **** 
 371              		.loc 1 168 3 is_stmt 0 view .LVU114
 372 0090 0220     		movs	r0, #2
 373              	.LVL24:
 374              		.loc 1 209 1 view .LVU115
 375 0092 7047     		bx	lr
 376              		.cfi_endproc
 377              	.LFE146:
ARM GAS  C:\Users\28212\AppData\Local\Temp\ccATiZ0O.s 			page 12


 379              		.text
 380              	.Letext0:
 381              		.file 2 "d:\\gcc-arm-none-eabi-10.3-2021.10\\arm-none-eabi\\include\\machine\\_default_types.h"
 382              		.file 3 "d:\\gcc-arm-none-eabi-10.3-2021.10\\arm-none-eabi\\include\\sys\\_stdint.h"
 383              		.file 4 "Drivers/CMSIS/Device/ST/STM32H7xx/Include/stm32h723xx.h"
 384              		.file 5 "Drivers/STM32H7xx_HAL_Driver/Inc/stm32h7xx_hal_def.h"
 385              		.file 6 "Drivers/STM32H7xx_HAL_Driver/Inc/stm32h7xx_hal_dma.h"
 386              		.file 7 "Drivers/STM32H7xx_HAL_Driver/Inc/stm32h7xx_hal_spi.h"
ARM GAS  C:\Users\28212\AppData\Local\Temp\ccATiZ0O.s 			page 13


DEFINED SYMBOLS
                            *ABS*:00000000 stm32h7xx_hal_spi_ex.c
C:\Users\28212\AppData\Local\Temp\ccATiZ0O.s:19     .text.HAL_SPIEx_FlushRxFifo:00000000 $t
C:\Users\28212\AppData\Local\Temp\ccATiZ0O.s:25     .text.HAL_SPIEx_FlushRxFifo:00000000 HAL_SPIEx_FlushRxFifo
C:\Users\28212\AppData\Local\Temp\ccATiZ0O.s:126    .text.HAL_SPIEx_FlushRxFifo:00000054 $d
C:\Users\28212\AppData\Local\Temp\ccATiZ0O.s:132    .text.HAL_SPIEx_EnableLockConfiguration:00000000 $t
C:\Users\28212\AppData\Local\Temp\ccATiZ0O.s:138    .text.HAL_SPIEx_EnableLockConfiguration:00000000 HAL_SPIEx_EnableLockConfiguration
C:\Users\28212\AppData\Local\Temp\ccATiZ0O.s:236    .text.HAL_SPIEx_ConfigureUnderrun:00000000 $t
C:\Users\28212\AppData\Local\Temp\ccATiZ0O.s:242    .text.HAL_SPIEx_ConfigureUnderrun:00000000 HAL_SPIEx_ConfigureUnderrun

NO UNDEFINED SYMBOLS
